<?xml version="1.0" encoding="utf-8" ?>
<!DOCTYPE html PUBLIC "-//W3C//DTD XHTML 1.0 Strict//EN"
        "http://www.w3.org/TR/xhtml1/DTD/xhtml1-strict.dtd">
<html xmlns="http://www.w3.org/1999/xhtml" xml:lang="" lang="">
<head>
  <title>Test Results Report - getCountry</title>
  <meta http-equiv="Content-Type" content="text/html;charset=utf-8" />
  <meta name="description" content="TestNG unit test results." />
  <link href="reportng.css" rel="stylesheet" type="text/css" />
    <script type="text/javascript" src="reportng.js"></script>
</head>
<body>
<h1>getCountry</h1>
<p>
  Test duration: 25.318s
</p>



  <table class="resultsTable">
    <tr><th colspan="3" class="header failed">Failed Tests</th></tr>
          <tr>
        <td colspan="3" class="group">com.domoyun.testCase.MainStart</td>
      </tr>
            
<tr>
  <td class="method">
                  getCountry
      </td>
  <td class="duration">
    0.036s
  </td>
  <td class="result">
        
          <i>Method arguments: </i><span class="arguments">"32", "1", "", "LabelImage", "", "", "getCountry", 54, ""</span><br />
    
        

        <a href="javascript:toggleElement('exception-0', 'block')" title="Click to expand/collapse"><b>java.lang.AssertionError: expected [true] but found [false]</b></a><br />
    <div class="stackTrace" id="exception-0">
              org.testng.Assert.fail(Assert.java:94)<br />
              org.testng.Assert.failNotEquals(Assert.java:494)<br />
              org.testng.Assert.assertTrue(Assert.java:42)<br />
              org.testng.Assert.assertTrue(Assert.java:52)<br />
              com.domoyun.testCase.MainStart.getCountry(MainStart.java:70)<br />
              sun.reflect.GeneratedMethodAccessor19.invoke(Unknown Source)<br />
              sun.reflect.DelegatingMethodAccessorImpl.invoke(Unknown Source)<br />
              java.lang.reflect.Method.invoke(Unknown Source)<br />
              org.testng.internal.MethodInvocationHelper.invokeMethod(MethodInvocationHelper.java:84)<br />
              org.testng.internal.Invoker.invokeMethod(Invoker.java:714)<br />
              org.testng.internal.Invoker.invokeTestMethod(Invoker.java:901)<br />
              org.testng.internal.Invoker.invokeTestMethods(Invoker.java:1231)<br />
              org.testng.internal.TestMethodWorker.invokeTestMethods(TestMethodWorker.java:127)<br />
              org.testng.internal.TestMethodWorker.run(TestMethodWorker.java:111)<br />
              org.testng.TestRunner.privateRun(TestRunner.java:767)<br />
              org.testng.TestRunner.run(TestRunner.java:617)<br />
              org.testng.SuiteRunner.runTest(SuiteRunner.java:348)<br />
              org.testng.SuiteRunner.runSequentially(SuiteRunner.java:343)<br />
              org.testng.SuiteRunner.privateRun(SuiteRunner.java:305)<br />
              org.testng.SuiteRunner.run(SuiteRunner.java:254)<br />
              org.testng.SuiteRunnerWorker.runSuite(SuiteRunnerWorker.java:52)<br />
              org.testng.SuiteRunnerWorker.run(SuiteRunnerWorker.java:86)<br />
              org.testng.TestNG.runSuitesSequentially(TestNG.java:1224)<br />
              org.testng.TestNG.runSuitesLocally(TestNG.java:1149)<br />
              org.testng.TestNG.run(TestNG.java:1057)<br />
              org.testng.remote.RemoteTestNG.run(RemoteTestNG.java:111)<br />
              org.testng.remote.RemoteTestNG.initAndRun(RemoteTestNG.java:204)<br />
              org.testng.remote.RemoteTestNG.main(RemoteTestNG.java:175)<br />
                </div>
      </td>
</tr>
<tr>
  <td class="method">
                  getCountry
      </td>
  <td class="duration">
    0.011s
  </td>
  <td class="result">
        
          <i>Method arguments: </i><span class="arguments">"42", "1", "", "LabelImage", "", "", "getCountry", 54, ""</span><br />
    
        

        <a href="javascript:toggleElement('exception-1', 'block')" title="Click to expand/collapse"><b>java.lang.AssertionError: expected [true] but found [false]</b></a><br />
    <div class="stackTrace" id="exception-1">
              org.testng.Assert.fail(Assert.java:94)<br />
              org.testng.Assert.failNotEquals(Assert.java:494)<br />
              org.testng.Assert.assertTrue(Assert.java:42)<br />
              org.testng.Assert.assertTrue(Assert.java:52)<br />
              com.domoyun.testCase.MainStart.getCountry(MainStart.java:70)<br />
              sun.reflect.GeneratedMethodAccessor19.invoke(Unknown Source)<br />
              sun.reflect.DelegatingMethodAccessorImpl.invoke(Unknown Source)<br />
              java.lang.reflect.Method.invoke(Unknown Source)<br />
              org.testng.internal.MethodInvocationHelper.invokeMethod(MethodInvocationHelper.java:84)<br />
              org.testng.internal.Invoker.invokeMethod(Invoker.java:714)<br />
              org.testng.internal.Invoker.invokeTestMethod(Invoker.java:901)<br />
              org.testng.internal.Invoker.invokeTestMethods(Invoker.java:1231)<br />
              org.testng.internal.TestMethodWorker.invokeTestMethods(TestMethodWorker.java:127)<br />
              org.testng.internal.TestMethodWorker.run(TestMethodWorker.java:111)<br />
              org.testng.TestRunner.privateRun(TestRunner.java:767)<br />
              org.testng.TestRunner.run(TestRunner.java:617)<br />
              org.testng.SuiteRunner.runTest(SuiteRunner.java:348)<br />
              org.testng.SuiteRunner.runSequentially(SuiteRunner.java:343)<br />
              org.testng.SuiteRunner.privateRun(SuiteRunner.java:305)<br />
              org.testng.SuiteRunner.run(SuiteRunner.java:254)<br />
              org.testng.SuiteRunnerWorker.runSuite(SuiteRunnerWorker.java:52)<br />
              org.testng.SuiteRunnerWorker.run(SuiteRunnerWorker.java:86)<br />
              org.testng.TestNG.runSuitesSequentially(TestNG.java:1224)<br />
              org.testng.TestNG.runSuitesLocally(TestNG.java:1149)<br />
              org.testng.TestNG.run(TestNG.java:1057)<br />
              org.testng.remote.RemoteTestNG.run(RemoteTestNG.java:111)<br />
              org.testng.remote.RemoteTestNG.initAndRun(RemoteTestNG.java:204)<br />
              org.testng.remote.RemoteTestNG.main(RemoteTestNG.java:175)<br />
                </div>
      </td>
</tr>
<tr>
  <td class="method">
                  getCountry
      </td>
  <td class="duration">
    0.012s
  </td>
  <td class="result">
        
          <i>Method arguments: </i><span class="arguments">"31", "1", "", "LabelImage", "", "", "getCountry", 54, ""</span><br />
    
        

        <a href="javascript:toggleElement('exception-2', 'block')" title="Click to expand/collapse"><b>java.lang.AssertionError: expected [true] but found [false]</b></a><br />
    <div class="stackTrace" id="exception-2">
              org.testng.Assert.fail(Assert.java:94)<br />
              org.testng.Assert.failNotEquals(Assert.java:494)<br />
              org.testng.Assert.assertTrue(Assert.java:42)<br />
              org.testng.Assert.assertTrue(Assert.java:52)<br />
              com.domoyun.testCase.MainStart.getCountry(MainStart.java:70)<br />
              sun.reflect.GeneratedMethodAccessor19.invoke(Unknown Source)<br />
              sun.reflect.DelegatingMethodAccessorImpl.invoke(Unknown Source)<br />
              java.lang.reflect.Method.invoke(Unknown Source)<br />
              org.testng.internal.MethodInvocationHelper.invokeMethod(MethodInvocationHelper.java:84)<br />
              org.testng.internal.Invoker.invokeMethod(Invoker.java:714)<br />
              org.testng.internal.Invoker.invokeTestMethod(Invoker.java:901)<br />
              org.testng.internal.Invoker.invokeTestMethods(Invoker.java:1231)<br />
              org.testng.internal.TestMethodWorker.invokeTestMethods(TestMethodWorker.java:127)<br />
              org.testng.internal.TestMethodWorker.run(TestMethodWorker.java:111)<br />
              org.testng.TestRunner.privateRun(TestRunner.java:767)<br />
              org.testng.TestRunner.run(TestRunner.java:617)<br />
              org.testng.SuiteRunner.runTest(SuiteRunner.java:348)<br />
              org.testng.SuiteRunner.runSequentially(SuiteRunner.java:343)<br />
              org.testng.SuiteRunner.privateRun(SuiteRunner.java:305)<br />
              org.testng.SuiteRunner.run(SuiteRunner.java:254)<br />
              org.testng.SuiteRunnerWorker.runSuite(SuiteRunnerWorker.java:52)<br />
              org.testng.SuiteRunnerWorker.run(SuiteRunnerWorker.java:86)<br />
              org.testng.TestNG.runSuitesSequentially(TestNG.java:1224)<br />
              org.testng.TestNG.runSuitesLocally(TestNG.java:1149)<br />
              org.testng.TestNG.run(TestNG.java:1057)<br />
              org.testng.remote.RemoteTestNG.run(RemoteTestNG.java:111)<br />
              org.testng.remote.RemoteTestNG.initAndRun(RemoteTestNG.java:204)<br />
              org.testng.remote.RemoteTestNG.main(RemoteTestNG.java:175)<br />
                </div>
      </td>
</tr>
<tr>
  <td class="method">
                  getCountry
      </td>
  <td class="duration">
    0.057s
  </td>
  <td class="result">
        
          <i>Method arguments: </i><span class="arguments">"39", "1", "", "LabelImage", "", "", "getCountry", 54, ""</span><br />
    
        

        <a href="javascript:toggleElement('exception-3', 'block')" title="Click to expand/collapse"><b>java.lang.AssertionError: expected [true] but found [false]</b></a><br />
    <div class="stackTrace" id="exception-3">
              org.testng.Assert.fail(Assert.java:94)<br />
              org.testng.Assert.failNotEquals(Assert.java:494)<br />
              org.testng.Assert.assertTrue(Assert.java:42)<br />
              org.testng.Assert.assertTrue(Assert.java:52)<br />
              com.domoyun.testCase.MainStart.getCountry(MainStart.java:70)<br />
              sun.reflect.GeneratedMethodAccessor19.invoke(Unknown Source)<br />
              sun.reflect.DelegatingMethodAccessorImpl.invoke(Unknown Source)<br />
              java.lang.reflect.Method.invoke(Unknown Source)<br />
              org.testng.internal.MethodInvocationHelper.invokeMethod(MethodInvocationHelper.java:84)<br />
              org.testng.internal.Invoker.invokeMethod(Invoker.java:714)<br />
              org.testng.internal.Invoker.invokeTestMethod(Invoker.java:901)<br />
              org.testng.internal.Invoker.invokeTestMethods(Invoker.java:1231)<br />
              org.testng.internal.TestMethodWorker.invokeTestMethods(TestMethodWorker.java:127)<br />
              org.testng.internal.TestMethodWorker.run(TestMethodWorker.java:111)<br />
              org.testng.TestRunner.privateRun(TestRunner.java:767)<br />
              org.testng.TestRunner.run(TestRunner.java:617)<br />
              org.testng.SuiteRunner.runTest(SuiteRunner.java:348)<br />
              org.testng.SuiteRunner.runSequentially(SuiteRunner.java:343)<br />
              org.testng.SuiteRunner.privateRun(SuiteRunner.java:305)<br />
              org.testng.SuiteRunner.run(SuiteRunner.java:254)<br />
              org.testng.SuiteRunnerWorker.runSuite(SuiteRunnerWorker.java:52)<br />
              org.testng.SuiteRunnerWorker.run(SuiteRunnerWorker.java:86)<br />
              org.testng.TestNG.runSuitesSequentially(TestNG.java:1224)<br />
              org.testng.TestNG.runSuitesLocally(TestNG.java:1149)<br />
              org.testng.TestNG.run(TestNG.java:1057)<br />
              org.testng.remote.RemoteTestNG.run(RemoteTestNG.java:111)<br />
              org.testng.remote.RemoteTestNG.initAndRun(RemoteTestNG.java:204)<br />
              org.testng.remote.RemoteTestNG.main(RemoteTestNG.java:175)<br />
                </div>
      </td>
</tr>
<tr>
  <td class="method">
                  getCountry
      </td>
  <td class="duration">
    0.010s
  </td>
  <td class="result">
        
          <i>Method arguments: </i><span class="arguments">"25", "1", "", "LabelImage", "", "", "getCountry", 54, ""</span><br />
    
        

        <a href="javascript:toggleElement('exception-4', 'block')" title="Click to expand/collapse"><b>java.lang.AssertionError: expected [true] but found [false]</b></a><br />
    <div class="stackTrace" id="exception-4">
              org.testng.Assert.fail(Assert.java:94)<br />
              org.testng.Assert.failNotEquals(Assert.java:494)<br />
              org.testng.Assert.assertTrue(Assert.java:42)<br />
              org.testng.Assert.assertTrue(Assert.java:52)<br />
              com.domoyun.testCase.MainStart.getCountry(MainStart.java:70)<br />
              sun.reflect.GeneratedMethodAccessor19.invoke(Unknown Source)<br />
              sun.reflect.DelegatingMethodAccessorImpl.invoke(Unknown Source)<br />
              java.lang.reflect.Method.invoke(Unknown Source)<br />
              org.testng.internal.MethodInvocationHelper.invokeMethod(MethodInvocationHelper.java:84)<br />
              org.testng.internal.Invoker.invokeMethod(Invoker.java:714)<br />
              org.testng.internal.Invoker.invokeTestMethod(Invoker.java:901)<br />
              org.testng.internal.Invoker.invokeTestMethods(Invoker.java:1231)<br />
              org.testng.internal.TestMethodWorker.invokeTestMethods(TestMethodWorker.java:127)<br />
              org.testng.internal.TestMethodWorker.run(TestMethodWorker.java:111)<br />
              org.testng.TestRunner.privateRun(TestRunner.java:767)<br />
              org.testng.TestRunner.run(TestRunner.java:617)<br />
              org.testng.SuiteRunner.runTest(SuiteRunner.java:348)<br />
              org.testng.SuiteRunner.runSequentially(SuiteRunner.java:343)<br />
              org.testng.SuiteRunner.privateRun(SuiteRunner.java:305)<br />
              org.testng.SuiteRunner.run(SuiteRunner.java:254)<br />
              org.testng.SuiteRunnerWorker.runSuite(SuiteRunnerWorker.java:52)<br />
              org.testng.SuiteRunnerWorker.run(SuiteRunnerWorker.java:86)<br />
              org.testng.TestNG.runSuitesSequentially(TestNG.java:1224)<br />
              org.testng.TestNG.runSuitesLocally(TestNG.java:1149)<br />
              org.testng.TestNG.run(TestNG.java:1057)<br />
              org.testng.remote.RemoteTestNG.run(RemoteTestNG.java:111)<br />
              org.testng.remote.RemoteTestNG.initAndRun(RemoteTestNG.java:204)<br />
              org.testng.remote.RemoteTestNG.main(RemoteTestNG.java:175)<br />
                </div>
      </td>
</tr>
<tr>
  <td class="method">
                  getCountry
      </td>
  <td class="duration">
    0.008s
  </td>
  <td class="result">
        
          <i>Method arguments: </i><span class="arguments">"53", "1", "", "LabelImage", "", "", "getCountry", 54, ""</span><br />
    
        

        <a href="javascript:toggleElement('exception-5', 'block')" title="Click to expand/collapse"><b>java.lang.AssertionError: expected [true] but found [false]</b></a><br />
    <div class="stackTrace" id="exception-5">
              org.testng.Assert.fail(Assert.java:94)<br />
              org.testng.Assert.failNotEquals(Assert.java:494)<br />
              org.testng.Assert.assertTrue(Assert.java:42)<br />
              org.testng.Assert.assertTrue(Assert.java:52)<br />
              com.domoyun.testCase.MainStart.getCountry(MainStart.java:70)<br />
              sun.reflect.GeneratedMethodAccessor19.invoke(Unknown Source)<br />
              sun.reflect.DelegatingMethodAccessorImpl.invoke(Unknown Source)<br />
              java.lang.reflect.Method.invoke(Unknown Source)<br />
              org.testng.internal.MethodInvocationHelper.invokeMethod(MethodInvocationHelper.java:84)<br />
              org.testng.internal.Invoker.invokeMethod(Invoker.java:714)<br />
              org.testng.internal.Invoker.invokeTestMethod(Invoker.java:901)<br />
              org.testng.internal.Invoker.invokeTestMethods(Invoker.java:1231)<br />
              org.testng.internal.TestMethodWorker.invokeTestMethods(TestMethodWorker.java:127)<br />
              org.testng.internal.TestMethodWorker.run(TestMethodWorker.java:111)<br />
              org.testng.TestRunner.privateRun(TestRunner.java:767)<br />
              org.testng.TestRunner.run(TestRunner.java:617)<br />
              org.testng.SuiteRunner.runTest(SuiteRunner.java:348)<br />
              org.testng.SuiteRunner.runSequentially(SuiteRunner.java:343)<br />
              org.testng.SuiteRunner.privateRun(SuiteRunner.java:305)<br />
              org.testng.SuiteRunner.run(SuiteRunner.java:254)<br />
              org.testng.SuiteRunnerWorker.runSuite(SuiteRunnerWorker.java:52)<br />
              org.testng.SuiteRunnerWorker.run(SuiteRunnerWorker.java:86)<br />
              org.testng.TestNG.runSuitesSequentially(TestNG.java:1224)<br />
              org.testng.TestNG.runSuitesLocally(TestNG.java:1149)<br />
              org.testng.TestNG.run(TestNG.java:1057)<br />
              org.testng.remote.RemoteTestNG.run(RemoteTestNG.java:111)<br />
              org.testng.remote.RemoteTestNG.initAndRun(RemoteTestNG.java:204)<br />
              org.testng.remote.RemoteTestNG.main(RemoteTestNG.java:175)<br />
                </div>
      </td>
</tr>
<tr>
  <td class="method">
                  getCountry
      </td>
  <td class="duration">
    0.006s
  </td>
  <td class="result">
        
          <i>Method arguments: </i><span class="arguments">"45", "1", "", "LabelImage", "", "", "getCountry", 54, ""</span><br />
    
        

        <a href="javascript:toggleElement('exception-6', 'block')" title="Click to expand/collapse"><b>java.lang.AssertionError: expected [true] but found [false]</b></a><br />
    <div class="stackTrace" id="exception-6">
              org.testng.Assert.fail(Assert.java:94)<br />
              org.testng.Assert.failNotEquals(Assert.java:494)<br />
              org.testng.Assert.assertTrue(Assert.java:42)<br />
              org.testng.Assert.assertTrue(Assert.java:52)<br />
              com.domoyun.testCase.MainStart.getCountry(MainStart.java:70)<br />
              sun.reflect.GeneratedMethodAccessor19.invoke(Unknown Source)<br />
              sun.reflect.DelegatingMethodAccessorImpl.invoke(Unknown Source)<br />
              java.lang.reflect.Method.invoke(Unknown Source)<br />
              org.testng.internal.MethodInvocationHelper.invokeMethod(MethodInvocationHelper.java:84)<br />
              org.testng.internal.Invoker.invokeMethod(Invoker.java:714)<br />
              org.testng.internal.Invoker.invokeTestMethod(Invoker.java:901)<br />
              org.testng.internal.Invoker.invokeTestMethods(Invoker.java:1231)<br />
              org.testng.internal.TestMethodWorker.invokeTestMethods(TestMethodWorker.java:127)<br />
              org.testng.internal.TestMethodWorker.run(TestMethodWorker.java:111)<br />
              org.testng.TestRunner.privateRun(TestRunner.java:767)<br />
              org.testng.TestRunner.run(TestRunner.java:617)<br />
              org.testng.SuiteRunner.runTest(SuiteRunner.java:348)<br />
              org.testng.SuiteRunner.runSequentially(SuiteRunner.java:343)<br />
              org.testng.SuiteRunner.privateRun(SuiteRunner.java:305)<br />
              org.testng.SuiteRunner.run(SuiteRunner.java:254)<br />
              org.testng.SuiteRunnerWorker.runSuite(SuiteRunnerWorker.java:52)<br />
              org.testng.SuiteRunnerWorker.run(SuiteRunnerWorker.java:86)<br />
              org.testng.TestNG.runSuitesSequentially(TestNG.java:1224)<br />
              org.testng.TestNG.runSuitesLocally(TestNG.java:1149)<br />
              org.testng.TestNG.run(TestNG.java:1057)<br />
              org.testng.remote.RemoteTestNG.run(RemoteTestNG.java:111)<br />
              org.testng.remote.RemoteTestNG.initAndRun(RemoteTestNG.java:204)<br />
              org.testng.remote.RemoteTestNG.main(RemoteTestNG.java:175)<br />
                </div>
      </td>
</tr>
<tr>
  <td class="method">
                  getCountry
      </td>
  <td class="duration">
    0.018s
  </td>
  <td class="result">
        
          <i>Method arguments: </i><span class="arguments">"28", "1", "", "LabelImage", "", "", "getCountry", 54, ""</span><br />
    
        

        <a href="javascript:toggleElement('exception-7', 'block')" title="Click to expand/collapse"><b>java.lang.AssertionError: expected [true] but found [false]</b></a><br />
    <div class="stackTrace" id="exception-7">
              org.testng.Assert.fail(Assert.java:94)<br />
              org.testng.Assert.failNotEquals(Assert.java:494)<br />
              org.testng.Assert.assertTrue(Assert.java:42)<br />
              org.testng.Assert.assertTrue(Assert.java:52)<br />
              com.domoyun.testCase.MainStart.getCountry(MainStart.java:70)<br />
              sun.reflect.GeneratedMethodAccessor19.invoke(Unknown Source)<br />
              sun.reflect.DelegatingMethodAccessorImpl.invoke(Unknown Source)<br />
              java.lang.reflect.Method.invoke(Unknown Source)<br />
              org.testng.internal.MethodInvocationHelper.invokeMethod(MethodInvocationHelper.java:84)<br />
              org.testng.internal.Invoker.invokeMethod(Invoker.java:714)<br />
              org.testng.internal.Invoker.invokeTestMethod(Invoker.java:901)<br />
              org.testng.internal.Invoker.invokeTestMethods(Invoker.java:1231)<br />
              org.testng.internal.TestMethodWorker.invokeTestMethods(TestMethodWorker.java:127)<br />
              org.testng.internal.TestMethodWorker.run(TestMethodWorker.java:111)<br />
              org.testng.TestRunner.privateRun(TestRunner.java:767)<br />
              org.testng.TestRunner.run(TestRunner.java:617)<br />
              org.testng.SuiteRunner.runTest(SuiteRunner.java:348)<br />
              org.testng.SuiteRunner.runSequentially(SuiteRunner.java:343)<br />
              org.testng.SuiteRunner.privateRun(SuiteRunner.java:305)<br />
              org.testng.SuiteRunner.run(SuiteRunner.java:254)<br />
              org.testng.SuiteRunnerWorker.runSuite(SuiteRunnerWorker.java:52)<br />
              org.testng.SuiteRunnerWorker.run(SuiteRunnerWorker.java:86)<br />
              org.testng.TestNG.runSuitesSequentially(TestNG.java:1224)<br />
              org.testng.TestNG.runSuitesLocally(TestNG.java:1149)<br />
              org.testng.TestNG.run(TestNG.java:1057)<br />
              org.testng.remote.RemoteTestNG.run(RemoteTestNG.java:111)<br />
              org.testng.remote.RemoteTestNG.initAndRun(RemoteTestNG.java:204)<br />
              org.testng.remote.RemoteTestNG.main(RemoteTestNG.java:175)<br />
                </div>
      </td>
</tr>
<tr>
  <td class="method">
                  getCountry
      </td>
  <td class="duration">
    0.007s
  </td>
  <td class="result">
        
          <i>Method arguments: </i><span class="arguments">"33", "1", "", "LabelImage", "", "", "getCountry", 54, ""</span><br />
    
        

        <a href="javascript:toggleElement('exception-8', 'block')" title="Click to expand/collapse"><b>java.lang.AssertionError: expected [true] but found [false]</b></a><br />
    <div class="stackTrace" id="exception-8">
              org.testng.Assert.fail(Assert.java:94)<br />
              org.testng.Assert.failNotEquals(Assert.java:494)<br />
              org.testng.Assert.assertTrue(Assert.java:42)<br />
              org.testng.Assert.assertTrue(Assert.java:52)<br />
              com.domoyun.testCase.MainStart.getCountry(MainStart.java:70)<br />
              sun.reflect.GeneratedMethodAccessor19.invoke(Unknown Source)<br />
              sun.reflect.DelegatingMethodAccessorImpl.invoke(Unknown Source)<br />
              java.lang.reflect.Method.invoke(Unknown Source)<br />
              org.testng.internal.MethodInvocationHelper.invokeMethod(MethodInvocationHelper.java:84)<br />
              org.testng.internal.Invoker.invokeMethod(Invoker.java:714)<br />
              org.testng.internal.Invoker.invokeTestMethod(Invoker.java:901)<br />
              org.testng.internal.Invoker.invokeTestMethods(Invoker.java:1231)<br />
              org.testng.internal.TestMethodWorker.invokeTestMethods(TestMethodWorker.java:127)<br />
              org.testng.internal.TestMethodWorker.run(TestMethodWorker.java:111)<br />
              org.testng.TestRunner.privateRun(TestRunner.java:767)<br />
              org.testng.TestRunner.run(TestRunner.java:617)<br />
              org.testng.SuiteRunner.runTest(SuiteRunner.java:348)<br />
              org.testng.SuiteRunner.runSequentially(SuiteRunner.java:343)<br />
              org.testng.SuiteRunner.privateRun(SuiteRunner.java:305)<br />
              org.testng.SuiteRunner.run(SuiteRunner.java:254)<br />
              org.testng.SuiteRunnerWorker.runSuite(SuiteRunnerWorker.java:52)<br />
              org.testng.SuiteRunnerWorker.run(SuiteRunnerWorker.java:86)<br />
              org.testng.TestNG.runSuitesSequentially(TestNG.java:1224)<br />
              org.testng.TestNG.runSuitesLocally(TestNG.java:1149)<br />
              org.testng.TestNG.run(TestNG.java:1057)<br />
              org.testng.remote.RemoteTestNG.run(RemoteTestNG.java:111)<br />
              org.testng.remote.RemoteTestNG.initAndRun(RemoteTestNG.java:204)<br />
              org.testng.remote.RemoteTestNG.main(RemoteTestNG.java:175)<br />
                </div>
      </td>
</tr>
<tr>
  <td class="method">
                  getCountry
      </td>
  <td class="duration">
    0.022s
  </td>
  <td class="result">
        
          <i>Method arguments: </i><span class="arguments">"40", "1", "", "LabelImage", "", "", "getCountry", 54, ""</span><br />
    
        

        <a href="javascript:toggleElement('exception-9', 'block')" title="Click to expand/collapse"><b>java.lang.AssertionError: expected [true] but found [false]</b></a><br />
    <div class="stackTrace" id="exception-9">
              org.testng.Assert.fail(Assert.java:94)<br />
              org.testng.Assert.failNotEquals(Assert.java:494)<br />
              org.testng.Assert.assertTrue(Assert.java:42)<br />
              org.testng.Assert.assertTrue(Assert.java:52)<br />
              com.domoyun.testCase.MainStart.getCountry(MainStart.java:70)<br />
              sun.reflect.GeneratedMethodAccessor19.invoke(Unknown Source)<br />
              sun.reflect.DelegatingMethodAccessorImpl.invoke(Unknown Source)<br />
              java.lang.reflect.Method.invoke(Unknown Source)<br />
              org.testng.internal.MethodInvocationHelper.invokeMethod(MethodInvocationHelper.java:84)<br />
              org.testng.internal.Invoker.invokeMethod(Invoker.java:714)<br />
              org.testng.internal.Invoker.invokeTestMethod(Invoker.java:901)<br />
              org.testng.internal.Invoker.invokeTestMethods(Invoker.java:1231)<br />
              org.testng.internal.TestMethodWorker.invokeTestMethods(TestMethodWorker.java:127)<br />
              org.testng.internal.TestMethodWorker.run(TestMethodWorker.java:111)<br />
              org.testng.TestRunner.privateRun(TestRunner.java:767)<br />
              org.testng.TestRunner.run(TestRunner.java:617)<br />
              org.testng.SuiteRunner.runTest(SuiteRunner.java:348)<br />
              org.testng.SuiteRunner.runSequentially(SuiteRunner.java:343)<br />
              org.testng.SuiteRunner.privateRun(SuiteRunner.java:305)<br />
              org.testng.SuiteRunner.run(SuiteRunner.java:254)<br />
              org.testng.SuiteRunnerWorker.runSuite(SuiteRunnerWorker.java:52)<br />
              org.testng.SuiteRunnerWorker.run(SuiteRunnerWorker.java:86)<br />
              org.testng.TestNG.runSuitesSequentially(TestNG.java:1224)<br />
              org.testng.TestNG.runSuitesLocally(TestNG.java:1149)<br />
              org.testng.TestNG.run(TestNG.java:1057)<br />
              org.testng.remote.RemoteTestNG.run(RemoteTestNG.java:111)<br />
              org.testng.remote.RemoteTestNG.initAndRun(RemoteTestNG.java:204)<br />
              org.testng.remote.RemoteTestNG.main(RemoteTestNG.java:175)<br />
                </div>
      </td>
</tr>
<tr>
  <td class="method">
                  getCountry
      </td>
  <td class="duration">
    0.009s
  </td>
  <td class="result">
        
          <i>Method arguments: </i><span class="arguments">"36", "1", "", "LabelImage", "", "", "getCountry", 54, ""</span><br />
    
        

        <a href="javascript:toggleElement('exception-10', 'block')" title="Click to expand/collapse"><b>java.lang.AssertionError: expected [true] but found [false]</b></a><br />
    <div class="stackTrace" id="exception-10">
              org.testng.Assert.fail(Assert.java:94)<br />
              org.testng.Assert.failNotEquals(Assert.java:494)<br />
              org.testng.Assert.assertTrue(Assert.java:42)<br />
              org.testng.Assert.assertTrue(Assert.java:52)<br />
              com.domoyun.testCase.MainStart.getCountry(MainStart.java:70)<br />
              sun.reflect.GeneratedMethodAccessor19.invoke(Unknown Source)<br />
              sun.reflect.DelegatingMethodAccessorImpl.invoke(Unknown Source)<br />
              java.lang.reflect.Method.invoke(Unknown Source)<br />
              org.testng.internal.MethodInvocationHelper.invokeMethod(MethodInvocationHelper.java:84)<br />
              org.testng.internal.Invoker.invokeMethod(Invoker.java:714)<br />
              org.testng.internal.Invoker.invokeTestMethod(Invoker.java:901)<br />
              org.testng.internal.Invoker.invokeTestMethods(Invoker.java:1231)<br />
              org.testng.internal.TestMethodWorker.invokeTestMethods(TestMethodWorker.java:127)<br />
              org.testng.internal.TestMethodWorker.run(TestMethodWorker.java:111)<br />
              org.testng.TestRunner.privateRun(TestRunner.java:767)<br />
              org.testng.TestRunner.run(TestRunner.java:617)<br />
              org.testng.SuiteRunner.runTest(SuiteRunner.java:348)<br />
              org.testng.SuiteRunner.runSequentially(SuiteRunner.java:343)<br />
              org.testng.SuiteRunner.privateRun(SuiteRunner.java:305)<br />
              org.testng.SuiteRunner.run(SuiteRunner.java:254)<br />
              org.testng.SuiteRunnerWorker.runSuite(SuiteRunnerWorker.java:52)<br />
              org.testng.SuiteRunnerWorker.run(SuiteRunnerWorker.java:86)<br />
              org.testng.TestNG.runSuitesSequentially(TestNG.java:1224)<br />
              org.testng.TestNG.runSuitesLocally(TestNG.java:1149)<br />
              org.testng.TestNG.run(TestNG.java:1057)<br />
              org.testng.remote.RemoteTestNG.run(RemoteTestNG.java:111)<br />
              org.testng.remote.RemoteTestNG.initAndRun(RemoteTestNG.java:204)<br />
              org.testng.remote.RemoteTestNG.main(RemoteTestNG.java:175)<br />
                </div>
      </td>
</tr>
<tr>
  <td class="method">
                  getCountry
      </td>
  <td class="duration">
    0.011s
  </td>
  <td class="result">
        
          <i>Method arguments: </i><span class="arguments">"47", "1", "", "LabelImage", "", "", "getCountry", 54, ""</span><br />
    
        

        <a href="javascript:toggleElement('exception-11', 'block')" title="Click to expand/collapse"><b>java.lang.AssertionError: expected [true] but found [false]</b></a><br />
    <div class="stackTrace" id="exception-11">
              org.testng.Assert.fail(Assert.java:94)<br />
              org.testng.Assert.failNotEquals(Assert.java:494)<br />
              org.testng.Assert.assertTrue(Assert.java:42)<br />
              org.testng.Assert.assertTrue(Assert.java:52)<br />
              com.domoyun.testCase.MainStart.getCountry(MainStart.java:70)<br />
              sun.reflect.GeneratedMethodAccessor19.invoke(Unknown Source)<br />
              sun.reflect.DelegatingMethodAccessorImpl.invoke(Unknown Source)<br />
              java.lang.reflect.Method.invoke(Unknown Source)<br />
              org.testng.internal.MethodInvocationHelper.invokeMethod(MethodInvocationHelper.java:84)<br />
              org.testng.internal.Invoker.invokeMethod(Invoker.java:714)<br />
              org.testng.internal.Invoker.invokeTestMethod(Invoker.java:901)<br />
              org.testng.internal.Invoker.invokeTestMethods(Invoker.java:1231)<br />
              org.testng.internal.TestMethodWorker.invokeTestMethods(TestMethodWorker.java:127)<br />
              org.testng.internal.TestMethodWorker.run(TestMethodWorker.java:111)<br />
              org.testng.TestRunner.privateRun(TestRunner.java:767)<br />
              org.testng.TestRunner.run(TestRunner.java:617)<br />
              org.testng.SuiteRunner.runTest(SuiteRunner.java:348)<br />
              org.testng.SuiteRunner.runSequentially(SuiteRunner.java:343)<br />
              org.testng.SuiteRunner.privateRun(SuiteRunner.java:305)<br />
              org.testng.SuiteRunner.run(SuiteRunner.java:254)<br />
              org.testng.SuiteRunnerWorker.runSuite(SuiteRunnerWorker.java:52)<br />
              org.testng.SuiteRunnerWorker.run(SuiteRunnerWorker.java:86)<br />
              org.testng.TestNG.runSuitesSequentially(TestNG.java:1224)<br />
              org.testng.TestNG.runSuitesLocally(TestNG.java:1149)<br />
              org.testng.TestNG.run(TestNG.java:1057)<br />
              org.testng.remote.RemoteTestNG.run(RemoteTestNG.java:111)<br />
              org.testng.remote.RemoteTestNG.initAndRun(RemoteTestNG.java:204)<br />
              org.testng.remote.RemoteTestNG.main(RemoteTestNG.java:175)<br />
                </div>
      </td>
</tr>
<tr>
  <td class="method">
                  getCountry
      </td>
  <td class="duration">
    0.007s
  </td>
  <td class="result">
        
          <i>Method arguments: </i><span class="arguments">"51", "1", "", "LabelImage", "", "", "getCountry", 54, ""</span><br />
    
        

        <a href="javascript:toggleElement('exception-12', 'block')" title="Click to expand/collapse"><b>java.lang.AssertionError: expected [true] but found [false]</b></a><br />
    <div class="stackTrace" id="exception-12">
              org.testng.Assert.fail(Assert.java:94)<br />
              org.testng.Assert.failNotEquals(Assert.java:494)<br />
              org.testng.Assert.assertTrue(Assert.java:42)<br />
              org.testng.Assert.assertTrue(Assert.java:52)<br />
              com.domoyun.testCase.MainStart.getCountry(MainStart.java:70)<br />
              sun.reflect.GeneratedMethodAccessor19.invoke(Unknown Source)<br />
              sun.reflect.DelegatingMethodAccessorImpl.invoke(Unknown Source)<br />
              java.lang.reflect.Method.invoke(Unknown Source)<br />
              org.testng.internal.MethodInvocationHelper.invokeMethod(MethodInvocationHelper.java:84)<br />
              org.testng.internal.Invoker.invokeMethod(Invoker.java:714)<br />
              org.testng.internal.Invoker.invokeTestMethod(Invoker.java:901)<br />
              org.testng.internal.Invoker.invokeTestMethods(Invoker.java:1231)<br />
              org.testng.internal.TestMethodWorker.invokeTestMethods(TestMethodWorker.java:127)<br />
              org.testng.internal.TestMethodWorker.run(TestMethodWorker.java:111)<br />
              org.testng.TestRunner.privateRun(TestRunner.java:767)<br />
              org.testng.TestRunner.run(TestRunner.java:617)<br />
              org.testng.SuiteRunner.runTest(SuiteRunner.java:348)<br />
              org.testng.SuiteRunner.runSequentially(SuiteRunner.java:343)<br />
              org.testng.SuiteRunner.privateRun(SuiteRunner.java:305)<br />
              org.testng.SuiteRunner.run(SuiteRunner.java:254)<br />
              org.testng.SuiteRunnerWorker.runSuite(SuiteRunnerWorker.java:52)<br />
              org.testng.SuiteRunnerWorker.run(SuiteRunnerWorker.java:86)<br />
              org.testng.TestNG.runSuitesSequentially(TestNG.java:1224)<br />
              org.testng.TestNG.runSuitesLocally(TestNG.java:1149)<br />
              org.testng.TestNG.run(TestNG.java:1057)<br />
              org.testng.remote.RemoteTestNG.run(RemoteTestNG.java:111)<br />
              org.testng.remote.RemoteTestNG.initAndRun(RemoteTestNG.java:204)<br />
              org.testng.remote.RemoteTestNG.main(RemoteTestNG.java:175)<br />
                </div>
      </td>
</tr>
<tr>
  <td class="method">
                  getCountry
      </td>
  <td class="duration">
    0.009s
  </td>
  <td class="result">
        
          <i>Method arguments: </i><span class="arguments">"54", "1", "", "LabelImage", "", "", "getCountry", 54, ""</span><br />
    
        

        <a href="javascript:toggleElement('exception-13', 'block')" title="Click to expand/collapse"><b>java.lang.AssertionError: expected [true] but found [false]</b></a><br />
    <div class="stackTrace" id="exception-13">
              org.testng.Assert.fail(Assert.java:94)<br />
              org.testng.Assert.failNotEquals(Assert.java:494)<br />
              org.testng.Assert.assertTrue(Assert.java:42)<br />
              org.testng.Assert.assertTrue(Assert.java:52)<br />
              com.domoyun.testCase.MainStart.getCountry(MainStart.java:70)<br />
              sun.reflect.GeneratedMethodAccessor19.invoke(Unknown Source)<br />
              sun.reflect.DelegatingMethodAccessorImpl.invoke(Unknown Source)<br />
              java.lang.reflect.Method.invoke(Unknown Source)<br />
              org.testng.internal.MethodInvocationHelper.invokeMethod(MethodInvocationHelper.java:84)<br />
              org.testng.internal.Invoker.invokeMethod(Invoker.java:714)<br />
              org.testng.internal.Invoker.invokeTestMethod(Invoker.java:901)<br />
              org.testng.internal.Invoker.invokeTestMethods(Invoker.java:1231)<br />
              org.testng.internal.TestMethodWorker.invokeTestMethods(TestMethodWorker.java:127)<br />
              org.testng.internal.TestMethodWorker.run(TestMethodWorker.java:111)<br />
              org.testng.TestRunner.privateRun(TestRunner.java:767)<br />
              org.testng.TestRunner.run(TestRunner.java:617)<br />
              org.testng.SuiteRunner.runTest(SuiteRunner.java:348)<br />
              org.testng.SuiteRunner.runSequentially(SuiteRunner.java:343)<br />
              org.testng.SuiteRunner.privateRun(SuiteRunner.java:305)<br />
              org.testng.SuiteRunner.run(SuiteRunner.java:254)<br />
              org.testng.SuiteRunnerWorker.runSuite(SuiteRunnerWorker.java:52)<br />
              org.testng.SuiteRunnerWorker.run(SuiteRunnerWorker.java:86)<br />
              org.testng.TestNG.runSuitesSequentially(TestNG.java:1224)<br />
              org.testng.TestNG.runSuitesLocally(TestNG.java:1149)<br />
              org.testng.TestNG.run(TestNG.java:1057)<br />
              org.testng.remote.RemoteTestNG.run(RemoteTestNG.java:111)<br />
              org.testng.remote.RemoteTestNG.initAndRun(RemoteTestNG.java:204)<br />
              org.testng.remote.RemoteTestNG.main(RemoteTestNG.java:175)<br />
                </div>
      </td>
</tr>
<tr>
  <td class="method">
                  getCountry
      </td>
  <td class="duration">
    0.007s
  </td>
  <td class="result">
        
          <i>Method arguments: </i><span class="arguments">"43", "1", "", "LabelImage", "", "", "getCountry", 54, ""</span><br />
    
        

        <a href="javascript:toggleElement('exception-14', 'block')" title="Click to expand/collapse"><b>java.lang.AssertionError: expected [true] but found [false]</b></a><br />
    <div class="stackTrace" id="exception-14">
              org.testng.Assert.fail(Assert.java:94)<br />
              org.testng.Assert.failNotEquals(Assert.java:494)<br />
              org.testng.Assert.assertTrue(Assert.java:42)<br />
              org.testng.Assert.assertTrue(Assert.java:52)<br />
              com.domoyun.testCase.MainStart.getCountry(MainStart.java:70)<br />
              sun.reflect.GeneratedMethodAccessor19.invoke(Unknown Source)<br />
              sun.reflect.DelegatingMethodAccessorImpl.invoke(Unknown Source)<br />
              java.lang.reflect.Method.invoke(Unknown Source)<br />
              org.testng.internal.MethodInvocationHelper.invokeMethod(MethodInvocationHelper.java:84)<br />
              org.testng.internal.Invoker.invokeMethod(Invoker.java:714)<br />
              org.testng.internal.Invoker.invokeTestMethod(Invoker.java:901)<br />
              org.testng.internal.Invoker.invokeTestMethods(Invoker.java:1231)<br />
              org.testng.internal.TestMethodWorker.invokeTestMethods(TestMethodWorker.java:127)<br />
              org.testng.internal.TestMethodWorker.run(TestMethodWorker.java:111)<br />
              org.testng.TestRunner.privateRun(TestRunner.java:767)<br />
              org.testng.TestRunner.run(TestRunner.java:617)<br />
              org.testng.SuiteRunner.runTest(SuiteRunner.java:348)<br />
              org.testng.SuiteRunner.runSequentially(SuiteRunner.java:343)<br />
              org.testng.SuiteRunner.privateRun(SuiteRunner.java:305)<br />
              org.testng.SuiteRunner.run(SuiteRunner.java:254)<br />
              org.testng.SuiteRunnerWorker.runSuite(SuiteRunnerWorker.java:52)<br />
              org.testng.SuiteRunnerWorker.run(SuiteRunnerWorker.java:86)<br />
              org.testng.TestNG.runSuitesSequentially(TestNG.java:1224)<br />
              org.testng.TestNG.runSuitesLocally(TestNG.java:1149)<br />
              org.testng.TestNG.run(TestNG.java:1057)<br />
              org.testng.remote.RemoteTestNG.run(RemoteTestNG.java:111)<br />
              org.testng.remote.RemoteTestNG.initAndRun(RemoteTestNG.java:204)<br />
              org.testng.remote.RemoteTestNG.main(RemoteTestNG.java:175)<br />
                </div>
      </td>
</tr>
<tr>
  <td class="method">
                  getCountry
      </td>
  <td class="duration">
    0.030s
  </td>
  <td class="result">
        
          <i>Method arguments: </i><span class="arguments">"30", "1", "", "LabelImage", "", "", "getCountry", 54, ""</span><br />
    
        

        <a href="javascript:toggleElement('exception-15', 'block')" title="Click to expand/collapse"><b>java.lang.AssertionError: expected [true] but found [false]</b></a><br />
    <div class="stackTrace" id="exception-15">
              org.testng.Assert.fail(Assert.java:94)<br />
              org.testng.Assert.failNotEquals(Assert.java:494)<br />
              org.testng.Assert.assertTrue(Assert.java:42)<br />
              org.testng.Assert.assertTrue(Assert.java:52)<br />
              com.domoyun.testCase.MainStart.getCountry(MainStart.java:70)<br />
              sun.reflect.GeneratedMethodAccessor19.invoke(Unknown Source)<br />
              sun.reflect.DelegatingMethodAccessorImpl.invoke(Unknown Source)<br />
              java.lang.reflect.Method.invoke(Unknown Source)<br />
              org.testng.internal.MethodInvocationHelper.invokeMethod(MethodInvocationHelper.java:84)<br />
              org.testng.internal.Invoker.invokeMethod(Invoker.java:714)<br />
              org.testng.internal.Invoker.invokeTestMethod(Invoker.java:901)<br />
              org.testng.internal.Invoker.invokeTestMethods(Invoker.java:1231)<br />
              org.testng.internal.TestMethodWorker.invokeTestMethods(TestMethodWorker.java:127)<br />
              org.testng.internal.TestMethodWorker.run(TestMethodWorker.java:111)<br />
              org.testng.TestRunner.privateRun(TestRunner.java:767)<br />
              org.testng.TestRunner.run(TestRunner.java:617)<br />
              org.testng.SuiteRunner.runTest(SuiteRunner.java:348)<br />
              org.testng.SuiteRunner.runSequentially(SuiteRunner.java:343)<br />
              org.testng.SuiteRunner.privateRun(SuiteRunner.java:305)<br />
              org.testng.SuiteRunner.run(SuiteRunner.java:254)<br />
              org.testng.SuiteRunnerWorker.runSuite(SuiteRunnerWorker.java:52)<br />
              org.testng.SuiteRunnerWorker.run(SuiteRunnerWorker.java:86)<br />
              org.testng.TestNG.runSuitesSequentially(TestNG.java:1224)<br />
              org.testng.TestNG.runSuitesLocally(TestNG.java:1149)<br />
              org.testng.TestNG.run(TestNG.java:1057)<br />
              org.testng.remote.RemoteTestNG.run(RemoteTestNG.java:111)<br />
              org.testng.remote.RemoteTestNG.initAndRun(RemoteTestNG.java:204)<br />
              org.testng.remote.RemoteTestNG.main(RemoteTestNG.java:175)<br />
                </div>
      </td>
</tr>
<tr>
  <td class="method">
                  getCountry
      </td>
  <td class="duration">
    0.007s
  </td>
  <td class="result">
        
          <i>Method arguments: </i><span class="arguments">"44", "1", "", "LabelImage", "", "", "getCountry", 54, ""</span><br />
    
        

        <a href="javascript:toggleElement('exception-16', 'block')" title="Click to expand/collapse"><b>java.lang.AssertionError: expected [true] but found [false]</b></a><br />
    <div class="stackTrace" id="exception-16">
              org.testng.Assert.fail(Assert.java:94)<br />
              org.testng.Assert.failNotEquals(Assert.java:494)<br />
              org.testng.Assert.assertTrue(Assert.java:42)<br />
              org.testng.Assert.assertTrue(Assert.java:52)<br />
              com.domoyun.testCase.MainStart.getCountry(MainStart.java:70)<br />
              sun.reflect.GeneratedMethodAccessor19.invoke(Unknown Source)<br />
              sun.reflect.DelegatingMethodAccessorImpl.invoke(Unknown Source)<br />
              java.lang.reflect.Method.invoke(Unknown Source)<br />
              org.testng.internal.MethodInvocationHelper.invokeMethod(MethodInvocationHelper.java:84)<br />
              org.testng.internal.Invoker.invokeMethod(Invoker.java:714)<br />
              org.testng.internal.Invoker.invokeTestMethod(Invoker.java:901)<br />
              org.testng.internal.Invoker.invokeTestMethods(Invoker.java:1231)<br />
              org.testng.internal.TestMethodWorker.invokeTestMethods(TestMethodWorker.java:127)<br />
              org.testng.internal.TestMethodWorker.run(TestMethodWorker.java:111)<br />
              org.testng.TestRunner.privateRun(TestRunner.java:767)<br />
              org.testng.TestRunner.run(TestRunner.java:617)<br />
              org.testng.SuiteRunner.runTest(SuiteRunner.java:348)<br />
              org.testng.SuiteRunner.runSequentially(SuiteRunner.java:343)<br />
              org.testng.SuiteRunner.privateRun(SuiteRunner.java:305)<br />
              org.testng.SuiteRunner.run(SuiteRunner.java:254)<br />
              org.testng.SuiteRunnerWorker.runSuite(SuiteRunnerWorker.java:52)<br />
              org.testng.SuiteRunnerWorker.run(SuiteRunnerWorker.java:86)<br />
              org.testng.TestNG.runSuitesSequentially(TestNG.java:1224)<br />
              org.testng.TestNG.runSuitesLocally(TestNG.java:1149)<br />
              org.testng.TestNG.run(TestNG.java:1057)<br />
              org.testng.remote.RemoteTestNG.run(RemoteTestNG.java:111)<br />
              org.testng.remote.RemoteTestNG.initAndRun(RemoteTestNG.java:204)<br />
              org.testng.remote.RemoteTestNG.main(RemoteTestNG.java:175)<br />
                </div>
      </td>
</tr>
<tr>
  <td class="method">
                  getCountry
      </td>
  <td class="duration">
    0.007s
  </td>
  <td class="result">
        
          <i>Method arguments: </i><span class="arguments">"52", "1", "", "LabelImage", "", "", "getCountry", 54, ""</span><br />
    
        

        <a href="javascript:toggleElement('exception-17', 'block')" title="Click to expand/collapse"><b>java.lang.AssertionError: expected [true] but found [false]</b></a><br />
    <div class="stackTrace" id="exception-17">
              org.testng.Assert.fail(Assert.java:94)<br />
              org.testng.Assert.failNotEquals(Assert.java:494)<br />
              org.testng.Assert.assertTrue(Assert.java:42)<br />
              org.testng.Assert.assertTrue(Assert.java:52)<br />
              com.domoyun.testCase.MainStart.getCountry(MainStart.java:70)<br />
              sun.reflect.GeneratedMethodAccessor19.invoke(Unknown Source)<br />
              sun.reflect.DelegatingMethodAccessorImpl.invoke(Unknown Source)<br />
              java.lang.reflect.Method.invoke(Unknown Source)<br />
              org.testng.internal.MethodInvocationHelper.invokeMethod(MethodInvocationHelper.java:84)<br />
              org.testng.internal.Invoker.invokeMethod(Invoker.java:714)<br />
              org.testng.internal.Invoker.invokeTestMethod(Invoker.java:901)<br />
              org.testng.internal.Invoker.invokeTestMethods(Invoker.java:1231)<br />
              org.testng.internal.TestMethodWorker.invokeTestMethods(TestMethodWorker.java:127)<br />
              org.testng.internal.TestMethodWorker.run(TestMethodWorker.java:111)<br />
              org.testng.TestRunner.privateRun(TestRunner.java:767)<br />
              org.testng.TestRunner.run(TestRunner.java:617)<br />
              org.testng.SuiteRunner.runTest(SuiteRunner.java:348)<br />
              org.testng.SuiteRunner.runSequentially(SuiteRunner.java:343)<br />
              org.testng.SuiteRunner.privateRun(SuiteRunner.java:305)<br />
              org.testng.SuiteRunner.run(SuiteRunner.java:254)<br />
              org.testng.SuiteRunnerWorker.runSuite(SuiteRunnerWorker.java:52)<br />
              org.testng.SuiteRunnerWorker.run(SuiteRunnerWorker.java:86)<br />
              org.testng.TestNG.runSuitesSequentially(TestNG.java:1224)<br />
              org.testng.TestNG.runSuitesLocally(TestNG.java:1149)<br />
              org.testng.TestNG.run(TestNG.java:1057)<br />
              org.testng.remote.RemoteTestNG.run(RemoteTestNG.java:111)<br />
              org.testng.remote.RemoteTestNG.initAndRun(RemoteTestNG.java:204)<br />
              org.testng.remote.RemoteTestNG.main(RemoteTestNG.java:175)<br />
                </div>
      </td>
</tr>
<tr>
  <td class="method">
                  getCountry
      </td>
  <td class="duration">
    0.025s
  </td>
  <td class="result">
        
          <i>Method arguments: </i><span class="arguments">"23", "1", "", "LabelImage", "", "", "getCountry", 54, ""</span><br />
    
        

        <a href="javascript:toggleElement('exception-18', 'block')" title="Click to expand/collapse"><b>java.lang.AssertionError: expected [true] but found [false]</b></a><br />
    <div class="stackTrace" id="exception-18">
              org.testng.Assert.fail(Assert.java:94)<br />
              org.testng.Assert.failNotEquals(Assert.java:494)<br />
              org.testng.Assert.assertTrue(Assert.java:42)<br />
              org.testng.Assert.assertTrue(Assert.java:52)<br />
              com.domoyun.testCase.MainStart.getCountry(MainStart.java:70)<br />
              sun.reflect.GeneratedMethodAccessor19.invoke(Unknown Source)<br />
              sun.reflect.DelegatingMethodAccessorImpl.invoke(Unknown Source)<br />
              java.lang.reflect.Method.invoke(Unknown Source)<br />
              org.testng.internal.MethodInvocationHelper.invokeMethod(MethodInvocationHelper.java:84)<br />
              org.testng.internal.Invoker.invokeMethod(Invoker.java:714)<br />
              org.testng.internal.Invoker.invokeTestMethod(Invoker.java:901)<br />
              org.testng.internal.Invoker.invokeTestMethods(Invoker.java:1231)<br />
              org.testng.internal.TestMethodWorker.invokeTestMethods(TestMethodWorker.java:127)<br />
              org.testng.internal.TestMethodWorker.run(TestMethodWorker.java:111)<br />
              org.testng.TestRunner.privateRun(TestRunner.java:767)<br />
              org.testng.TestRunner.run(TestRunner.java:617)<br />
              org.testng.SuiteRunner.runTest(SuiteRunner.java:348)<br />
              org.testng.SuiteRunner.runSequentially(SuiteRunner.java:343)<br />
              org.testng.SuiteRunner.privateRun(SuiteRunner.java:305)<br />
              org.testng.SuiteRunner.run(SuiteRunner.java:254)<br />
              org.testng.SuiteRunnerWorker.runSuite(SuiteRunnerWorker.java:52)<br />
              org.testng.SuiteRunnerWorker.run(SuiteRunnerWorker.java:86)<br />
              org.testng.TestNG.runSuitesSequentially(TestNG.java:1224)<br />
              org.testng.TestNG.runSuitesLocally(TestNG.java:1149)<br />
              org.testng.TestNG.run(TestNG.java:1057)<br />
              org.testng.remote.RemoteTestNG.run(RemoteTestNG.java:111)<br />
              org.testng.remote.RemoteTestNG.initAndRun(RemoteTestNG.java:204)<br />
              org.testng.remote.RemoteTestNG.main(RemoteTestNG.java:175)<br />
                </div>
      </td>
</tr>
<tr>
  <td class="method">
                  getCountry
      </td>
  <td class="duration">
    0.008s
  </td>
  <td class="result">
        
          <i>Method arguments: </i><span class="arguments">"24", "1", "", "LabelImage", "", "", "getCountry", 54, ""</span><br />
    
        

        <a href="javascript:toggleElement('exception-19', 'block')" title="Click to expand/collapse"><b>java.lang.AssertionError: expected [true] but found [false]</b></a><br />
    <div class="stackTrace" id="exception-19">
              org.testng.Assert.fail(Assert.java:94)<br />
              org.testng.Assert.failNotEquals(Assert.java:494)<br />
              org.testng.Assert.assertTrue(Assert.java:42)<br />
              org.testng.Assert.assertTrue(Assert.java:52)<br />
              com.domoyun.testCase.MainStart.getCountry(MainStart.java:70)<br />
              sun.reflect.GeneratedMethodAccessor19.invoke(Unknown Source)<br />
              sun.reflect.DelegatingMethodAccessorImpl.invoke(Unknown Source)<br />
              java.lang.reflect.Method.invoke(Unknown Source)<br />
              org.testng.internal.MethodInvocationHelper.invokeMethod(MethodInvocationHelper.java:84)<br />
              org.testng.internal.Invoker.invokeMethod(Invoker.java:714)<br />
              org.testng.internal.Invoker.invokeTestMethod(Invoker.java:901)<br />
              org.testng.internal.Invoker.invokeTestMethods(Invoker.java:1231)<br />
              org.testng.internal.TestMethodWorker.invokeTestMethods(TestMethodWorker.java:127)<br />
              org.testng.internal.TestMethodWorker.run(TestMethodWorker.java:111)<br />
              org.testng.TestRunner.privateRun(TestRunner.java:767)<br />
              org.testng.TestRunner.run(TestRunner.java:617)<br />
              org.testng.SuiteRunner.runTest(SuiteRunner.java:348)<br />
              org.testng.SuiteRunner.runSequentially(SuiteRunner.java:343)<br />
              org.testng.SuiteRunner.privateRun(SuiteRunner.java:305)<br />
              org.testng.SuiteRunner.run(SuiteRunner.java:254)<br />
              org.testng.SuiteRunnerWorker.runSuite(SuiteRunnerWorker.java:52)<br />
              org.testng.SuiteRunnerWorker.run(SuiteRunnerWorker.java:86)<br />
              org.testng.TestNG.runSuitesSequentially(TestNG.java:1224)<br />
              org.testng.TestNG.runSuitesLocally(TestNG.java:1149)<br />
              org.testng.TestNG.run(TestNG.java:1057)<br />
              org.testng.remote.RemoteTestNG.run(RemoteTestNG.java:111)<br />
              org.testng.remote.RemoteTestNG.initAndRun(RemoteTestNG.java:204)<br />
              org.testng.remote.RemoteTestNG.main(RemoteTestNG.java:175)<br />
                </div>
      </td>
</tr>
<tr>
  <td class="method">
                  getCountry
      </td>
  <td class="duration">
    0.011s
  </td>
  <td class="result">
        
          <i>Method arguments: </i><span class="arguments">"34", "1", "", "LabelImage", "", "", "getCountry", 54, ""</span><br />
    
        

        <a href="javascript:toggleElement('exception-20', 'block')" title="Click to expand/collapse"><b>java.lang.AssertionError: expected [true] but found [false]</b></a><br />
    <div class="stackTrace" id="exception-20">
              org.testng.Assert.fail(Assert.java:94)<br />
              org.testng.Assert.failNotEquals(Assert.java:494)<br />
              org.testng.Assert.assertTrue(Assert.java:42)<br />
              org.testng.Assert.assertTrue(Assert.java:52)<br />
              com.domoyun.testCase.MainStart.getCountry(MainStart.java:70)<br />
              sun.reflect.GeneratedMethodAccessor19.invoke(Unknown Source)<br />
              sun.reflect.DelegatingMethodAccessorImpl.invoke(Unknown Source)<br />
              java.lang.reflect.Method.invoke(Unknown Source)<br />
              org.testng.internal.MethodInvocationHelper.invokeMethod(MethodInvocationHelper.java:84)<br />
              org.testng.internal.Invoker.invokeMethod(Invoker.java:714)<br />
              org.testng.internal.Invoker.invokeTestMethod(Invoker.java:901)<br />
              org.testng.internal.Invoker.invokeTestMethods(Invoker.java:1231)<br />
              org.testng.internal.TestMethodWorker.invokeTestMethods(TestMethodWorker.java:127)<br />
              org.testng.internal.TestMethodWorker.run(TestMethodWorker.java:111)<br />
              org.testng.TestRunner.privateRun(TestRunner.java:767)<br />
              org.testng.TestRunner.run(TestRunner.java:617)<br />
              org.testng.SuiteRunner.runTest(SuiteRunner.java:348)<br />
              org.testng.SuiteRunner.runSequentially(SuiteRunner.java:343)<br />
              org.testng.SuiteRunner.privateRun(SuiteRunner.java:305)<br />
              org.testng.SuiteRunner.run(SuiteRunner.java:254)<br />
              org.testng.SuiteRunnerWorker.runSuite(SuiteRunnerWorker.java:52)<br />
              org.testng.SuiteRunnerWorker.run(SuiteRunnerWorker.java:86)<br />
              org.testng.TestNG.runSuitesSequentially(TestNG.java:1224)<br />
              org.testng.TestNG.runSuitesLocally(TestNG.java:1149)<br />
              org.testng.TestNG.run(TestNG.java:1057)<br />
              org.testng.remote.RemoteTestNG.run(RemoteTestNG.java:111)<br />
              org.testng.remote.RemoteTestNG.initAndRun(RemoteTestNG.java:204)<br />
              org.testng.remote.RemoteTestNG.main(RemoteTestNG.java:175)<br />
                </div>
      </td>
</tr>
<tr>
  <td class="method">
                  getCountry
      </td>
  <td class="duration">
    0.008s
  </td>
  <td class="result">
        
          <i>Method arguments: </i><span class="arguments">"35", "1", "", "LabelImage", "", "", "getCountry", 54, ""</span><br />
    
        

        <a href="javascript:toggleElement('exception-21', 'block')" title="Click to expand/collapse"><b>java.lang.AssertionError: expected [true] but found [false]</b></a><br />
    <div class="stackTrace" id="exception-21">
              org.testng.Assert.fail(Assert.java:94)<br />
              org.testng.Assert.failNotEquals(Assert.java:494)<br />
              org.testng.Assert.assertTrue(Assert.java:42)<br />
              org.testng.Assert.assertTrue(Assert.java:52)<br />
              com.domoyun.testCase.MainStart.getCountry(MainStart.java:70)<br />
              sun.reflect.GeneratedMethodAccessor19.invoke(Unknown Source)<br />
              sun.reflect.DelegatingMethodAccessorImpl.invoke(Unknown Source)<br />
              java.lang.reflect.Method.invoke(Unknown Source)<br />
              org.testng.internal.MethodInvocationHelper.invokeMethod(MethodInvocationHelper.java:84)<br />
              org.testng.internal.Invoker.invokeMethod(Invoker.java:714)<br />
              org.testng.internal.Invoker.invokeTestMethod(Invoker.java:901)<br />
              org.testng.internal.Invoker.invokeTestMethods(Invoker.java:1231)<br />
              org.testng.internal.TestMethodWorker.invokeTestMethods(TestMethodWorker.java:127)<br />
              org.testng.internal.TestMethodWorker.run(TestMethodWorker.java:111)<br />
              org.testng.TestRunner.privateRun(TestRunner.java:767)<br />
              org.testng.TestRunner.run(TestRunner.java:617)<br />
              org.testng.SuiteRunner.runTest(SuiteRunner.java:348)<br />
              org.testng.SuiteRunner.runSequentially(SuiteRunner.java:343)<br />
              org.testng.SuiteRunner.privateRun(SuiteRunner.java:305)<br />
              org.testng.SuiteRunner.run(SuiteRunner.java:254)<br />
              org.testng.SuiteRunnerWorker.runSuite(SuiteRunnerWorker.java:52)<br />
              org.testng.SuiteRunnerWorker.run(SuiteRunnerWorker.java:86)<br />
              org.testng.TestNG.runSuitesSequentially(TestNG.java:1224)<br />
              org.testng.TestNG.runSuitesLocally(TestNG.java:1149)<br />
              org.testng.TestNG.run(TestNG.java:1057)<br />
              org.testng.remote.RemoteTestNG.run(RemoteTestNG.java:111)<br />
              org.testng.remote.RemoteTestNG.initAndRun(RemoteTestNG.java:204)<br />
              org.testng.remote.RemoteTestNG.main(RemoteTestNG.java:175)<br />
                </div>
      </td>
</tr>
<tr>
  <td class="method">
                  getCountry
      </td>
  <td class="duration">
    0.026s
  </td>
  <td class="result">
        
          <i>Method arguments: </i><span class="arguments">"37", "1", "", "LabelImage", "", "", "getCountry", 54, ""</span><br />
    
        

        <a href="javascript:toggleElement('exception-22', 'block')" title="Click to expand/collapse"><b>java.lang.AssertionError: expected [true] but found [false]</b></a><br />
    <div class="stackTrace" id="exception-22">
              org.testng.Assert.fail(Assert.java:94)<br />
              org.testng.Assert.failNotEquals(Assert.java:494)<br />
              org.testng.Assert.assertTrue(Assert.java:42)<br />
              org.testng.Assert.assertTrue(Assert.java:52)<br />
              com.domoyun.testCase.MainStart.getCountry(MainStart.java:70)<br />
              sun.reflect.GeneratedMethodAccessor19.invoke(Unknown Source)<br />
              sun.reflect.DelegatingMethodAccessorImpl.invoke(Unknown Source)<br />
              java.lang.reflect.Method.invoke(Unknown Source)<br />
              org.testng.internal.MethodInvocationHelper.invokeMethod(MethodInvocationHelper.java:84)<br />
              org.testng.internal.Invoker.invokeMethod(Invoker.java:714)<br />
              org.testng.internal.Invoker.invokeTestMethod(Invoker.java:901)<br />
              org.testng.internal.Invoker.invokeTestMethods(Invoker.java:1231)<br />
              org.testng.internal.TestMethodWorker.invokeTestMethods(TestMethodWorker.java:127)<br />
              org.testng.internal.TestMethodWorker.run(TestMethodWorker.java:111)<br />
              org.testng.TestRunner.privateRun(TestRunner.java:767)<br />
              org.testng.TestRunner.run(TestRunner.java:617)<br />
              org.testng.SuiteRunner.runTest(SuiteRunner.java:348)<br />
              org.testng.SuiteRunner.runSequentially(SuiteRunner.java:343)<br />
              org.testng.SuiteRunner.privateRun(SuiteRunner.java:305)<br />
              org.testng.SuiteRunner.run(SuiteRunner.java:254)<br />
              org.testng.SuiteRunnerWorker.runSuite(SuiteRunnerWorker.java:52)<br />
              org.testng.SuiteRunnerWorker.run(SuiteRunnerWorker.java:86)<br />
              org.testng.TestNG.runSuitesSequentially(TestNG.java:1224)<br />
              org.testng.TestNG.runSuitesLocally(TestNG.java:1149)<br />
              org.testng.TestNG.run(TestNG.java:1057)<br />
              org.testng.remote.RemoteTestNG.run(RemoteTestNG.java:111)<br />
              org.testng.remote.RemoteTestNG.initAndRun(RemoteTestNG.java:204)<br />
              org.testng.remote.RemoteTestNG.main(RemoteTestNG.java:175)<br />
                </div>
      </td>
</tr>
<tr>
  <td class="method">
                  getCountry
      </td>
  <td class="duration">
    0.011s
  </td>
  <td class="result">
        
          <i>Method arguments: </i><span class="arguments">"38", "1", "", "LabelImage", "", "", "getCountry", 54, ""</span><br />
    
        

        <a href="javascript:toggleElement('exception-23', 'block')" title="Click to expand/collapse"><b>java.lang.AssertionError: expected [true] but found [false]</b></a><br />
    <div class="stackTrace" id="exception-23">
              org.testng.Assert.fail(Assert.java:94)<br />
              org.testng.Assert.failNotEquals(Assert.java:494)<br />
              org.testng.Assert.assertTrue(Assert.java:42)<br />
              org.testng.Assert.assertTrue(Assert.java:52)<br />
              com.domoyun.testCase.MainStart.getCountry(MainStart.java:70)<br />
              sun.reflect.GeneratedMethodAccessor19.invoke(Unknown Source)<br />
              sun.reflect.DelegatingMethodAccessorImpl.invoke(Unknown Source)<br />
              java.lang.reflect.Method.invoke(Unknown Source)<br />
              org.testng.internal.MethodInvocationHelper.invokeMethod(MethodInvocationHelper.java:84)<br />
              org.testng.internal.Invoker.invokeMethod(Invoker.java:714)<br />
              org.testng.internal.Invoker.invokeTestMethod(Invoker.java:901)<br />
              org.testng.internal.Invoker.invokeTestMethods(Invoker.java:1231)<br />
              org.testng.internal.TestMethodWorker.invokeTestMethods(TestMethodWorker.java:127)<br />
              org.testng.internal.TestMethodWorker.run(TestMethodWorker.java:111)<br />
              org.testng.TestRunner.privateRun(TestRunner.java:767)<br />
              org.testng.TestRunner.run(TestRunner.java:617)<br />
              org.testng.SuiteRunner.runTest(SuiteRunner.java:348)<br />
              org.testng.SuiteRunner.runSequentially(SuiteRunner.java:343)<br />
              org.testng.SuiteRunner.privateRun(SuiteRunner.java:305)<br />
              org.testng.SuiteRunner.run(SuiteRunner.java:254)<br />
              org.testng.SuiteRunnerWorker.runSuite(SuiteRunnerWorker.java:52)<br />
              org.testng.SuiteRunnerWorker.run(SuiteRunnerWorker.java:86)<br />
              org.testng.TestNG.runSuitesSequentially(TestNG.java:1224)<br />
              org.testng.TestNG.runSuitesLocally(TestNG.java:1149)<br />
              org.testng.TestNG.run(TestNG.java:1057)<br />
              org.testng.remote.RemoteTestNG.run(RemoteTestNG.java:111)<br />
              org.testng.remote.RemoteTestNG.initAndRun(RemoteTestNG.java:204)<br />
              org.testng.remote.RemoteTestNG.main(RemoteTestNG.java:175)<br />
                </div>
      </td>
</tr>
<tr>
  <td class="method">
                  getCountry
      </td>
  <td class="duration">
    0.007s
  </td>
  <td class="result">
        
          <i>Method arguments: </i><span class="arguments">"46", "1", "", "LabelImage", "", "", "getCountry", 54, ""</span><br />
    
        

        <a href="javascript:toggleElement('exception-24', 'block')" title="Click to expand/collapse"><b>java.lang.AssertionError: expected [true] but found [false]</b></a><br />
    <div class="stackTrace" id="exception-24">
              org.testng.Assert.fail(Assert.java:94)<br />
              org.testng.Assert.failNotEquals(Assert.java:494)<br />
              org.testng.Assert.assertTrue(Assert.java:42)<br />
              org.testng.Assert.assertTrue(Assert.java:52)<br />
              com.domoyun.testCase.MainStart.getCountry(MainStart.java:70)<br />
              sun.reflect.GeneratedMethodAccessor19.invoke(Unknown Source)<br />
              sun.reflect.DelegatingMethodAccessorImpl.invoke(Unknown Source)<br />
              java.lang.reflect.Method.invoke(Unknown Source)<br />
              org.testng.internal.MethodInvocationHelper.invokeMethod(MethodInvocationHelper.java:84)<br />
              org.testng.internal.Invoker.invokeMethod(Invoker.java:714)<br />
              org.testng.internal.Invoker.invokeTestMethod(Invoker.java:901)<br />
              org.testng.internal.Invoker.invokeTestMethods(Invoker.java:1231)<br />
              org.testng.internal.TestMethodWorker.invokeTestMethods(TestMethodWorker.java:127)<br />
              org.testng.internal.TestMethodWorker.run(TestMethodWorker.java:111)<br />
              org.testng.TestRunner.privateRun(TestRunner.java:767)<br />
              org.testng.TestRunner.run(TestRunner.java:617)<br />
              org.testng.SuiteRunner.runTest(SuiteRunner.java:348)<br />
              org.testng.SuiteRunner.runSequentially(SuiteRunner.java:343)<br />
              org.testng.SuiteRunner.privateRun(SuiteRunner.java:305)<br />
              org.testng.SuiteRunner.run(SuiteRunner.java:254)<br />
              org.testng.SuiteRunnerWorker.runSuite(SuiteRunnerWorker.java:52)<br />
              org.testng.SuiteRunnerWorker.run(SuiteRunnerWorker.java:86)<br />
              org.testng.TestNG.runSuitesSequentially(TestNG.java:1224)<br />
              org.testng.TestNG.runSuitesLocally(TestNG.java:1149)<br />
              org.testng.TestNG.run(TestNG.java:1057)<br />
              org.testng.remote.RemoteTestNG.run(RemoteTestNG.java:111)<br />
              org.testng.remote.RemoteTestNG.initAndRun(RemoteTestNG.java:204)<br />
              org.testng.remote.RemoteTestNG.main(RemoteTestNG.java:175)<br />
                </div>
      </td>
</tr>
<tr>
  <td class="method">
                  getCountry
      </td>
  <td class="duration">
    0.008s
  </td>
  <td class="result">
        
          <i>Method arguments: </i><span class="arguments">"26", "1", "", "LabelImage", "", "", "getCountry", 54, ""</span><br />
    
        

        <a href="javascript:toggleElement('exception-25', 'block')" title="Click to expand/collapse"><b>java.lang.AssertionError: expected [true] but found [false]</b></a><br />
    <div class="stackTrace" id="exception-25">
              org.testng.Assert.fail(Assert.java:94)<br />
              org.testng.Assert.failNotEquals(Assert.java:494)<br />
              org.testng.Assert.assertTrue(Assert.java:42)<br />
              org.testng.Assert.assertTrue(Assert.java:52)<br />
              com.domoyun.testCase.MainStart.getCountry(MainStart.java:70)<br />
              sun.reflect.GeneratedMethodAccessor19.invoke(Unknown Source)<br />
              sun.reflect.DelegatingMethodAccessorImpl.invoke(Unknown Source)<br />
              java.lang.reflect.Method.invoke(Unknown Source)<br />
              org.testng.internal.MethodInvocationHelper.invokeMethod(MethodInvocationHelper.java:84)<br />
              org.testng.internal.Invoker.invokeMethod(Invoker.java:714)<br />
              org.testng.internal.Invoker.invokeTestMethod(Invoker.java:901)<br />
              org.testng.internal.Invoker.invokeTestMethods(Invoker.java:1231)<br />
              org.testng.internal.TestMethodWorker.invokeTestMethods(TestMethodWorker.java:127)<br />
              org.testng.internal.TestMethodWorker.run(TestMethodWorker.java:111)<br />
              org.testng.TestRunner.privateRun(TestRunner.java:767)<br />
              org.testng.TestRunner.run(TestRunner.java:617)<br />
              org.testng.SuiteRunner.runTest(SuiteRunner.java:348)<br />
              org.testng.SuiteRunner.runSequentially(SuiteRunner.java:343)<br />
              org.testng.SuiteRunner.privateRun(SuiteRunner.java:305)<br />
              org.testng.SuiteRunner.run(SuiteRunner.java:254)<br />
              org.testng.SuiteRunnerWorker.runSuite(SuiteRunnerWorker.java:52)<br />
              org.testng.SuiteRunnerWorker.run(SuiteRunnerWorker.java:86)<br />
              org.testng.TestNG.runSuitesSequentially(TestNG.java:1224)<br />
              org.testng.TestNG.runSuitesLocally(TestNG.java:1149)<br />
              org.testng.TestNG.run(TestNG.java:1057)<br />
              org.testng.remote.RemoteTestNG.run(RemoteTestNG.java:111)<br />
              org.testng.remote.RemoteTestNG.initAndRun(RemoteTestNG.java:204)<br />
              org.testng.remote.RemoteTestNG.main(RemoteTestNG.java:175)<br />
                </div>
      </td>
</tr>
<tr>
  <td class="method">
                  getCountry
      </td>
  <td class="duration">
    0.008s
  </td>
  <td class="result">
        
          <i>Method arguments: </i><span class="arguments">"49", "1", "", "LabelImage", "", "", "getCountry", 54, ""</span><br />
    
        

        <a href="javascript:toggleElement('exception-26', 'block')" title="Click to expand/collapse"><b>java.lang.AssertionError: expected [true] but found [false]</b></a><br />
    <div class="stackTrace" id="exception-26">
              org.testng.Assert.fail(Assert.java:94)<br />
              org.testng.Assert.failNotEquals(Assert.java:494)<br />
              org.testng.Assert.assertTrue(Assert.java:42)<br />
              org.testng.Assert.assertTrue(Assert.java:52)<br />
              com.domoyun.testCase.MainStart.getCountry(MainStart.java:70)<br />
              sun.reflect.GeneratedMethodAccessor19.invoke(Unknown Source)<br />
              sun.reflect.DelegatingMethodAccessorImpl.invoke(Unknown Source)<br />
              java.lang.reflect.Method.invoke(Unknown Source)<br />
              org.testng.internal.MethodInvocationHelper.invokeMethod(MethodInvocationHelper.java:84)<br />
              org.testng.internal.Invoker.invokeMethod(Invoker.java:714)<br />
              org.testng.internal.Invoker.invokeTestMethod(Invoker.java:901)<br />
              org.testng.internal.Invoker.invokeTestMethods(Invoker.java:1231)<br />
              org.testng.internal.TestMethodWorker.invokeTestMethods(TestMethodWorker.java:127)<br />
              org.testng.internal.TestMethodWorker.run(TestMethodWorker.java:111)<br />
              org.testng.TestRunner.privateRun(TestRunner.java:767)<br />
              org.testng.TestRunner.run(TestRunner.java:617)<br />
              org.testng.SuiteRunner.runTest(SuiteRunner.java:348)<br />
              org.testng.SuiteRunner.runSequentially(SuiteRunner.java:343)<br />
              org.testng.SuiteRunner.privateRun(SuiteRunner.java:305)<br />
              org.testng.SuiteRunner.run(SuiteRunner.java:254)<br />
              org.testng.SuiteRunnerWorker.runSuite(SuiteRunnerWorker.java:52)<br />
              org.testng.SuiteRunnerWorker.run(SuiteRunnerWorker.java:86)<br />
              org.testng.TestNG.runSuitesSequentially(TestNG.java:1224)<br />
              org.testng.TestNG.runSuitesLocally(TestNG.java:1149)<br />
              org.testng.TestNG.run(TestNG.java:1057)<br />
              org.testng.remote.RemoteTestNG.run(RemoteTestNG.java:111)<br />
              org.testng.remote.RemoteTestNG.initAndRun(RemoteTestNG.java:204)<br />
              org.testng.remote.RemoteTestNG.main(RemoteTestNG.java:175)<br />
                </div>
      </td>
</tr>
<tr>
  <td class="method">
                  getCountry
      </td>
  <td class="duration">
    0.027s
  </td>
  <td class="result">
        
          <i>Method arguments: </i><span class="arguments">"29", "1", "", "LabelImage", "", "", "getCountry", 54, ""</span><br />
    
        

        <a href="javascript:toggleElement('exception-27', 'block')" title="Click to expand/collapse"><b>java.lang.AssertionError: expected [true] but found [false]</b></a><br />
    <div class="stackTrace" id="exception-27">
              org.testng.Assert.fail(Assert.java:94)<br />
              org.testng.Assert.failNotEquals(Assert.java:494)<br />
              org.testng.Assert.assertTrue(Assert.java:42)<br />
              org.testng.Assert.assertTrue(Assert.java:52)<br />
              com.domoyun.testCase.MainStart.getCountry(MainStart.java:70)<br />
              sun.reflect.GeneratedMethodAccessor19.invoke(Unknown Source)<br />
              sun.reflect.DelegatingMethodAccessorImpl.invoke(Unknown Source)<br />
              java.lang.reflect.Method.invoke(Unknown Source)<br />
              org.testng.internal.MethodInvocationHelper.invokeMethod(MethodInvocationHelper.java:84)<br />
              org.testng.internal.Invoker.invokeMethod(Invoker.java:714)<br />
              org.testng.internal.Invoker.invokeTestMethod(Invoker.java:901)<br />
              org.testng.internal.Invoker.invokeTestMethods(Invoker.java:1231)<br />
              org.testng.internal.TestMethodWorker.invokeTestMethods(TestMethodWorker.java:127)<br />
              org.testng.internal.TestMethodWorker.run(TestMethodWorker.java:111)<br />
              org.testng.TestRunner.privateRun(TestRunner.java:767)<br />
              org.testng.TestRunner.run(TestRunner.java:617)<br />
              org.testng.SuiteRunner.runTest(SuiteRunner.java:348)<br />
              org.testng.SuiteRunner.runSequentially(SuiteRunner.java:343)<br />
              org.testng.SuiteRunner.privateRun(SuiteRunner.java:305)<br />
              org.testng.SuiteRunner.run(SuiteRunner.java:254)<br />
              org.testng.SuiteRunnerWorker.runSuite(SuiteRunnerWorker.java:52)<br />
              org.testng.SuiteRunnerWorker.run(SuiteRunnerWorker.java:86)<br />
              org.testng.TestNG.runSuitesSequentially(TestNG.java:1224)<br />
              org.testng.TestNG.runSuitesLocally(TestNG.java:1149)<br />
              org.testng.TestNG.run(TestNG.java:1057)<br />
              org.testng.remote.RemoteTestNG.run(RemoteTestNG.java:111)<br />
              org.testng.remote.RemoteTestNG.initAndRun(RemoteTestNG.java:204)<br />
              org.testng.remote.RemoteTestNG.main(RemoteTestNG.java:175)<br />
                </div>
      </td>
</tr>
<tr>
  <td class="method">
                  getCountry
      </td>
  <td class="duration">
    0.010s
  </td>
  <td class="result">
        
          <i>Method arguments: </i><span class="arguments">"48", "1", "", "LabelImage", "", "", "getCountry", 54, ""</span><br />
    
        

        <a href="javascript:toggleElement('exception-28', 'block')" title="Click to expand/collapse"><b>java.lang.AssertionError: expected [true] but found [false]</b></a><br />
    <div class="stackTrace" id="exception-28">
              org.testng.Assert.fail(Assert.java:94)<br />
              org.testng.Assert.failNotEquals(Assert.java:494)<br />
              org.testng.Assert.assertTrue(Assert.java:42)<br />
              org.testng.Assert.assertTrue(Assert.java:52)<br />
              com.domoyun.testCase.MainStart.getCountry(MainStart.java:70)<br />
              sun.reflect.GeneratedMethodAccessor19.invoke(Unknown Source)<br />
              sun.reflect.DelegatingMethodAccessorImpl.invoke(Unknown Source)<br />
              java.lang.reflect.Method.invoke(Unknown Source)<br />
              org.testng.internal.MethodInvocationHelper.invokeMethod(MethodInvocationHelper.java:84)<br />
              org.testng.internal.Invoker.invokeMethod(Invoker.java:714)<br />
              org.testng.internal.Invoker.invokeTestMethod(Invoker.java:901)<br />
              org.testng.internal.Invoker.invokeTestMethods(Invoker.java:1231)<br />
              org.testng.internal.TestMethodWorker.invokeTestMethods(TestMethodWorker.java:127)<br />
              org.testng.internal.TestMethodWorker.run(TestMethodWorker.java:111)<br />
              org.testng.TestRunner.privateRun(TestRunner.java:767)<br />
              org.testng.TestRunner.run(TestRunner.java:617)<br />
              org.testng.SuiteRunner.runTest(SuiteRunner.java:348)<br />
              org.testng.SuiteRunner.runSequentially(SuiteRunner.java:343)<br />
              org.testng.SuiteRunner.privateRun(SuiteRunner.java:305)<br />
              org.testng.SuiteRunner.run(SuiteRunner.java:254)<br />
              org.testng.SuiteRunnerWorker.runSuite(SuiteRunnerWorker.java:52)<br />
              org.testng.SuiteRunnerWorker.run(SuiteRunnerWorker.java:86)<br />
              org.testng.TestNG.runSuitesSequentially(TestNG.java:1224)<br />
              org.testng.TestNG.runSuitesLocally(TestNG.java:1149)<br />
              org.testng.TestNG.run(TestNG.java:1057)<br />
              org.testng.remote.RemoteTestNG.run(RemoteTestNG.java:111)<br />
              org.testng.remote.RemoteTestNG.initAndRun(RemoteTestNG.java:204)<br />
              org.testng.remote.RemoteTestNG.main(RemoteTestNG.java:175)<br />
                </div>
      </td>
</tr>
<tr>
  <td class="method">
                  getCountry
      </td>
  <td class="duration">
    0.012s
  </td>
  <td class="result">
        
          <i>Method arguments: </i><span class="arguments">"41", "1", "", "LabelImage", "", "", "getCountry", 54, ""</span><br />
    
        

        <a href="javascript:toggleElement('exception-29', 'block')" title="Click to expand/collapse"><b>java.lang.AssertionError: expected [true] but found [false]</b></a><br />
    <div class="stackTrace" id="exception-29">
              org.testng.Assert.fail(Assert.java:94)<br />
              org.testng.Assert.failNotEquals(Assert.java:494)<br />
              org.testng.Assert.assertTrue(Assert.java:42)<br />
              org.testng.Assert.assertTrue(Assert.java:52)<br />
              com.domoyun.testCase.MainStart.getCountry(MainStart.java:70)<br />
              sun.reflect.GeneratedMethodAccessor19.invoke(Unknown Source)<br />
              sun.reflect.DelegatingMethodAccessorImpl.invoke(Unknown Source)<br />
              java.lang.reflect.Method.invoke(Unknown Source)<br />
              org.testng.internal.MethodInvocationHelper.invokeMethod(MethodInvocationHelper.java:84)<br />
              org.testng.internal.Invoker.invokeMethod(Invoker.java:714)<br />
              org.testng.internal.Invoker.invokeTestMethod(Invoker.java:901)<br />
              org.testng.internal.Invoker.invokeTestMethods(Invoker.java:1231)<br />
              org.testng.internal.TestMethodWorker.invokeTestMethods(TestMethodWorker.java:127)<br />
              org.testng.internal.TestMethodWorker.run(TestMethodWorker.java:111)<br />
              org.testng.TestRunner.privateRun(TestRunner.java:767)<br />
              org.testng.TestRunner.run(TestRunner.java:617)<br />
              org.testng.SuiteRunner.runTest(SuiteRunner.java:348)<br />
              org.testng.SuiteRunner.runSequentially(SuiteRunner.java:343)<br />
              org.testng.SuiteRunner.privateRun(SuiteRunner.java:305)<br />
              org.testng.SuiteRunner.run(SuiteRunner.java:254)<br />
              org.testng.SuiteRunnerWorker.runSuite(SuiteRunnerWorker.java:52)<br />
              org.testng.SuiteRunnerWorker.run(SuiteRunnerWorker.java:86)<br />
              org.testng.TestNG.runSuitesSequentially(TestNG.java:1224)<br />
              org.testng.TestNG.runSuitesLocally(TestNG.java:1149)<br />
              org.testng.TestNG.run(TestNG.java:1057)<br />
              org.testng.remote.RemoteTestNG.run(RemoteTestNG.java:111)<br />
              org.testng.remote.RemoteTestNG.initAndRun(RemoteTestNG.java:204)<br />
              org.testng.remote.RemoteTestNG.main(RemoteTestNG.java:175)<br />
                </div>
      </td>
</tr>
<tr>
  <td class="method">
                  getCountry
      </td>
  <td class="duration">
    0.009s
  </td>
  <td class="result">
        
          <i>Method arguments: </i><span class="arguments">"50", "1", "", "LabelImage", "", "", "getCountry", 54, ""</span><br />
    
        

        <a href="javascript:toggleElement('exception-30', 'block')" title="Click to expand/collapse"><b>java.lang.AssertionError: expected [true] but found [false]</b></a><br />
    <div class="stackTrace" id="exception-30">
              org.testng.Assert.fail(Assert.java:94)<br />
              org.testng.Assert.failNotEquals(Assert.java:494)<br />
              org.testng.Assert.assertTrue(Assert.java:42)<br />
              org.testng.Assert.assertTrue(Assert.java:52)<br />
              com.domoyun.testCase.MainStart.getCountry(MainStart.java:70)<br />
              sun.reflect.GeneratedMethodAccessor19.invoke(Unknown Source)<br />
              sun.reflect.DelegatingMethodAccessorImpl.invoke(Unknown Source)<br />
              java.lang.reflect.Method.invoke(Unknown Source)<br />
              org.testng.internal.MethodInvocationHelper.invokeMethod(MethodInvocationHelper.java:84)<br />
              org.testng.internal.Invoker.invokeMethod(Invoker.java:714)<br />
              org.testng.internal.Invoker.invokeTestMethod(Invoker.java:901)<br />
              org.testng.internal.Invoker.invokeTestMethods(Invoker.java:1231)<br />
              org.testng.internal.TestMethodWorker.invokeTestMethods(TestMethodWorker.java:127)<br />
              org.testng.internal.TestMethodWorker.run(TestMethodWorker.java:111)<br />
              org.testng.TestRunner.privateRun(TestRunner.java:767)<br />
              org.testng.TestRunner.run(TestRunner.java:617)<br />
              org.testng.SuiteRunner.runTest(SuiteRunner.java:348)<br />
              org.testng.SuiteRunner.runSequentially(SuiteRunner.java:343)<br />
              org.testng.SuiteRunner.privateRun(SuiteRunner.java:305)<br />
              org.testng.SuiteRunner.run(SuiteRunner.java:254)<br />
              org.testng.SuiteRunnerWorker.runSuite(SuiteRunnerWorker.java:52)<br />
              org.testng.SuiteRunnerWorker.run(SuiteRunnerWorker.java:86)<br />
              org.testng.TestNG.runSuitesSequentially(TestNG.java:1224)<br />
              org.testng.TestNG.runSuitesLocally(TestNG.java:1149)<br />
              org.testng.TestNG.run(TestNG.java:1057)<br />
              org.testng.remote.RemoteTestNG.run(RemoteTestNG.java:111)<br />
              org.testng.remote.RemoteTestNG.initAndRun(RemoteTestNG.java:204)<br />
              org.testng.remote.RemoteTestNG.main(RemoteTestNG.java:175)<br />
                </div>
      </td>
</tr>
<tr>
  <td class="method">
                  getCountry
      </td>
  <td class="duration">
    0.014s
  </td>
  <td class="result">
        
          <i>Method arguments: </i><span class="arguments">"27", "1", "", "LabelImage", "", "", "getCountry", 54, ""</span><br />
    
        

        <a href="javascript:toggleElement('exception-31', 'block')" title="Click to expand/collapse"><b>java.lang.AssertionError: expected [true] but found [false]</b></a><br />
    <div class="stackTrace" id="exception-31">
              org.testng.Assert.fail(Assert.java:94)<br />
              org.testng.Assert.failNotEquals(Assert.java:494)<br />
              org.testng.Assert.assertTrue(Assert.java:42)<br />
              org.testng.Assert.assertTrue(Assert.java:52)<br />
              com.domoyun.testCase.MainStart.getCountry(MainStart.java:70)<br />
              sun.reflect.GeneratedMethodAccessor19.invoke(Unknown Source)<br />
              sun.reflect.DelegatingMethodAccessorImpl.invoke(Unknown Source)<br />
              java.lang.reflect.Method.invoke(Unknown Source)<br />
              org.testng.internal.MethodInvocationHelper.invokeMethod(MethodInvocationHelper.java:84)<br />
              org.testng.internal.Invoker.invokeMethod(Invoker.java:714)<br />
              org.testng.internal.Invoker.invokeTestMethod(Invoker.java:901)<br />
              org.testng.internal.Invoker.invokeTestMethods(Invoker.java:1231)<br />
              org.testng.internal.TestMethodWorker.invokeTestMethods(TestMethodWorker.java:127)<br />
              org.testng.internal.TestMethodWorker.run(TestMethodWorker.java:111)<br />
              org.testng.TestRunner.privateRun(TestRunner.java:767)<br />
              org.testng.TestRunner.run(TestRunner.java:617)<br />
              org.testng.SuiteRunner.runTest(SuiteRunner.java:348)<br />
              org.testng.SuiteRunner.runSequentially(SuiteRunner.java:343)<br />
              org.testng.SuiteRunner.privateRun(SuiteRunner.java:305)<br />
              org.testng.SuiteRunner.run(SuiteRunner.java:254)<br />
              org.testng.SuiteRunnerWorker.runSuite(SuiteRunnerWorker.java:52)<br />
              org.testng.SuiteRunnerWorker.run(SuiteRunnerWorker.java:86)<br />
              org.testng.TestNG.runSuitesSequentially(TestNG.java:1224)<br />
              org.testng.TestNG.runSuitesLocally(TestNG.java:1149)<br />
              org.testng.TestNG.run(TestNG.java:1057)<br />
              org.testng.remote.RemoteTestNG.run(RemoteTestNG.java:111)<br />
              org.testng.remote.RemoteTestNG.initAndRun(RemoteTestNG.java:204)<br />
              org.testng.remote.RemoteTestNG.main(RemoteTestNG.java:175)<br />
                </div>
      </td>
</tr>
      </table>


  <table class="resultsTable">
    <tr><th colspan="3" class="header passed">Passed Tests</th></tr>
          <tr>
        <td colspan="3" class="group">com.domoyun.testCase.MainStart</td>
      </tr>
            
<tr>
  <td class="method">
                  getCountry
      </td>
  <td class="duration">
    2.301s
  </td>
  <td class="result">
        
          <i>Method arguments: </i><span class="arguments">"18", "1", "{"Version":"0.0.0.3","Data": {"OrderID": "TestHKRM955475","ParcelInformation": {"Weight": "30","WeightUnit": 1,"Length": "30","Width": "20","Height": "10","SizeUnit": 1,"ExistDangeroursGoods": false,"ProductInformations": [{"Description": "phonecase","Quantity": 1,"Weight": "33","WeightUnit": 3,"Value": "10.0","Sku": "","Remark": "","ProductUrl": "","HSCode": "666666"}]},"RecipientAddress": {"FirstName": "Ecommerce","LastName": "TranshipmentSolution Ltd","Company": null,"StreetAddress": "54 Worthy Lane","StreetAddress2": "Address2","StreetAddress3": null,"City": "MEANLEY","State": "Western Australia","ZIPCode": "SO30 9YL","Country": "GB","PhoneNumber": "079 4281 0589","IsResidential": true},"ChannelName": "HKRM","Token": "99999999999999999999999999999999","ServiceTypeCode": "Tracked_24_S","WarehouseCode": "UK","LabelMarkText": null,"RedundancyField": {"SignatureOption": ""}}}", "LabelImage", "", "", "getCountry", 54, "TestHKRM955475  SO30X15"</span><br />
    
        

      </td>
</tr>
<tr>
  <td class="method">
                  getCountry
      </td>
  <td class="duration">
    0.576s
  </td>
  <td class="result">
        
          <i>Method arguments: </i><span class="arguments">"8", "1", "{"Version":"0.0.0.3","Data": {"OrderID": "TestHKRM713969","ParcelInformation": {"Weight": "30","WeightUnit": 1,"Length": "30","Width": "20","Height": "10","SizeUnit": 1,"ExistDangeroursGoods": false,"ProductInformations": [{"Description": "phonecase","Quantity": 1,"Weight": "33","WeightUnit": 3,"Value": "10.0","Sku": "","Remark": "","ProductUrl": "","HSCode": "666666"}]},"RecipientAddress": {"FirstName": "Ecommerce","LastName": "TranshipmentSolution Ltd","Company": null,"StreetAddress": "54 Worthy Lane","StreetAddress2": "Address2","StreetAddress3": null,"City": "MEANLEY","State": "Western Australia","ZIPCode": "DT1 9YL","Country": "GB","PhoneNumber": "079 4281 0589","IsResidential": true},"ChannelName": "HKRM","Token": "99999999999999999999999999999999","ServiceTypeCode": "Tracked_24_S","WarehouseCode": "UK","LabelMarkText": null,"RedundancyField": {"SignatureOption": ""}}}", "LabelImage", "", "", "getCountry", 54, "TestHKRM713969  DT1X14"</span><br />
    
        

      </td>
</tr>
<tr>
  <td class="method">
                  getCountry
      </td>
  <td class="duration">
    0.625s
  </td>
  <td class="result">
        
          <i>Method arguments: </i><span class="arguments">"2", "1", "{"Version":"0.0.0.3","Data": {"OrderID": "TestHKRM495328","ParcelInformation": {"Weight": "30","WeightUnit": 1,"Length": "30","Width": "20","Height": "10","SizeUnit": 1,"ExistDangeroursGoods": false,"ProductInformations": [{"Description": "phonecase","Quantity": 1,"Weight": "33","WeightUnit": 3,"Value": "10.0","Sku": "","Remark": "","ProductUrl": "","HSCode": "666666"}]},"RecipientAddress": {"FirstName": "Ecommerce","LastName": "TranshipmentSolution Ltd","Company": null,"StreetAddress": "54 Worthy Lane","StreetAddress2": "Address2","StreetAddress3": null,"City": "MEANLEY","State": "Western Australia","ZIPCode": "BN95 9YL","Country": "GB","PhoneNumber": "079 4281 0589","IsResidential": true},"ChannelName": "HKRM","Token": "99999999999999999999999999999999","ServiceTypeCode": "Tracked_24_S","WarehouseCode": "UK","LabelMarkText": null,"RedundancyField": {"SignatureOption": ""}}}", "LabelImage", "", "", "getCountry", 54, "TestHKRM495328  BN95BN92"</span><br />
    
        

      </td>
</tr>
<tr>
  <td class="method">
                  getCountry
      </td>
  <td class="duration">
    0.656s
  </td>
  <td class="result">
        
          <i>Method arguments: </i><span class="arguments">"5", "1", "{"Version":"0.0.0.3","Data": {"OrderID": "TestHKRM592838","ParcelInformation": {"Weight": "30","WeightUnit": 1,"Length": "30","Width": "20","Height": "10","SizeUnit": 1,"ExistDangeroursGoods": false,"ProductInformations": [{"Description": "phonecase","Quantity": 1,"Weight": "33","WeightUnit": 3,"Value": "10.0","Sku": "","Remark": "","ProductUrl": "","HSCode": "666666"}]},"RecipientAddress": {"FirstName": "Ecommerce","LastName": "TranshipmentSolution Ltd","Company": null,"StreetAddress": "54 Worthy Lane","StreetAddress2": "Address2","StreetAddress3": null,"City": "MEANLEY","State": "Western Australia","ZIPCode": "DN1 9YL","Country": "GB","PhoneNumber": "079 4281 0589","IsResidential": true},"ChannelName": "HKRM","Token": "99999999999999999999999999999999","ServiceTypeCode": "Tracked_24_S","WarehouseCode": "UK","LabelMarkText": null,"RedundancyField": {"SignatureOption": ""}}}", "LabelImage", "", "", "getCountry", 54, "TestHKRM592838  DN1E62"</span><br />
    
        

      </td>
</tr>
<tr>
  <td class="method">
                  getCountry
      </td>
  <td class="duration">
    0.775s
  </td>
  <td class="result">
        
          <i>Method arguments: </i><span class="arguments">"3", "1", "{"Version":"0.0.0.3","Data": {"OrderID": "TestHKRM547579","ParcelInformation": {"Weight": "30","WeightUnit": 1,"Length": "30","Width": "20","Height": "10","SizeUnit": 1,"ExistDangeroursGoods": false,"ProductInformations": [{"Description": "phonecase","Quantity": 1,"Weight": "33","WeightUnit": 3,"Value": "10.0","Sku": "","Remark": "","ProductUrl": "","HSCode": "666666"}]},"RecipientAddress": {"FirstName": "Ecommerce","LastName": "TranshipmentSolution Ltd","Company": null,"StreetAddress": "54 Worthy Lane","StreetAddress2": "Address2","StreetAddress3": null,"City": "MEANLEY","State": "Western Australia","ZIPCode": "BN99 9YL","Country": "GB","PhoneNumber": "079 4281 0589","IsResidential": true},"ChannelName": "HKRM","Token": "99999999999999999999999999999999","ServiceTypeCode": "Tracked_24_S","WarehouseCode": "UK","LabelMarkText": null,"RedundancyField": {"SignatureOption": ""}}}", "LabelImage", "", "", "getCountry", 54, "TestHKRM495328  BN99Q19"</span><br />
    
        

      </td>
</tr>
<tr>
  <td class="method">
                  getCountry
      </td>
  <td class="duration">
    0.548s
  </td>
  <td class="result">
        
          <i>Method arguments: </i><span class="arguments">"16", "1", "{"Version":"0.0.0.3","Data": {"OrderID": "TestHKRM883664","ParcelInformation": {"Weight": "30","WeightUnit": 1,"Length": "30","Width": "20","Height": "10","SizeUnit": 1,"ExistDangeroursGoods": false,"ProductInformations": [{"Description": "phonecase","Quantity": 1,"Weight": "33","WeightUnit": 3,"Value": "10.0","Sku": "","Remark": "","ProductUrl": "","HSCode": "666666"}]},"RecipientAddress": {"FirstName": "Ecommerce","LastName": "TranshipmentSolution Ltd","Company": null,"StreetAddress": "54 Worthy Lane","StreetAddress2": "Address2","StreetAddress3": null,"City": "MEANLEY","State": "Western Australia","ZIPCode": "SO24 9YL","Country": "GB","PhoneNumber": "079 4281 0589","IsResidential": true},"ChannelName": "HKRM","Token": "99999999999999999999999999999999","ServiceTypeCode": "Tracked_24_S","WarehouseCode": "UK","LabelMarkText": null,"RedundancyField": {"SignatureOption": ""}}}", "LabelImage", "", "", "getCountry", 54, "TestHKRM883664  SO24X15"</span><br />
    
        

      </td>
</tr>
<tr>
  <td class="method">
                  getCountry
      </td>
  <td class="duration">
    2.034s
  </td>
  <td class="result">
        
          <i>Method arguments: </i><span class="arguments">"14", "1", "{"Version":"0.0.0.3","Data": {"OrderID": "TestHKRM708749","ParcelInformation": {"Weight": "30","WeightUnit": 1,"Length": "30","Width": "20","Height": "10","SizeUnit": 1,"ExistDangeroursGoods": false,"ProductInformations": [{"Description": "phonecase","Quantity": 1,"Weight": "33","WeightUnit": 3,"Value": "10.0","Sku": "","Remark": "","ProductUrl": "","HSCode": "666666"}]},"RecipientAddress": {"FirstName": "Ecommerce","LastName": "TranshipmentSolution Ltd","Company": null,"StreetAddress": "54 Worthy Lane","StreetAddress2": "Address2","StreetAddress3": null,"City": "MEANLEY","State": "Western Australia","ZIPCode": "PE99 9YL","Country": "GB","PhoneNumber": "079 4281 0589","IsResidential": true},"ChannelName": "HKRM","Token": "99999999999999999999999999999999","ServiceTypeCode": "Tracked_24_S","WarehouseCode": "UK","LabelMarkText": null,"RedundancyField": {"SignatureOption": ""}}}", "LabelImage", "", "", "getCountry", 54, "TestHKRM708749  PE99N47"</span><br />
    
        

      </td>
</tr>
<tr>
  <td class="method">
                  getCountry
      </td>
  <td class="duration">
    0.608s
  </td>
  <td class="result">
        
          <i>Method arguments: </i><span class="arguments">"4", "1", "{"Version":"0.0.0.3","Data": {"OrderID": "TestHKRM882791","ParcelInformation": {"Weight": "30","WeightUnit": 1,"Length": "30","Width": "20","Height": "10","SizeUnit": 1,"ExistDangeroursGoods": false,"ProductInformations": [{"Description": "phonecase","Quantity": 1,"Weight": "33","WeightUnit": 3,"Value": "10.0","Sku": "","Remark": "","ProductUrl": "","HSCode": "666666"}]},"RecipientAddress": {"FirstName": "Ecommerce","LastName": "TranshipmentSolution Ltd","Company": null,"StreetAddress": "54 Worthy Lane","StreetAddress2": "Address2","StreetAddress3": null,"City": "MEANLEY","State": "Western Australia","ZIPCode": "DL98 9YL","Country": "GB","PhoneNumber": "079 4281 0589","IsResidential": true},"ChannelName": "HKRM","Token": "99999999999999999999999999999999","ServiceTypeCode": "Tracked_24_S","WarehouseCode": "UK","LabelMarkText": null,"RedundancyField": {"SignatureOption": ""}}}", "LabelImage", "", "", "getCountry", 54, "TestHKRM882791  DL98E70"</span><br />
    
        

      </td>
</tr>
<tr>
  <td class="method">
                  getCountry
      </td>
  <td class="duration">
    0.601s
  </td>
  <td class="result">
        
          <i>Method arguments: </i><span class="arguments">"10", "1", "{"Version":"0.0.0.3","Data": {"OrderID": "TestHKRM705669","ParcelInformation": {"Weight": "30","WeightUnit": 1,"Length": "30","Width": "20","Height": "10","SizeUnit": 1,"ExistDangeroursGoods": false,"ProductInformations": [{"Description": "phonecase","Quantity": 1,"Weight": "33","WeightUnit": 3,"Value": "10.0","Sku": "","Remark": "","ProductUrl": "","HSCode": "666666"}]},"RecipientAddress": {"FirstName": "Ecommerce","LastName": "TranshipmentSolution Ltd","Company": null,"StreetAddress": "54 Worthy Lane","StreetAddress2": "Address2","StreetAddress3": null,"City": "MEANLEY","State": "Western Australia","ZIPCode": "PA80 9YL","Country": "GB","PhoneNumber": "079 4281 0589","IsResidential": true},"ChannelName": "HKRM","Token": "99999999999999999999999999999999","ServiceTypeCode": "Tracked_24_S","WarehouseCode": "UK","LabelMarkText": null,"RedundancyField": {"SignatureOption": ""}}}", "LabelImage", "", "", "getCountry", 54, "TestHKRM705669  PA80A87"</span><br />
    
        

      </td>
</tr>
<tr>
  <td class="method">
                  getCountry
      </td>
  <td class="duration">
    1.590s
  </td>
  <td class="result">
        
          <i>Method arguments: </i><span class="arguments">"19", "1", "{"Version":"0.0.0.3","Data": {"OrderID": "TestHKRM242652","ParcelInformation": {"Weight": "30","WeightUnit": 1,"Length": "30","Width": "20","Height": "10","SizeUnit": 1,"ExistDangeroursGoods": false,"ProductInformations": [{"Description": "phonecase","Quantity": 1,"Weight": "33","WeightUnit": 3,"Value": "10.0","Sku": "","Remark": "","ProductUrl": "","HSCode": "666666"}]},"RecipientAddress": {"FirstName": "Ecommerce","LastName": "TranshipmentSolution Ltd","Company": null,"StreetAddress": "54 Worthy Lane","StreetAddress2": "Address2","StreetAddress3": null,"City": "MEANLEY","State": "Western Australia","ZIPCode": "SR9 9YL","Country": "GB","PhoneNumber": "079 4281 0589","IsResidential": true},"ChannelName": "HKRM","Token": "99999999999999999999999999999999","ServiceTypeCode": "Tracked_24_S","WarehouseCode": "UK","LabelMarkText": null,"RedundancyField": {"SignatureOption": ""}}}", "LabelImage", "", "", "getCountry", 54, "TestHKRM242652  SR9E71"</span><br />
    
        

      </td>
</tr>
<tr>
  <td class="method">
                  getCountry
      </td>
  <td class="duration">
    0.334s
  </td>
  <td class="result">
        
          <i>Method arguments: </i><span class="arguments">"21", "1", "{"Version":"0.0.0.3","Data": {"OrderID": "TestHKRM409491","ParcelInformation": {"Weight": "30","WeightUnit": 1,"Length": "30","Width": "20","Height": "10","SizeUnit": 1,"ExistDangeroursGoods": false,"ProductInformations": [{"Description": "phonecase","Quantity": 1,"Weight": "33","WeightUnit": 3,"Value": "10.0","Sku": "","Remark": "","ProductUrl": "","HSCode": "666666"}]},"RecipientAddress": {"FirstName": "Ecommerce","LastName": "TranshipmentSolution Ltd","Company": null,"StreetAddress": "54 Worthy Lane","StreetAddress2": "Address2","StreetAddress3": null,"City": "MEANLEY","State": "Western Australia","ZIPCode": "SR0 9YL","Country": "GB","PhoneNumber": "079 4281 0589","IsResidential": true},"ChannelName": "HKRM","Token": "99999999999999999999999999999999","ServiceTypeCode": "Tracked_24_S","WarehouseCode": "UK","LabelMarkText": null,"RedundancyField": {"SignatureOption": ""}}}", "LabelImage", "", "", "getCountry", 54, "TestHKRM409491  SR0R35"</span><br />
    
        

      </td>
</tr>
<tr>
  <td class="method">
                  getCountry
      </td>
  <td class="duration">
    1.006s
  </td>
  <td class="result">
        
          <i>Method arguments: </i><span class="arguments">"13", "1", "{"Version":"0.0.0.3","Data": {"OrderID": "TestHKRM654923","ParcelInformation": {"Weight": "30","WeightUnit": 1,"Length": "30","Width": "20","Height": "10","SizeUnit": 1,"ExistDangeroursGoods": false,"ProductInformations": [{"Description": "phonecase","Quantity": 1,"Weight": "33","WeightUnit": 3,"Value": "10.0","Sku": "","Remark": "","ProductUrl": "","HSCode": "666666"}]},"RecipientAddress": {"FirstName": "Ecommerce","LastName": "TranshipmentSolution Ltd","Company": null,"StreetAddress": "54 Worthy Lane","StreetAddress2": "Address2","StreetAddress3": null,"City": "MEANLEY","State": "Western Australia","ZIPCode": "PE2 9YL","Country": "GB","PhoneNumber": "079 4281 0589","IsResidential": true},"ChannelName": "HKRM","Token": "99999999999999999999999999999999","ServiceTypeCode": "Tracked_24_S","WarehouseCode": "UK","LabelMarkText": null,"RedundancyField": {"SignatureOption": ""}}}", "LabelImage", "", "", "getCountry", 54, "TestHKRM654923  PE2N47"</span><br />
    
        

      </td>
</tr>
<tr>
  <td class="method">
                  getCountry
      </td>
  <td class="duration">
    3.125s
  </td>
  <td class="result">
        
          <i>Method arguments: </i><span class="arguments">"1", "1", "{"Version":"0.0.0.3","Data": {"OrderID": "TestHKRM115305","ParcelInformation": {"Weight": "30","WeightUnit": 1,"Length": "30","Width": "20","Height": "10","SizeUnit": 1,"ExistDangeroursGoods": false,"ProductInformations": [{"Description": "phonecase","Quantity": 1,"Weight": "33","WeightUnit": 3,"Value": "10.0","Sku": "","Remark": "","ProductUrl": "","HSCode": "666666"}]},"RecipientAddress": {"FirstName": "Ecommerce","LastName": "TranshipmentSolution Ltd","Company": null,"StreetAddress": "54 Worthy Lane","StreetAddress2": "Address2","StreetAddress3": null,"City": "MEANLEY","State": "Western Australia","ZIPCode": "BN91 9YL","Country": "GB","PhoneNumber": "079 4281 0589","IsResidential": true},"ChannelName": "HKRM","Token": "99999999999999999999999999999999","ServiceTypeCode": "Tracked_24_S","WarehouseCode": "UK","LabelMarkText": null,"RedundancyField": {"SignatureOption": ""}}}", "LabelImage", "", "", "getCountry", 54, "TestHKRM115305  BN91BN91"</span><br />
    
        

      </td>
</tr>
<tr>
  <td class="method">
                  getCountry
      </td>
  <td class="duration">
    1.113s
  </td>
  <td class="result">
        
          <i>Method arguments: </i><span class="arguments">"20", "1", "{"Version":"0.0.0.3","Data": {"OrderID": "TestHKRM108122","ParcelInformation": {"Weight": "30","WeightUnit": 1,"Length": "30","Width": "20","Height": "10","SizeUnit": 1,"ExistDangeroursGoods": false,"ProductInformations": [{"Description": "phonecase","Quantity": 1,"Weight": "33","WeightUnit": 3,"Value": "10.0","Sku": "","Remark": "","ProductUrl": "","HSCode": "666666"}]},"RecipientAddress": {"FirstName": "Ecommerce","LastName": "TranshipmentSolution Ltd","Company": null,"StreetAddress": "54 Worthy Lane","StreetAddress2": "Address2","StreetAddress3": null,"City": "MEANLEY","State": "Western Australia","ZIPCode": "SR43 9YL","Country": "GB","PhoneNumber": "079 4281 0589","IsResidential": true},"ChannelName": "HKRM","Token": "99999999999999999999999999999999","ServiceTypeCode": "Tracked_24_S","WarehouseCode": "UK","LabelMarkText": null,"RedundancyField": {"SignatureOption": ""}}}", "LabelImage", "", "", "getCountry", 54, "TestHKRM108122  SR43E71"</span><br />
    
        

      </td>
</tr>
<tr>
  <td class="method">
                  getCountry
      </td>
  <td class="duration">
    0.528s
  </td>
  <td class="result">
        
          <i>Method arguments: </i><span class="arguments">"9", "1", "{"Version":"0.0.0.3","Data": {"OrderID": "TestHKRM124402","ParcelInformation": {"Weight": "30","WeightUnit": 1,"Length": "30","Width": "20","Height": "10","SizeUnit": 1,"ExistDangeroursGoods": false,"ProductInformations": [{"Description": "phonecase","Quantity": 1,"Weight": "33","WeightUnit": 3,"Value": "10.0","Sku": "","Remark": "","ProductUrl": "","HSCode": "666666"}]},"RecipientAddress": {"FirstName": "Ecommerce","LastName": "TranshipmentSolution Ltd","Company": null,"StreetAddress": "54 Worthy Lane","StreetAddress2": "Address2","StreetAddress3": null,"City": "MEANLEY","State": "Western Australia","ZIPCode": "DT2 9YL","Country": "GB","PhoneNumber": "079 4281 0589","IsResidential": true},"ChannelName": "HKRM","Token": "99999999999999999999999999999999","ServiceTypeCode": "Tracked_24_S","WarehouseCode": "UK","LabelMarkText": null,"RedundancyField": {"SignatureOption": ""}}}", "LabelImage", "", "", "getCountry", 54, "TestHKRM124402  DT2X14"</span><br />
    
        

      </td>
</tr>
<tr>
  <td class="method">
                  getCountry
      </td>
  <td class="duration">
    0.334s
  </td>
  <td class="result">
        
          <i>Method arguments: </i><span class="arguments">"22", "1", "{"Version":"0.0.0.3","Data": {"OrderID": "TestHKRM547321","ParcelInformation": {"Weight": "30","WeightUnit": 1,"Length": "30","Width": "20","Height": "10","SizeUnit": 1,"ExistDangeroursGoods": false,"ProductInformations": [{"Description": "phonecase","Quantity": 1,"Weight": "33","WeightUnit": 3,"Value": "10.0","Sku": "","Remark": "","ProductUrl": "","HSCode": "666666"}]},"RecipientAddress": {"FirstName": "Ecommerce","LastName": "TranshipmentSolution Ltd","Company": null,"StreetAddress": "54 Worthy Lane","StreetAddress2": "Address2","StreetAddress3": null,"City": "MEANLEY","State": "Western Australia","ZIPCode": "SS1 9YL","Country": "GB","PhoneNumber": "079 4281 0589","IsResidential": true},"ChannelName": "HKRM","Token": "99999999999999999999999999999999","ServiceTypeCode": "Tracked_24_S","WarehouseCode": "UK","LabelMarkText": null,"RedundancyField": {"SignatureOption": ""}}}", "LabelImage", "", "", "getCountry", 54, "TestHKRM547321  SS1R35"</span><br />
    
        

      </td>
</tr>
<tr>
  <td class="method">
                  getCountry
      </td>
  <td class="duration">
    0.594s
  </td>
  <td class="result">
        
          <i>Method arguments: </i><span class="arguments">"17", "1", "{"Version":"0.0.0.3","Data": {"OrderID": "TestHKRM799922","ParcelInformation": {"Weight": "30","WeightUnit": 1,"Length": "30","Width": "20","Height": "10","SizeUnit": 1,"ExistDangeroursGoods": false,"ProductInformations": [{"Description": "phonecase","Quantity": 1,"Weight": "33","WeightUnit": 3,"Value": "10.0","Sku": "","Remark": "","ProductUrl": "","HSCode": "666666"}]},"RecipientAddress": {"FirstName": "Ecommerce","LastName": "TranshipmentSolution Ltd","Company": null,"StreetAddress": "54 Worthy Lane","StreetAddress2": "Address2","StreetAddress3": null,"City": "MEANLEY","State": "Western Australia","ZIPCode": "SO25 9YL","Country": "GB","PhoneNumber": "079 4281 0589","IsResidential": true},"ChannelName": "HKRM","Token": "99999999999999999999999999999999","ServiceTypeCode": "Tracked_24_S","WarehouseCode": "UK","LabelMarkText": null,"RedundancyField": {"SignatureOption": ""}}}", "LabelImage", "", "", "getCountry", 54, "TestHKRM799922  SO25X15"</span><br />
    
        

      </td>
</tr>
<tr>
  <td class="method">
                  getCountry
      </td>
  <td class="duration">
    0.549s
  </td>
  <td class="result">
        
          <i>Method arguments: </i><span class="arguments">"12", "1", "{"Version":"0.0.0.3","Data": {"OrderID": "TestHKRM561135","ParcelInformation": {"Weight": "30","WeightUnit": 1,"Length": "30","Width": "20","Height": "10","SizeUnit": 1,"ExistDangeroursGoods": false,"ProductInformations": [{"Description": "phonecase","Quantity": 1,"Weight": "33","WeightUnit": 3,"Value": "10.0","Sku": "","Remark": "","ProductUrl": "","HSCode": "666666"}]},"RecipientAddress": {"FirstName": "Ecommerce","LastName": "TranshipmentSolution Ltd","Company": null,"StreetAddress": "54 Worthy Lane","StreetAddress2": "Address2","StreetAddress3": null,"City": "MEANLEY","State": "Western Australia","ZIPCode": "PE1 9YL","Country": "GB","PhoneNumber": "079 4281 0589","IsResidential": true},"ChannelName": "HKRM","Token": "99999999999999999999999999999999","ServiceTypeCode": "Tracked_24_S","WarehouseCode": "UK","LabelMarkText": null,"RedundancyField": {"SignatureOption": ""}}}", "LabelImage", "", "", "getCountry", 54, "TestHKRM561135  PE1N47"</span><br />
    
        

      </td>
</tr>
<tr>
  <td class="method">
                  getCountry
      </td>
  <td class="duration">
    0.550s
  </td>
  <td class="result">
        
          <i>Method arguments: </i><span class="arguments">"15", "1", "{"Version":"0.0.0.3","Data": {"OrderID": "TestHKRM169515","ParcelInformation": {"Weight": "30","WeightUnit": 1,"Length": "30","Width": "20","Height": "10","SizeUnit": 1,"ExistDangeroursGoods": false,"ProductInformations": [{"Description": "phonecase","Quantity": 1,"Weight": "33","WeightUnit": 3,"Value": "10.0","Sku": "","Remark": "","ProductUrl": "","HSCode": "666666"}]},"RecipientAddress": {"FirstName": "Ecommerce","LastName": "TranshipmentSolution Ltd","Company": null,"StreetAddress": "54 Worthy Lane","StreetAddress2": "Address2","StreetAddress3": null,"City": "MEANLEY","State": "Western Australia","ZIPCode": "PH1 9YL","Country": "GB","PhoneNumber": "079 4281 0589","IsResidential": true},"ChannelName": "HKRM","Token": "99999999999999999999999999999999","ServiceTypeCode": "Tracked_24_S","WarehouseCode": "UK","LabelMarkText": null,"RedundancyField": {"SignatureOption": ""}}}", "LabelImage", "", "", "getCountry", 54, "TestHKRM169515  PH1A95"</span><br />
    
        

      </td>
</tr>
<tr>
  <td class="method">
                  getCountry
      </td>
  <td class="duration">
    1.896s
  </td>
  <td class="result">
        
          <i>Method arguments: </i><span class="arguments">"7", "1", "{"Version":"0.0.0.3","Data": {"OrderID": "TestHKRM969186","ParcelInformation": {"Weight": "30","WeightUnit": 1,"Length": "30","Width": "20","Height": "10","SizeUnit": 1,"ExistDangeroursGoods": false,"ProductInformations": [{"Description": "phonecase","Quantity": 1,"Weight": "33","WeightUnit": 3,"Value": "10.0","Sku": "","Remark": "","ProductUrl": "","HSCode": "666666"}]},"RecipientAddress": {"FirstName": "Ecommerce","LastName": "TranshipmentSolution Ltd","Company": null,"StreetAddress": "54 Worthy Lane","StreetAddress2": "Address2","StreetAddress3": null,"City": "MEANLEY","State": "Western Australia","ZIPCode": "DN55 9YL","Country": "GB","PhoneNumber": "079 4281 0589","IsResidential": true},"ChannelName": "HKRM","Token": "99999999999999999999999999999999","ServiceTypeCode": "Tracked_24_S","WarehouseCode": "UK","LabelMarkText": null,"RedundancyField": {"SignatureOption": ""}}}", "LabelImage", "", "", "getCountry", 54, "TestHKRM237969  DN55E62"</span><br />
    
        

      </td>
</tr>
<tr>
  <td class="method">
                  getCountry
      </td>
  <td class="duration">
    1.820s
  </td>
  <td class="result">
        
          <i>Method arguments: </i><span class="arguments">"11", "1", "{"Version":"0.0.0.3","Data": {"OrderID": "TestHKRM789051","ParcelInformation": {"Weight": "30","WeightUnit": 1,"Length": "30","Width": "20","Height": "10","SizeUnit": 1,"ExistDangeroursGoods": false,"ProductInformations": [{"Description": "phonecase","Quantity": 1,"Weight": "33","WeightUnit": 3,"Value": "10.0","Sku": "","Remark": "","ProductUrl": "","HSCode": "666666"}]},"RecipientAddress": {"FirstName": "Ecommerce","LastName": "TranshipmentSolution Ltd","Company": null,"StreetAddress": "54 Worthy Lane","StreetAddress2": "Address2","StreetAddress3": null,"City": "MEANLEY","State": "Western Australia","ZIPCode": "PA98 9YL","Country": "GB","PhoneNumber": "079 4281 0589","IsResidential": true},"ChannelName": "HKRM","Token": "99999999999999999999999999999999","ServiceTypeCode": "Tracked_24_S","WarehouseCode": "UK","LabelMarkText": null,"RedundancyField": {"SignatureOption": ""}}}", "LabelImage", "", "", "getCountry", 54, "TestHKRM789051  PA98A87"</span><br />
    
        

      </td>
</tr>
<tr>
  <td class="method">
                  getCountry
      </td>
  <td class="duration">
    0.659s
  </td>
  <td class="result">
        
          <i>Method arguments: </i><span class="arguments">"6", "1", "{"Version":"0.0.0.3","Data": {"OrderID": "TestHKRM237969","ParcelInformation": {"Weight": "30","WeightUnit": 1,"Length": "30","Width": "20","Height": "10","SizeUnit": 1,"ExistDangeroursGoods": false,"ProductInformations": [{"Description": "phonecase","Quantity": 1,"Weight": "33","WeightUnit": 3,"Value": "10.0","Sku": "","Remark": "","ProductUrl": "","HSCode": "666666"}]},"RecipientAddress": {"FirstName": "Ecommerce","LastName": "TranshipmentSolution Ltd","Company": null,"StreetAddress": "54 Worthy Lane","StreetAddress2": "Address2","StreetAddress3": null,"City": "MEANLEY","State": "Western Australia","ZIPCode": "DN2 9YL","Country": "GB","PhoneNumber": "079 4281 0589","IsResidential": true},"ChannelName": "HKRM","Token": "99999999999999999999999999999999","ServiceTypeCode": "Tracked_24_S","WarehouseCode": "UK","LabelMarkText": null,"RedundancyField": {"SignatureOption": ""}}}", "LabelImage", "", "", "getCountry", 54, "TestHKRM237969  DN2E62"</span><br />
    
        

      </td>
</tr>
      </table>
  
</body>
</html>
