<?xml version="1.0" encoding="UTF-8"?>
<!-- Generated by org.testng.reporters.JUnitXMLReporter -->
<testsuite hostname="DESKTOP-KKIAIRI" name="getCountry1" tests="61" failures="12" timestamp="15 Apr 2019 02:37:32 GMT" time="4.577" errors="0">
  <testcase name="test_case" time="0.499" classname="com.domoyun.testCase.All_Test_Case3">
    <failure type="java.lang.AssertionError" message="expected [true] but found [false]">
      <![CDATA[java.lang.AssertionError: expected [true] but found [false]
	at com.domoyun.testCase.All_Test_Case3.test_case(All_Test_Case3.java:71)
... Removed 28 stack frames]]>
    </failure>
  </testcase> <!-- test_case -->
  <testcase name="test_case" time="0.016" classname="com.domoyun.testCase.All_Test_Case3">
    <failure type="java.lang.AssertionError" message="expected [true] but found [false]">
      <![CDATA[java.lang.AssertionError: expected [true] but found [false]
	at com.domoyun.testCase.All_Test_Case3.test_case(All_Test_Case3.java:71)
... Removed 28 stack frames]]>
    </failure>
  </testcase> <!-- test_case -->
  <testcase name="test_case" time="0.014" classname="com.domoyun.testCase.All_Test_Case3">
    <failure type="java.lang.AssertionError" message="expected [true] but found [false]">
      <![CDATA[java.lang.AssertionError: expected [true] but found [false]
	at com.domoyun.testCase.All_Test_Case3.test_case(All_Test_Case3.java:71)
... Removed 28 stack frames]]>
    </failure>
  </testcase> <!-- test_case -->
  <testcase name="test_case" time="0.013" classname="com.domoyun.testCase.All_Test_Case3">
    <failure type="java.lang.AssertionError" message="expected [true] but found [false]">
      <![CDATA[java.lang.AssertionError: expected [true] but found [false]
	at com.domoyun.testCase.All_Test_Case3.test_case(All_Test_Case3.java:71)
... Removed 28 stack frames]]>
    </failure>
  </testcase> <!-- test_case -->
  <testcase name="test_case" time="0.022" classname="com.domoyun.testCase.All_Test_Case3">
    <failure type="java.lang.AssertionError" message="expected [true] but found [false]">
      <![CDATA[java.lang.AssertionError: expected [true] but found [false]
	at com.domoyun.testCase.All_Test_Case3.test_case(All_Test_Case3.java:71)
... Removed 28 stack frames]]>
    </failure>
  </testcase> <!-- test_case -->
  <testcase name="test_case" time="0.016" classname="com.domoyun.testCase.All_Test_Case3">
    <failure type="java.lang.AssertionError" message="expected [true] but found [false]">
      <![CDATA[java.lang.AssertionError: expected [true] but found [false]
	at com.domoyun.testCase.All_Test_Case3.test_case(All_Test_Case3.java:71)
... Removed 28 stack frames]]>
    </failure>
  </testcase> <!-- test_case -->
  <testcase name="test_case" time="0.013" classname="com.domoyun.testCase.All_Test_Case3">
    <failure type="java.lang.AssertionError" message="expected [true] but found [false]">
      <![CDATA[java.lang.AssertionError: expected [true] but found [false]
	at com.domoyun.testCase.All_Test_Case3.test_case(All_Test_Case3.java:71)
... Removed 28 stack frames]]>
    </failure>
  </testcase> <!-- test_case -->
  <testcase name="test_case" time="0.263" classname="com.domoyun.testCase.All_Test_Case3"/>
  <testcase name="test_case" time="0.213" classname="com.domoyun.testCase.All_Test_Case3"/>
  <testcase name="test_case" time="0.039" classname="com.domoyun.testCase.All_Test_Case3"/>
  <testcase name="test_case" time="0.058" classname="com.domoyun.testCase.All_Test_Case3"/>
  <testcase name="test_case" time="0.051" classname="com.domoyun.testCase.All_Test_Case3"/>
  <testcase name="test_case" time="0.067" classname="com.domoyun.testCase.All_Test_Case3"/>
  <testcase name="test_case" time="0.059" classname="com.domoyun.testCase.All_Test_Case3"/>
  <testcase name="test_case" time="0.063" classname="com.domoyun.testCase.All_Test_Case3"/>
  <testcase name="test_case" time="0.081" classname="com.domoyun.testCase.All_Test_Case3"/>
  <testcase name="test_case" time="0.071" classname="com.domoyun.testCase.All_Test_Case3"/>
  <testcase name="test_case" time="0.072" classname="com.domoyun.testCase.All_Test_Case3"/>
  <testcase name="test_case" time="0.073" classname="com.domoyun.testCase.All_Test_Case3"/>
  <testcase name="test_case" time="0.069" classname="com.domoyun.testCase.All_Test_Case3"/>
  <testcase name="test_case" time="0.064" classname="com.domoyun.testCase.All_Test_Case3"/>
  <testcase name="test_case" time="0.058" classname="com.domoyun.testCase.All_Test_Case3"/>
  <testcase name="test_case" time="0.05" classname="com.domoyun.testCase.All_Test_Case3"/>
  <testcase name="test_case" time="0.05" classname="com.domoyun.testCase.All_Test_Case3"/>
  <testcase name="test_case" time="0.053" classname="com.domoyun.testCase.All_Test_Case3"/>
  <testcase name="test_case" time="0.055" classname="com.domoyun.testCase.All_Test_Case3"/>
  <testcase name="test_case" time="0.04" classname="com.domoyun.testCase.All_Test_Case3"/>
  <testcase name="test_case" time="0.05" classname="com.domoyun.testCase.All_Test_Case3"/>
  <testcase name="test_case" time="0.043" classname="com.domoyun.testCase.All_Test_Case3"/>
  <testcase name="test_case" time="0.058" classname="com.domoyun.testCase.All_Test_Case3"/>
  <testcase name="test_case" time="0.051" classname="com.domoyun.testCase.All_Test_Case3"/>
  <testcase name="test_case" time="0.048" classname="com.domoyun.testCase.All_Test_Case3"/>
  <testcase name="test_case" time="0.054" classname="com.domoyun.testCase.All_Test_Case3"/>
  <testcase name="test_case" time="0.047" classname="com.domoyun.testCase.All_Test_Case3"/>
  <testcase name="test_case" time="0.048" classname="com.domoyun.testCase.All_Test_Case3"/>
  <testcase name="test_case" time="0.048" classname="com.domoyun.testCase.All_Test_Case3"/>
  <testcase name="test_case" time="0.041" classname="com.domoyun.testCase.All_Test_Case3"/>
  <testcase name="test_case" time="0.04" classname="com.domoyun.testCase.All_Test_Case3"/>
  <testcase name="test_case" time="0.061" classname="com.domoyun.testCase.All_Test_Case3"/>
  <testcase name="test_case" time="0.04" classname="com.domoyun.testCase.All_Test_Case3"/>
  <testcase name="test_case" time="0.039" classname="com.domoyun.testCase.All_Test_Case3"/>
  <testcase name="test_case" time="0.041" classname="com.domoyun.testCase.All_Test_Case3"/>
  <testcase name="test_case" time="0.064" classname="com.domoyun.testCase.All_Test_Case3"/>
  <testcase name="test_case" time="0.047" classname="com.domoyun.testCase.All_Test_Case3"/>
  <testcase name="test_case" time="0.051" classname="com.domoyun.testCase.All_Test_Case3"/>
  <testcase name="test_case" time="0.039" classname="com.domoyun.testCase.All_Test_Case3"/>
  <testcase name="test_case" time="0.053" classname="com.domoyun.testCase.All_Test_Case3"/>
  <testcase name="test_case" time="0.05" classname="com.domoyun.testCase.All_Test_Case3"/>
  <testcase name="test_case" time="0.052" classname="com.domoyun.testCase.All_Test_Case3"/>
  <testcase name="test_case" time="0.039" classname="com.domoyun.testCase.All_Test_Case3"/>
  <testcase name="test_case" time="0.04" classname="com.domoyun.testCase.All_Test_Case3"/>
  <testcase name="test_case" time="0.053" classname="com.domoyun.testCase.All_Test_Case3"/>
  <testcase name="test_case" time="0.047" classname="com.domoyun.testCase.All_Test_Case3"/>
  <testcase name="test_case" time="0.036" classname="com.domoyun.testCase.All_Test_Case3"/>
  <testcase name="test_case" time="0.03" classname="com.domoyun.testCase.All_Test_Case3"/>
  <testcase name="test_case" time="0.033" classname="com.domoyun.testCase.All_Test_Case3"/>
  <testcase name="test_case" time="0.036" classname="com.domoyun.testCase.All_Test_Case3">
    <failure type="java.lang.AssertionError" message="expected [true] but found [false]">
      <![CDATA[java.lang.AssertionError: expected [true] but found [false]
	at com.domoyun.testCase.All_Test_Case3.test_case(All_Test_Case3.java:71)
... Removed 27 stack frames]]>
    </failure>
  </testcase> <!-- test_case -->
  <testcase name="test_case" time="0.039" classname="com.domoyun.testCase.All_Test_Case3">
    <failure type="java.lang.AssertionError" message="expected [true] but found [false]">
      <![CDATA[java.lang.AssertionError: expected [true] but found [false]
	at com.domoyun.testCase.All_Test_Case3.test_case(All_Test_Case3.java:71)
... Removed 27 stack frames]]>
    </failure>
  </testcase> <!-- test_case -->
  <testcase name="test_case" time="0.048" classname="com.domoyun.testCase.All_Test_Case3">
    <failure type="java.lang.AssertionError" message="expected [true] but found [false]">
      <![CDATA[java.lang.AssertionError: expected [true] but found [false]
	at com.domoyun.testCase.All_Test_Case3.test_case(All_Test_Case3.java:71)
... Removed 27 stack frames]]>
    </failure>
  </testcase> <!-- test_case -->
  <testcase name="test_case" time="0.032" classname="com.domoyun.testCase.All_Test_Case3">
    <failure type="java.lang.AssertionError" message="expected [true] but found [false]">
      <![CDATA[java.lang.AssertionError: expected [true] but found [false]
	at com.domoyun.testCase.All_Test_Case3.test_case(All_Test_Case3.java:71)
... Removed 27 stack frames]]>
    </failure>
  </testcase> <!-- test_case -->
  <testcase name="test_case" time="0.035" classname="com.domoyun.testCase.All_Test_Case3">
    <failure type="java.lang.AssertionError" message="expected [true] but found [false]">
      <![CDATA[java.lang.AssertionError: expected [true] but found [false]
	at com.domoyun.testCase.All_Test_Case3.test_case(All_Test_Case3.java:71)
... Removed 27 stack frames]]>
    </failure>
  </testcase> <!-- test_case -->
</testsuite> <!-- getCountry1 -->
