<?xml version="1.0" encoding="UTF-8"?>
<!-- Generated by org.testng.reporters.JUnitXMLReporter -->
<testsuite hostname="DESKTOP-KKIAIRI" name="getCountry" tests="40" failures="1" timestamp="30 Apr 2019 04:28:57 GMT" time="5.977" errors="0">
  <testcase name="getCountry" time="0.705" classname="com.domoyun.testCase.MainStart"/>
  <testcase name="getCountry" time="0.56" classname="com.domoyun.testCase.MainStart"/>
  <testcase name="getCountry" time="1.854" classname="com.domoyun.testCase.MainStart"/>
  <testcase name="getCountry" time="0.098" classname="com.domoyun.testCase.MainStart"/>
  <testcase name="getCountry" time="0.077" classname="com.domoyun.testCase.MainStart"/>
  <testcase name="getCountry" time="0.067" classname="com.domoyun.testCase.MainStart"/>
  <testcase name="getCountry" time="0.066" classname="com.domoyun.testCase.MainStart"/>
  <testcase name="getCountry" time="0.066" classname="com.domoyun.testCase.MainStart"/>
  <testcase name="getCountry" time="0.05" classname="com.domoyun.testCase.MainStart"/>
  <testcase name="getCountry" time="0.066" classname="com.domoyun.testCase.MainStart"/>
  <testcase name="getCountry" time="0.064" classname="com.domoyun.testCase.MainStart"/>
  <testcase name="getCountry" time="0.068" classname="com.domoyun.testCase.MainStart"/>
  <testcase name="getCountry" time="0.063" classname="com.domoyun.testCase.MainStart"/>
  <testcase name="getCountry" time="0.066" classname="com.domoyun.testCase.MainStart"/>
  <testcase name="getCountry" time="0.063" classname="com.domoyun.testCase.MainStart"/>
  <testcase name="getCountry" time="0.068" classname="com.domoyun.testCase.MainStart"/>
  <testcase name="getCountry" time="0.061" classname="com.domoyun.testCase.MainStart"/>
  <testcase name="getCountry" time="0.074" classname="com.domoyun.testCase.MainStart"/>
  <testcase name="getCountry" time="0.017" classname="com.domoyun.testCase.MainStart">
    <failure type="java.lang.AssertionError" message="expected [true] but found [false]">
      <![CDATA[java.lang.AssertionError: expected [true] but found [false]
	at com.domoyun.testCase.MainStart.getCountry(MainStart.java:59)
... Removed 27 stack frames]]>
    </failure>
  </testcase> <!-- getCountry -->
  <testcase name="getCountry" time="0.075" classname="com.domoyun.testCase.MainStart"/>
  <testcase name="getCountry" time="0.108" classname="com.domoyun.testCase.MainStart"/>
  <testcase name="getCountry" time="0.096" classname="com.domoyun.testCase.MainStart"/>
  <testcase name="getCountry" time="0.071" classname="com.domoyun.testCase.MainStart"/>
  <testcase name="getCountry" time="0.06" classname="com.domoyun.testCase.MainStart"/>
  <testcase name="getCountry" time="0.064" classname="com.domoyun.testCase.MainStart"/>
  <testcase name="getCountry" time="0.059" classname="com.domoyun.testCase.MainStart"/>
  <testcase name="getCountry" time="0.077" classname="com.domoyun.testCase.MainStart"/>
  <testcase name="getCountry" time="0.057" classname="com.domoyun.testCase.MainStart"/>
  <testcase name="getCountry" time="0.058" classname="com.domoyun.testCase.MainStart"/>
  <testcase name="getCountry" time="0.078" classname="com.domoyun.testCase.MainStart"/>
  <testcase name="getCountry" time="0.081" classname="com.domoyun.testCase.MainStart"/>
  <testcase name="getCountry" time="0.055" classname="com.domoyun.testCase.MainStart"/>
  <testcase name="getCountry" time="0.07" classname="com.domoyun.testCase.MainStart"/>
  <testcase name="getCountry" time="0.081" classname="com.domoyun.testCase.MainStart"/>
  <testcase name="getCountry" time="0.072" classname="com.domoyun.testCase.MainStart"/>
  <testcase name="getCountry" time="0.063" classname="com.domoyun.testCase.MainStart"/>
  <testcase name="getCountry" time="0.083" classname="com.domoyun.testCase.MainStart"/>
  <testcase name="getCountry" time="0.131" classname="com.domoyun.testCase.MainStart"/>
  <testcase name="getCountry" time="0.082" classname="com.domoyun.testCase.MainStart"/>
  <testcase name="getCountry" time="0.071" classname="com.domoyun.testCase.MainStart"/>
</testsuite> <!-- getCountry -->
