<html>
<head>
<title>TestNG:  getCountry</title>
<link href="../testng.css" rel="stylesheet" type="text/css" />
<link href="../my-testng.css" rel="stylesheet" type="text/css" />

<style type="text/css">
.log { display: none;} 
.stack-trace { display: none;} 
</style>
<script type="text/javascript">
<!--
function flip(e) {
  current = e.style.display;
  if (current == 'block') {
    e.style.display = 'none';
    return 0;
  }
  else {
    e.style.display = 'block';
    return 1;
  }
}

function toggleBox(szDivId, elem, msg1, msg2)
{
  var res = -1;  if (document.getElementById) {
    res = flip(document.getElementById(szDivId));
  }
  else if (document.all) {
    // this is the way old msie versions work
    res = flip(document.all[szDivId]);
  }
  if(elem) {
    if(res == 0) elem.innerHTML = msg1; else elem.innerHTML = msg2;
  }

}

function toggleAllBoxes() {
  if (document.getElementsByTagName) {
    d = document.getElementsByTagName('div');
    for (i = 0; i < d.length; i++) {
      if (d[i].className == 'log') {
        flip(d[i]);
      }
    }
  }
}

// -->
</script>

</head>
<body>
<h2 align='center'>getCountry</h2><table border='1' align="center">
<tr>
<td>Tests passed/Failed/Skipped:</td><td>22/32/0</td>
</tr><tr>
<td>Started on:</td><td>Thu Jun 13 10:51:41 CST 2019</td>
</tr>
<tr><td>Total time:</td><td>3 seconds (3688 ms)</td>
</tr><tr>
<td>Included groups:</td><td></td>
</tr><tr>
<td>Excluded groups:</td><td></td>
</tr>
</table><p/>
<small><i>(Hover the method name to see the test class name)</i></small><p/>
<table width='100%' border='1' class='invocation-failed'>
<tr><td colspan='4' align='center'><b>FAILED TESTS</b></td></tr>
<tr><td><b>Test method</b></td>
<td width="30%"><b>Exception</b></td>
<td width="10%"><b>Time (seconds)</b></td>
<td><b>Instance</b></td>
</tr>
<tr>
<td title='com.domoyun.testCase.MainStart.getCountry()'><b>getCountry</b><br>Test class: com.domoyun.testCase.MainStart<br>Parameters: 23, 1, , LabelImage, , , getCountry, 54, </td>
<td><div><pre>java.lang.AssertionError: expected [true] but found [false]
	at com.domoyun.testCase.MainStart.getCountry(MainStart.java:71)
... Removed 27 stack frames</pre></div><a href='#' onClick='toggleBox("stack-trace388104475", this, "Click to show all stack frames", "Click to hide stack frames")'>Click to show all stack frames</a>
<div class='stack-trace' id='stack-trace388104475'><pre>java.lang.AssertionError: expected [true] but found [false]
	at org.testng.Assert.fail(Assert.java:94)
	at org.testng.Assert.failNotEquals(Assert.java:494)
	at org.testng.Assert.assertTrue(Assert.java:42)
	at org.testng.Assert.assertTrue(Assert.java:52)
	at com.domoyun.testCase.MainStart.getCountry(MainStart.java:71)
	at sun.reflect.GeneratedMethodAccessor19.invoke(Unknown Source)
	at sun.reflect.DelegatingMethodAccessorImpl.invoke(Unknown Source)
	at java.lang.reflect.Method.invoke(Unknown Source)
	at org.testng.internal.MethodInvocationHelper.invokeMethod(MethodInvocationHelper.java:84)
	at org.testng.internal.Invoker.invokeMethod(Invoker.java:714)
	at org.testng.internal.Invoker.invokeTestMethod(Invoker.java:901)
	at org.testng.internal.Invoker.invokeTestMethods(Invoker.java:1231)
	at org.testng.internal.TestMethodWorker.invokeTestMethods(TestMethodWorker.java:127)
	at org.testng.internal.TestMethodWorker.run(TestMethodWorker.java:111)
	at org.testng.TestRunner.privateRun(TestRunner.java:767)
	at org.testng.TestRunner.run(TestRunner.java:617)
	at org.testng.SuiteRunner.runTest(SuiteRunner.java:348)
	at org.testng.SuiteRunner.runSequentially(SuiteRunner.java:343)
	at org.testng.SuiteRunner.privateRun(SuiteRunner.java:305)
	at org.testng.SuiteRunner.run(SuiteRunner.java:254)
	at org.testng.SuiteRunnerWorker.runSuite(SuiteRunnerWorker.java:52)
	at org.testng.SuiteRunnerWorker.run(SuiteRunnerWorker.java:86)
	at org.testng.TestNG.runSuitesSequentially(TestNG.java:1224)
	at org.testng.TestNG.runSuitesLocally(TestNG.java:1149)
	at org.testng.TestNG.run(TestNG.java:1057)
	at org.testng.remote.RemoteTestNG.run(RemoteTestNG.java:111)
	at org.testng.remote.RemoteTestNG.initAndRun(RemoteTestNG.java:204)
	at org.testng.remote.RemoteTestNG.main(RemoteTestNG.java:175)
</pre></div></td>
<td>0</td>
<td>com.domoyun.testCase.MainStart@7225790e</td></tr>
<tr>
<td title='com.domoyun.testCase.MainStart.getCountry()'><b>getCountry</b><br>Test class: com.domoyun.testCase.MainStart<br>Parameters: 24, 1, , LabelImage, , , getCountry, 54, </td>
<td><div><pre>java.lang.AssertionError: expected [true] but found [false]
	at com.domoyun.testCase.MainStart.getCountry(MainStart.java:71)
... Removed 27 stack frames</pre></div><a href='#' onClick='toggleBox("stack-trace706895319", this, "Click to show all stack frames", "Click to hide stack frames")'>Click to show all stack frames</a>
<div class='stack-trace' id='stack-trace706895319'><pre>java.lang.AssertionError: expected [true] but found [false]
	at org.testng.Assert.fail(Assert.java:94)
	at org.testng.Assert.failNotEquals(Assert.java:494)
	at org.testng.Assert.assertTrue(Assert.java:42)
	at org.testng.Assert.assertTrue(Assert.java:52)
	at com.domoyun.testCase.MainStart.getCountry(MainStart.java:71)
	at sun.reflect.GeneratedMethodAccessor19.invoke(Unknown Source)
	at sun.reflect.DelegatingMethodAccessorImpl.invoke(Unknown Source)
	at java.lang.reflect.Method.invoke(Unknown Source)
	at org.testng.internal.MethodInvocationHelper.invokeMethod(MethodInvocationHelper.java:84)
	at org.testng.internal.Invoker.invokeMethod(Invoker.java:714)
	at org.testng.internal.Invoker.invokeTestMethod(Invoker.java:901)
	at org.testng.internal.Invoker.invokeTestMethods(Invoker.java:1231)
	at org.testng.internal.TestMethodWorker.invokeTestMethods(TestMethodWorker.java:127)
	at org.testng.internal.TestMethodWorker.run(TestMethodWorker.java:111)
	at org.testng.TestRunner.privateRun(TestRunner.java:767)
	at org.testng.TestRunner.run(TestRunner.java:617)
	at org.testng.SuiteRunner.runTest(SuiteRunner.java:348)
	at org.testng.SuiteRunner.runSequentially(SuiteRunner.java:343)
	at org.testng.SuiteRunner.privateRun(SuiteRunner.java:305)
	at org.testng.SuiteRunner.run(SuiteRunner.java:254)
	at org.testng.SuiteRunnerWorker.runSuite(SuiteRunnerWorker.java:52)
	at org.testng.SuiteRunnerWorker.run(SuiteRunnerWorker.java:86)
	at org.testng.TestNG.runSuitesSequentially(TestNG.java:1224)
	at org.testng.TestNG.runSuitesLocally(TestNG.java:1149)
	at org.testng.TestNG.run(TestNG.java:1057)
	at org.testng.remote.RemoteTestNG.run(RemoteTestNG.java:111)
	at org.testng.remote.RemoteTestNG.initAndRun(RemoteTestNG.java:204)
	at org.testng.remote.RemoteTestNG.main(RemoteTestNG.java:175)
</pre></div></td>
<td>0</td>
<td>com.domoyun.testCase.MainStart@7225790e</td></tr>
<tr>
<td title='com.domoyun.testCase.MainStart.getCountry()'><b>getCountry</b><br>Test class: com.domoyun.testCase.MainStart<br>Parameters: 25, 1, , LabelImage, , , getCountry, 54, </td>
<td><div><pre>java.lang.AssertionError: expected [true] but found [false]
	at com.domoyun.testCase.MainStart.getCountry(MainStart.java:71)
... Removed 27 stack frames</pre></div><a href='#' onClick='toggleBox("stack-trace1439632660", this, "Click to show all stack frames", "Click to hide stack frames")'>Click to show all stack frames</a>
<div class='stack-trace' id='stack-trace1439632660'><pre>java.lang.AssertionError: expected [true] but found [false]
	at org.testng.Assert.fail(Assert.java:94)
	at org.testng.Assert.failNotEquals(Assert.java:494)
	at org.testng.Assert.assertTrue(Assert.java:42)
	at org.testng.Assert.assertTrue(Assert.java:52)
	at com.domoyun.testCase.MainStart.getCountry(MainStart.java:71)
	at sun.reflect.GeneratedMethodAccessor19.invoke(Unknown Source)
	at sun.reflect.DelegatingMethodAccessorImpl.invoke(Unknown Source)
	at java.lang.reflect.Method.invoke(Unknown Source)
	at org.testng.internal.MethodInvocationHelper.invokeMethod(MethodInvocationHelper.java:84)
	at org.testng.internal.Invoker.invokeMethod(Invoker.java:714)
	at org.testng.internal.Invoker.invokeTestMethod(Invoker.java:901)
	at org.testng.internal.Invoker.invokeTestMethods(Invoker.java:1231)
	at org.testng.internal.TestMethodWorker.invokeTestMethods(TestMethodWorker.java:127)
	at org.testng.internal.TestMethodWorker.run(TestMethodWorker.java:111)
	at org.testng.TestRunner.privateRun(TestRunner.java:767)
	at org.testng.TestRunner.run(TestRunner.java:617)
	at org.testng.SuiteRunner.runTest(SuiteRunner.java:348)
	at org.testng.SuiteRunner.runSequentially(SuiteRunner.java:343)
	at org.testng.SuiteRunner.privateRun(SuiteRunner.java:305)
	at org.testng.SuiteRunner.run(SuiteRunner.java:254)
	at org.testng.SuiteRunnerWorker.runSuite(SuiteRunnerWorker.java:52)
	at org.testng.SuiteRunnerWorker.run(SuiteRunnerWorker.java:86)
	at org.testng.TestNG.runSuitesSequentially(TestNG.java:1224)
	at org.testng.TestNG.runSuitesLocally(TestNG.java:1149)
	at org.testng.TestNG.run(TestNG.java:1057)
	at org.testng.remote.RemoteTestNG.run(RemoteTestNG.java:111)
	at org.testng.remote.RemoteTestNG.initAndRun(RemoteTestNG.java:204)
	at org.testng.remote.RemoteTestNG.main(RemoteTestNG.java:175)
</pre></div></td>
<td>0</td>
<td>com.domoyun.testCase.MainStart@7225790e</td></tr>
<tr>
<td title='com.domoyun.testCase.MainStart.getCountry()'><b>getCountry</b><br>Test class: com.domoyun.testCase.MainStart<br>Parameters: 26, 1, , LabelImage, , , getCountry, 54, </td>
<td><div><pre>java.lang.AssertionError: expected [true] but found [false]
	at com.domoyun.testCase.MainStart.getCountry(MainStart.java:71)
... Removed 27 stack frames</pre></div><a href='#' onClick='toggleBox("stack-trace527804008", this, "Click to show all stack frames", "Click to hide stack frames")'>Click to show all stack frames</a>
<div class='stack-trace' id='stack-trace527804008'><pre>java.lang.AssertionError: expected [true] but found [false]
	at org.testng.Assert.fail(Assert.java:94)
	at org.testng.Assert.failNotEquals(Assert.java:494)
	at org.testng.Assert.assertTrue(Assert.java:42)
	at org.testng.Assert.assertTrue(Assert.java:52)
	at com.domoyun.testCase.MainStart.getCountry(MainStart.java:71)
	at sun.reflect.GeneratedMethodAccessor19.invoke(Unknown Source)
	at sun.reflect.DelegatingMethodAccessorImpl.invoke(Unknown Source)
	at java.lang.reflect.Method.invoke(Unknown Source)
	at org.testng.internal.MethodInvocationHelper.invokeMethod(MethodInvocationHelper.java:84)
	at org.testng.internal.Invoker.invokeMethod(Invoker.java:714)
	at org.testng.internal.Invoker.invokeTestMethod(Invoker.java:901)
	at org.testng.internal.Invoker.invokeTestMethods(Invoker.java:1231)
	at org.testng.internal.TestMethodWorker.invokeTestMethods(TestMethodWorker.java:127)
	at org.testng.internal.TestMethodWorker.run(TestMethodWorker.java:111)
	at org.testng.TestRunner.privateRun(TestRunner.java:767)
	at org.testng.TestRunner.run(TestRunner.java:617)
	at org.testng.SuiteRunner.runTest(SuiteRunner.java:348)
	at org.testng.SuiteRunner.runSequentially(SuiteRunner.java:343)
	at org.testng.SuiteRunner.privateRun(SuiteRunner.java:305)
	at org.testng.SuiteRunner.run(SuiteRunner.java:254)
	at org.testng.SuiteRunnerWorker.runSuite(SuiteRunnerWorker.java:52)
	at org.testng.SuiteRunnerWorker.run(SuiteRunnerWorker.java:86)
	at org.testng.TestNG.runSuitesSequentially(TestNG.java:1224)
	at org.testng.TestNG.runSuitesLocally(TestNG.java:1149)
	at org.testng.TestNG.run(TestNG.java:1057)
	at org.testng.remote.RemoteTestNG.run(RemoteTestNG.java:111)
	at org.testng.remote.RemoteTestNG.initAndRun(RemoteTestNG.java:204)
	at org.testng.remote.RemoteTestNG.main(RemoteTestNG.java:175)
</pre></div></td>
<td>0</td>
<td>com.domoyun.testCase.MainStart@7225790e</td></tr>
<tr>
<td title='com.domoyun.testCase.MainStart.getCountry()'><b>getCountry</b><br>Test class: com.domoyun.testCase.MainStart<br>Parameters: 27, 1, , LabelImage, , , getCountry, 54, </td>
<td><div><pre>java.lang.AssertionError: expected [true] but found [false]
	at com.domoyun.testCase.MainStart.getCountry(MainStart.java:71)
... Removed 27 stack frames</pre></div><a href='#' onClick='toggleBox("stack-trace1713833639", this, "Click to show all stack frames", "Click to hide stack frames")'>Click to show all stack frames</a>
<div class='stack-trace' id='stack-trace1713833639'><pre>java.lang.AssertionError: expected [true] but found [false]
	at org.testng.Assert.fail(Assert.java:94)
	at org.testng.Assert.failNotEquals(Assert.java:494)
	at org.testng.Assert.assertTrue(Assert.java:42)
	at org.testng.Assert.assertTrue(Assert.java:52)
	at com.domoyun.testCase.MainStart.getCountry(MainStart.java:71)
	at sun.reflect.GeneratedMethodAccessor19.invoke(Unknown Source)
	at sun.reflect.DelegatingMethodAccessorImpl.invoke(Unknown Source)
	at java.lang.reflect.Method.invoke(Unknown Source)
	at org.testng.internal.MethodInvocationHelper.invokeMethod(MethodInvocationHelper.java:84)
	at org.testng.internal.Invoker.invokeMethod(Invoker.java:714)
	at org.testng.internal.Invoker.invokeTestMethod(Invoker.java:901)
	at org.testng.internal.Invoker.invokeTestMethods(Invoker.java:1231)
	at org.testng.internal.TestMethodWorker.invokeTestMethods(TestMethodWorker.java:127)
	at org.testng.internal.TestMethodWorker.run(TestMethodWorker.java:111)
	at org.testng.TestRunner.privateRun(TestRunner.java:767)
	at org.testng.TestRunner.run(TestRunner.java:617)
	at org.testng.SuiteRunner.runTest(SuiteRunner.java:348)
	at org.testng.SuiteRunner.runSequentially(SuiteRunner.java:343)
	at org.testng.SuiteRunner.privateRun(SuiteRunner.java:305)
	at org.testng.SuiteRunner.run(SuiteRunner.java:254)
	at org.testng.SuiteRunnerWorker.runSuite(SuiteRunnerWorker.java:52)
	at org.testng.SuiteRunnerWorker.run(SuiteRunnerWorker.java:86)
	at org.testng.TestNG.runSuitesSequentially(TestNG.java:1224)
	at org.testng.TestNG.runSuitesLocally(TestNG.java:1149)
	at org.testng.TestNG.run(TestNG.java:1057)
	at org.testng.remote.RemoteTestNG.run(RemoteTestNG.java:111)
	at org.testng.remote.RemoteTestNG.initAndRun(RemoteTestNG.java:204)
	at org.testng.remote.RemoteTestNG.main(RemoteTestNG.java:175)
</pre></div></td>
<td>0</td>
<td>com.domoyun.testCase.MainStart@7225790e</td></tr>
<tr>
<td title='com.domoyun.testCase.MainStart.getCountry()'><b>getCountry</b><br>Test class: com.domoyun.testCase.MainStart<br>Parameters: 28, 1, , LabelImage, , , getCountry, 54, </td>
<td><div><pre>java.lang.AssertionError: expected [true] but found [false]
	at com.domoyun.testCase.MainStart.getCountry(MainStart.java:71)
... Removed 27 stack frames</pre></div><a href='#' onClick='toggleBox("stack-trace1320105604", this, "Click to show all stack frames", "Click to hide stack frames")'>Click to show all stack frames</a>
<div class='stack-trace' id='stack-trace1320105604'><pre>java.lang.AssertionError: expected [true] but found [false]
	at org.testng.Assert.fail(Assert.java:94)
	at org.testng.Assert.failNotEquals(Assert.java:494)
	at org.testng.Assert.assertTrue(Assert.java:42)
	at org.testng.Assert.assertTrue(Assert.java:52)
	at com.domoyun.testCase.MainStart.getCountry(MainStart.java:71)
	at sun.reflect.GeneratedMethodAccessor19.invoke(Unknown Source)
	at sun.reflect.DelegatingMethodAccessorImpl.invoke(Unknown Source)
	at java.lang.reflect.Method.invoke(Unknown Source)
	at org.testng.internal.MethodInvocationHelper.invokeMethod(MethodInvocationHelper.java:84)
	at org.testng.internal.Invoker.invokeMethod(Invoker.java:714)
	at org.testng.internal.Invoker.invokeTestMethod(Invoker.java:901)
	at org.testng.internal.Invoker.invokeTestMethods(Invoker.java:1231)
	at org.testng.internal.TestMethodWorker.invokeTestMethods(TestMethodWorker.java:127)
	at org.testng.internal.TestMethodWorker.run(TestMethodWorker.java:111)
	at org.testng.TestRunner.privateRun(TestRunner.java:767)
	at org.testng.TestRunner.run(TestRunner.java:617)
	at org.testng.SuiteRunner.runTest(SuiteRunner.java:348)
	at org.testng.SuiteRunner.runSequentially(SuiteRunner.java:343)
	at org.testng.SuiteRunner.privateRun(SuiteRunner.java:305)
	at org.testng.SuiteRunner.run(SuiteRunner.java:254)
	at org.testng.SuiteRunnerWorker.runSuite(SuiteRunnerWorker.java:52)
	at org.testng.SuiteRunnerWorker.run(SuiteRunnerWorker.java:86)
	at org.testng.TestNG.runSuitesSequentially(TestNG.java:1224)
	at org.testng.TestNG.runSuitesLocally(TestNG.java:1149)
	at org.testng.TestNG.run(TestNG.java:1057)
	at org.testng.remote.RemoteTestNG.run(RemoteTestNG.java:111)
	at org.testng.remote.RemoteTestNG.initAndRun(RemoteTestNG.java:204)
	at org.testng.remote.RemoteTestNG.main(RemoteTestNG.java:175)
</pre></div></td>
<td>0</td>
<td>com.domoyun.testCase.MainStart@7225790e</td></tr>
<tr>
<td title='com.domoyun.testCase.MainStart.getCountry()'><b>getCountry</b><br>Test class: com.domoyun.testCase.MainStart<br>Parameters: 29, 1, , LabelImage, , , getCountry, 54, </td>
<td><div><pre>java.lang.AssertionError: expected [true] but found [false]
	at com.domoyun.testCase.MainStart.getCountry(MainStart.java:71)
... Removed 27 stack frames</pre></div><a href='#' onClick='toggleBox("stack-trace300983713", this, "Click to show all stack frames", "Click to hide stack frames")'>Click to show all stack frames</a>
<div class='stack-trace' id='stack-trace300983713'><pre>java.lang.AssertionError: expected [true] but found [false]
	at org.testng.Assert.fail(Assert.java:94)
	at org.testng.Assert.failNotEquals(Assert.java:494)
	at org.testng.Assert.assertTrue(Assert.java:42)
	at org.testng.Assert.assertTrue(Assert.java:52)
	at com.domoyun.testCase.MainStart.getCountry(MainStart.java:71)
	at sun.reflect.GeneratedMethodAccessor19.invoke(Unknown Source)
	at sun.reflect.DelegatingMethodAccessorImpl.invoke(Unknown Source)
	at java.lang.reflect.Method.invoke(Unknown Source)
	at org.testng.internal.MethodInvocationHelper.invokeMethod(MethodInvocationHelper.java:84)
	at org.testng.internal.Invoker.invokeMethod(Invoker.java:714)
	at org.testng.internal.Invoker.invokeTestMethod(Invoker.java:901)
	at org.testng.internal.Invoker.invokeTestMethods(Invoker.java:1231)
	at org.testng.internal.TestMethodWorker.invokeTestMethods(TestMethodWorker.java:127)
	at org.testng.internal.TestMethodWorker.run(TestMethodWorker.java:111)
	at org.testng.TestRunner.privateRun(TestRunner.java:767)
	at org.testng.TestRunner.run(TestRunner.java:617)
	at org.testng.SuiteRunner.runTest(SuiteRunner.java:348)
	at org.testng.SuiteRunner.runSequentially(SuiteRunner.java:343)
	at org.testng.SuiteRunner.privateRun(SuiteRunner.java:305)
	at org.testng.SuiteRunner.run(SuiteRunner.java:254)
	at org.testng.SuiteRunnerWorker.runSuite(SuiteRunnerWorker.java:52)
	at org.testng.SuiteRunnerWorker.run(SuiteRunnerWorker.java:86)
	at org.testng.TestNG.runSuitesSequentially(TestNG.java:1224)
	at org.testng.TestNG.runSuitesLocally(TestNG.java:1149)
	at org.testng.TestNG.run(TestNG.java:1057)
	at org.testng.remote.RemoteTestNG.run(RemoteTestNG.java:111)
	at org.testng.remote.RemoteTestNG.initAndRun(RemoteTestNG.java:204)
	at org.testng.remote.RemoteTestNG.main(RemoteTestNG.java:175)
</pre></div></td>
<td>0</td>
<td>com.domoyun.testCase.MainStart@7225790e</td></tr>
<tr>
<td title='com.domoyun.testCase.MainStart.getCountry()'><b>getCountry</b><br>Test class: com.domoyun.testCase.MainStart<br>Parameters: 30, 1, , LabelImage, , , getCountry, 54, </td>
<td><div><pre>java.lang.AssertionError: expected [true] but found [false]
	at com.domoyun.testCase.MainStart.getCountry(MainStart.java:71)
... Removed 27 stack frames</pre></div><a href='#' onClick='toggleBox("stack-trace1976752685", this, "Click to show all stack frames", "Click to hide stack frames")'>Click to show all stack frames</a>
<div class='stack-trace' id='stack-trace1976752685'><pre>java.lang.AssertionError: expected [true] but found [false]
	at org.testng.Assert.fail(Assert.java:94)
	at org.testng.Assert.failNotEquals(Assert.java:494)
	at org.testng.Assert.assertTrue(Assert.java:42)
	at org.testng.Assert.assertTrue(Assert.java:52)
	at com.domoyun.testCase.MainStart.getCountry(MainStart.java:71)
	at sun.reflect.GeneratedMethodAccessor19.invoke(Unknown Source)
	at sun.reflect.DelegatingMethodAccessorImpl.invoke(Unknown Source)
	at java.lang.reflect.Method.invoke(Unknown Source)
	at org.testng.internal.MethodInvocationHelper.invokeMethod(MethodInvocationHelper.java:84)
	at org.testng.internal.Invoker.invokeMethod(Invoker.java:714)
	at org.testng.internal.Invoker.invokeTestMethod(Invoker.java:901)
	at org.testng.internal.Invoker.invokeTestMethods(Invoker.java:1231)
	at org.testng.internal.TestMethodWorker.invokeTestMethods(TestMethodWorker.java:127)
	at org.testng.internal.TestMethodWorker.run(TestMethodWorker.java:111)
	at org.testng.TestRunner.privateRun(TestRunner.java:767)
	at org.testng.TestRunner.run(TestRunner.java:617)
	at org.testng.SuiteRunner.runTest(SuiteRunner.java:348)
	at org.testng.SuiteRunner.runSequentially(SuiteRunner.java:343)
	at org.testng.SuiteRunner.privateRun(SuiteRunner.java:305)
	at org.testng.SuiteRunner.run(SuiteRunner.java:254)
	at org.testng.SuiteRunnerWorker.runSuite(SuiteRunnerWorker.java:52)
	at org.testng.SuiteRunnerWorker.run(SuiteRunnerWorker.java:86)
	at org.testng.TestNG.runSuitesSequentially(TestNG.java:1224)
	at org.testng.TestNG.runSuitesLocally(TestNG.java:1149)
	at org.testng.TestNG.run(TestNG.java:1057)
	at org.testng.remote.RemoteTestNG.run(RemoteTestNG.java:111)
	at org.testng.remote.RemoteTestNG.initAndRun(RemoteTestNG.java:204)
	at org.testng.remote.RemoteTestNG.main(RemoteTestNG.java:175)
</pre></div></td>
<td>0</td>
<td>com.domoyun.testCase.MainStart@7225790e</td></tr>
<tr>
<td title='com.domoyun.testCase.MainStart.getCountry()'><b>getCountry</b><br>Test class: com.domoyun.testCase.MainStart<br>Parameters: 31, 1, , LabelImage, , , getCountry, 54, </td>
<td><div><pre>java.lang.AssertionError: expected [true] but found [false]
	at com.domoyun.testCase.MainStart.getCountry(MainStart.java:71)
... Removed 27 stack frames</pre></div><a href='#' onClick='toggleBox("stack-trace1812823171", this, "Click to show all stack frames", "Click to hide stack frames")'>Click to show all stack frames</a>
<div class='stack-trace' id='stack-trace1812823171'><pre>java.lang.AssertionError: expected [true] but found [false]
	at org.testng.Assert.fail(Assert.java:94)
	at org.testng.Assert.failNotEquals(Assert.java:494)
	at org.testng.Assert.assertTrue(Assert.java:42)
	at org.testng.Assert.assertTrue(Assert.java:52)
	at com.domoyun.testCase.MainStart.getCountry(MainStart.java:71)
	at sun.reflect.GeneratedMethodAccessor19.invoke(Unknown Source)
	at sun.reflect.DelegatingMethodAccessorImpl.invoke(Unknown Source)
	at java.lang.reflect.Method.invoke(Unknown Source)
	at org.testng.internal.MethodInvocationHelper.invokeMethod(MethodInvocationHelper.java:84)
	at org.testng.internal.Invoker.invokeMethod(Invoker.java:714)
	at org.testng.internal.Invoker.invokeTestMethod(Invoker.java:901)
	at org.testng.internal.Invoker.invokeTestMethods(Invoker.java:1231)
	at org.testng.internal.TestMethodWorker.invokeTestMethods(TestMethodWorker.java:127)
	at org.testng.internal.TestMethodWorker.run(TestMethodWorker.java:111)
	at org.testng.TestRunner.privateRun(TestRunner.java:767)
	at org.testng.TestRunner.run(TestRunner.java:617)
	at org.testng.SuiteRunner.runTest(SuiteRunner.java:348)
	at org.testng.SuiteRunner.runSequentially(SuiteRunner.java:343)
	at org.testng.SuiteRunner.privateRun(SuiteRunner.java:305)
	at org.testng.SuiteRunner.run(SuiteRunner.java:254)
	at org.testng.SuiteRunnerWorker.runSuite(SuiteRunnerWorker.java:52)
	at org.testng.SuiteRunnerWorker.run(SuiteRunnerWorker.java:86)
	at org.testng.TestNG.runSuitesSequentially(TestNG.java:1224)
	at org.testng.TestNG.runSuitesLocally(TestNG.java:1149)
	at org.testng.TestNG.run(TestNG.java:1057)
	at org.testng.remote.RemoteTestNG.run(RemoteTestNG.java:111)
	at org.testng.remote.RemoteTestNG.initAndRun(RemoteTestNG.java:204)
	at org.testng.remote.RemoteTestNG.main(RemoteTestNG.java:175)
</pre></div></td>
<td>0</td>
<td>com.domoyun.testCase.MainStart@7225790e</td></tr>
<tr>
<td title='com.domoyun.testCase.MainStart.getCountry()'><b>getCountry</b><br>Test class: com.domoyun.testCase.MainStart<br>Parameters: 32, 1, , LabelImage, , , getCountry, 54, </td>
<td><div><pre>java.lang.AssertionError: expected [true] but found [false]
	at com.domoyun.testCase.MainStart.getCountry(MainStart.java:71)
... Removed 27 stack frames</pre></div><a href='#' onClick='toggleBox("stack-trace34871826", this, "Click to show all stack frames", "Click to hide stack frames")'>Click to show all stack frames</a>
<div class='stack-trace' id='stack-trace34871826'><pre>java.lang.AssertionError: expected [true] but found [false]
	at org.testng.Assert.fail(Assert.java:94)
	at org.testng.Assert.failNotEquals(Assert.java:494)
	at org.testng.Assert.assertTrue(Assert.java:42)
	at org.testng.Assert.assertTrue(Assert.java:52)
	at com.domoyun.testCase.MainStart.getCountry(MainStart.java:71)
	at sun.reflect.GeneratedMethodAccessor19.invoke(Unknown Source)
	at sun.reflect.DelegatingMethodAccessorImpl.invoke(Unknown Source)
	at java.lang.reflect.Method.invoke(Unknown Source)
	at org.testng.internal.MethodInvocationHelper.invokeMethod(MethodInvocationHelper.java:84)
	at org.testng.internal.Invoker.invokeMethod(Invoker.java:714)
	at org.testng.internal.Invoker.invokeTestMethod(Invoker.java:901)
	at org.testng.internal.Invoker.invokeTestMethods(Invoker.java:1231)
	at org.testng.internal.TestMethodWorker.invokeTestMethods(TestMethodWorker.java:127)
	at org.testng.internal.TestMethodWorker.run(TestMethodWorker.java:111)
	at org.testng.TestRunner.privateRun(TestRunner.java:767)
	at org.testng.TestRunner.run(TestRunner.java:617)
	at org.testng.SuiteRunner.runTest(SuiteRunner.java:348)
	at org.testng.SuiteRunner.runSequentially(SuiteRunner.java:343)
	at org.testng.SuiteRunner.privateRun(SuiteRunner.java:305)
	at org.testng.SuiteRunner.run(SuiteRunner.java:254)
	at org.testng.SuiteRunnerWorker.runSuite(SuiteRunnerWorker.java:52)
	at org.testng.SuiteRunnerWorker.run(SuiteRunnerWorker.java:86)
	at org.testng.TestNG.runSuitesSequentially(TestNG.java:1224)
	at org.testng.TestNG.runSuitesLocally(TestNG.java:1149)
	at org.testng.TestNG.run(TestNG.java:1057)
	at org.testng.remote.RemoteTestNG.run(RemoteTestNG.java:111)
	at org.testng.remote.RemoteTestNG.initAndRun(RemoteTestNG.java:204)
	at org.testng.remote.RemoteTestNG.main(RemoteTestNG.java:175)
</pre></div></td>
<td>0</td>
<td>com.domoyun.testCase.MainStart@7225790e</td></tr>
<tr>
<td title='com.domoyun.testCase.MainStart.getCountry()'><b>getCountry</b><br>Test class: com.domoyun.testCase.MainStart<br>Parameters: 33, 1, , LabelImage, , , getCountry, 54, </td>
<td><div><pre>java.lang.AssertionError: expected [true] but found [false]
	at com.domoyun.testCase.MainStart.getCountry(MainStart.java:71)
... Removed 27 stack frames</pre></div><a href='#' onClick='toggleBox("stack-trace813823788", this, "Click to show all stack frames", "Click to hide stack frames")'>Click to show all stack frames</a>
<div class='stack-trace' id='stack-trace813823788'><pre>java.lang.AssertionError: expected [true] but found [false]
	at org.testng.Assert.fail(Assert.java:94)
	at org.testng.Assert.failNotEquals(Assert.java:494)
	at org.testng.Assert.assertTrue(Assert.java:42)
	at org.testng.Assert.assertTrue(Assert.java:52)
	at com.domoyun.testCase.MainStart.getCountry(MainStart.java:71)
	at sun.reflect.GeneratedMethodAccessor19.invoke(Unknown Source)
	at sun.reflect.DelegatingMethodAccessorImpl.invoke(Unknown Source)
	at java.lang.reflect.Method.invoke(Unknown Source)
	at org.testng.internal.MethodInvocationHelper.invokeMethod(MethodInvocationHelper.java:84)
	at org.testng.internal.Invoker.invokeMethod(Invoker.java:714)
	at org.testng.internal.Invoker.invokeTestMethod(Invoker.java:901)
	at org.testng.internal.Invoker.invokeTestMethods(Invoker.java:1231)
	at org.testng.internal.TestMethodWorker.invokeTestMethods(TestMethodWorker.java:127)
	at org.testng.internal.TestMethodWorker.run(TestMethodWorker.java:111)
	at org.testng.TestRunner.privateRun(TestRunner.java:767)
	at org.testng.TestRunner.run(TestRunner.java:617)
	at org.testng.SuiteRunner.runTest(SuiteRunner.java:348)
	at org.testng.SuiteRunner.runSequentially(SuiteRunner.java:343)
	at org.testng.SuiteRunner.privateRun(SuiteRunner.java:305)
	at org.testng.SuiteRunner.run(SuiteRunner.java:254)
	at org.testng.SuiteRunnerWorker.runSuite(SuiteRunnerWorker.java:52)
	at org.testng.SuiteRunnerWorker.run(SuiteRunnerWorker.java:86)
	at org.testng.TestNG.runSuitesSequentially(TestNG.java:1224)
	at org.testng.TestNG.runSuitesLocally(TestNG.java:1149)
	at org.testng.TestNG.run(TestNG.java:1057)
	at org.testng.remote.RemoteTestNG.run(RemoteTestNG.java:111)
	at org.testng.remote.RemoteTestNG.initAndRun(RemoteTestNG.java:204)
	at org.testng.remote.RemoteTestNG.main(RemoteTestNG.java:175)
</pre></div></td>
<td>0</td>
<td>com.domoyun.testCase.MainStart@7225790e</td></tr>
<tr>
<td title='com.domoyun.testCase.MainStart.getCountry()'><b>getCountry</b><br>Test class: com.domoyun.testCase.MainStart<br>Parameters: 34, 1, , LabelImage, , , getCountry, 54, </td>
<td><div><pre>java.lang.AssertionError: expected [true] but found [false]
	at com.domoyun.testCase.MainStart.getCountry(MainStart.java:71)
... Removed 27 stack frames</pre></div><a href='#' onClick='toggleBox("stack-trace466853180", this, "Click to show all stack frames", "Click to hide stack frames")'>Click to show all stack frames</a>
<div class='stack-trace' id='stack-trace466853180'><pre>java.lang.AssertionError: expected [true] but found [false]
	at org.testng.Assert.fail(Assert.java:94)
	at org.testng.Assert.failNotEquals(Assert.java:494)
	at org.testng.Assert.assertTrue(Assert.java:42)
	at org.testng.Assert.assertTrue(Assert.java:52)
	at com.domoyun.testCase.MainStart.getCountry(MainStart.java:71)
	at sun.reflect.GeneratedMethodAccessor19.invoke(Unknown Source)
	at sun.reflect.DelegatingMethodAccessorImpl.invoke(Unknown Source)
	at java.lang.reflect.Method.invoke(Unknown Source)
	at org.testng.internal.MethodInvocationHelper.invokeMethod(MethodInvocationHelper.java:84)
	at org.testng.internal.Invoker.invokeMethod(Invoker.java:714)
	at org.testng.internal.Invoker.invokeTestMethod(Invoker.java:901)
	at org.testng.internal.Invoker.invokeTestMethods(Invoker.java:1231)
	at org.testng.internal.TestMethodWorker.invokeTestMethods(TestMethodWorker.java:127)
	at org.testng.internal.TestMethodWorker.run(TestMethodWorker.java:111)
	at org.testng.TestRunner.privateRun(TestRunner.java:767)
	at org.testng.TestRunner.run(TestRunner.java:617)
	at org.testng.SuiteRunner.runTest(SuiteRunner.java:348)
	at org.testng.SuiteRunner.runSequentially(SuiteRunner.java:343)
	at org.testng.SuiteRunner.privateRun(SuiteRunner.java:305)
	at org.testng.SuiteRunner.run(SuiteRunner.java:254)
	at org.testng.SuiteRunnerWorker.runSuite(SuiteRunnerWorker.java:52)
	at org.testng.SuiteRunnerWorker.run(SuiteRunnerWorker.java:86)
	at org.testng.TestNG.runSuitesSequentially(TestNG.java:1224)
	at org.testng.TestNG.runSuitesLocally(TestNG.java:1149)
	at org.testng.TestNG.run(TestNG.java:1057)
	at org.testng.remote.RemoteTestNG.run(RemoteTestNG.java:111)
	at org.testng.remote.RemoteTestNG.initAndRun(RemoteTestNG.java:204)
	at org.testng.remote.RemoteTestNG.main(RemoteTestNG.java:175)
</pre></div></td>
<td>0</td>
<td>com.domoyun.testCase.MainStart@7225790e</td></tr>
<tr>
<td title='com.domoyun.testCase.MainStart.getCountry()'><b>getCountry</b><br>Test class: com.domoyun.testCase.MainStart<br>Parameters: 35, 1, , LabelImage, , , getCountry, 54, </td>
<td><div><pre>java.lang.AssertionError: expected [true] but found [false]
	at com.domoyun.testCase.MainStart.getCountry(MainStart.java:71)
... Removed 27 stack frames</pre></div><a href='#' onClick='toggleBox("stack-trace71016405", this, "Click to show all stack frames", "Click to hide stack frames")'>Click to show all stack frames</a>
<div class='stack-trace' id='stack-trace71016405'><pre>java.lang.AssertionError: expected [true] but found [false]
	at org.testng.Assert.fail(Assert.java:94)
	at org.testng.Assert.failNotEquals(Assert.java:494)
	at org.testng.Assert.assertTrue(Assert.java:42)
	at org.testng.Assert.assertTrue(Assert.java:52)
	at com.domoyun.testCase.MainStart.getCountry(MainStart.java:71)
	at sun.reflect.GeneratedMethodAccessor19.invoke(Unknown Source)
	at sun.reflect.DelegatingMethodAccessorImpl.invoke(Unknown Source)
	at java.lang.reflect.Method.invoke(Unknown Source)
	at org.testng.internal.MethodInvocationHelper.invokeMethod(MethodInvocationHelper.java:84)
	at org.testng.internal.Invoker.invokeMethod(Invoker.java:714)
	at org.testng.internal.Invoker.invokeTestMethod(Invoker.java:901)
	at org.testng.internal.Invoker.invokeTestMethods(Invoker.java:1231)
	at org.testng.internal.TestMethodWorker.invokeTestMethods(TestMethodWorker.java:127)
	at org.testng.internal.TestMethodWorker.run(TestMethodWorker.java:111)
	at org.testng.TestRunner.privateRun(TestRunner.java:767)
	at org.testng.TestRunner.run(TestRunner.java:617)
	at org.testng.SuiteRunner.runTest(SuiteRunner.java:348)
	at org.testng.SuiteRunner.runSequentially(SuiteRunner.java:343)
	at org.testng.SuiteRunner.privateRun(SuiteRunner.java:305)
	at org.testng.SuiteRunner.run(SuiteRunner.java:254)
	at org.testng.SuiteRunnerWorker.runSuite(SuiteRunnerWorker.java:52)
	at org.testng.SuiteRunnerWorker.run(SuiteRunnerWorker.java:86)
	at org.testng.TestNG.runSuitesSequentially(TestNG.java:1224)
	at org.testng.TestNG.runSuitesLocally(TestNG.java:1149)
	at org.testng.TestNG.run(TestNG.java:1057)
	at org.testng.remote.RemoteTestNG.run(RemoteTestNG.java:111)
	at org.testng.remote.RemoteTestNG.initAndRun(RemoteTestNG.java:204)
	at org.testng.remote.RemoteTestNG.main(RemoteTestNG.java:175)
</pre></div></td>
<td>0</td>
<td>com.domoyun.testCase.MainStart@7225790e</td></tr>
<tr>
<td title='com.domoyun.testCase.MainStart.getCountry()'><b>getCountry</b><br>Test class: com.domoyun.testCase.MainStart<br>Parameters: 36, 1, , LabelImage, , , getCountry, 54, </td>
<td><div><pre>java.lang.AssertionError: expected [true] but found [false]
	at com.domoyun.testCase.MainStart.getCountry(MainStart.java:71)
... Removed 27 stack frames</pre></div><a href='#' onClick='toggleBox("stack-trace1260467793", this, "Click to show all stack frames", "Click to hide stack frames")'>Click to show all stack frames</a>
<div class='stack-trace' id='stack-trace1260467793'><pre>java.lang.AssertionError: expected [true] but found [false]
	at org.testng.Assert.fail(Assert.java:94)
	at org.testng.Assert.failNotEquals(Assert.java:494)
	at org.testng.Assert.assertTrue(Assert.java:42)
	at org.testng.Assert.assertTrue(Assert.java:52)
	at com.domoyun.testCase.MainStart.getCountry(MainStart.java:71)
	at sun.reflect.GeneratedMethodAccessor19.invoke(Unknown Source)
	at sun.reflect.DelegatingMethodAccessorImpl.invoke(Unknown Source)
	at java.lang.reflect.Method.invoke(Unknown Source)
	at org.testng.internal.MethodInvocationHelper.invokeMethod(MethodInvocationHelper.java:84)
	at org.testng.internal.Invoker.invokeMethod(Invoker.java:714)
	at org.testng.internal.Invoker.invokeTestMethod(Invoker.java:901)
	at org.testng.internal.Invoker.invokeTestMethods(Invoker.java:1231)
	at org.testng.internal.TestMethodWorker.invokeTestMethods(TestMethodWorker.java:127)
	at org.testng.internal.TestMethodWorker.run(TestMethodWorker.java:111)
	at org.testng.TestRunner.privateRun(TestRunner.java:767)
	at org.testng.TestRunner.run(TestRunner.java:617)
	at org.testng.SuiteRunner.runTest(SuiteRunner.java:348)
	at org.testng.SuiteRunner.runSequentially(SuiteRunner.java:343)
	at org.testng.SuiteRunner.privateRun(SuiteRunner.java:305)
	at org.testng.SuiteRunner.run(SuiteRunner.java:254)
	at org.testng.SuiteRunnerWorker.runSuite(SuiteRunnerWorker.java:52)
	at org.testng.SuiteRunnerWorker.run(SuiteRunnerWorker.java:86)
	at org.testng.TestNG.runSuitesSequentially(TestNG.java:1224)
	at org.testng.TestNG.runSuitesLocally(TestNG.java:1149)
	at org.testng.TestNG.run(TestNG.java:1057)
	at org.testng.remote.RemoteTestNG.run(RemoteTestNG.java:111)
	at org.testng.remote.RemoteTestNG.initAndRun(RemoteTestNG.java:204)
	at org.testng.remote.RemoteTestNG.main(RemoteTestNG.java:175)
</pre></div></td>
<td>0</td>
<td>com.domoyun.testCase.MainStart@7225790e</td></tr>
<tr>
<td title='com.domoyun.testCase.MainStart.getCountry()'><b>getCountry</b><br>Test class: com.domoyun.testCase.MainStart<br>Parameters: 37, 1, , LabelImage, , , getCountry, 54, </td>
<td><div><pre>java.lang.AssertionError: expected [true] but found [false]
	at com.domoyun.testCase.MainStart.getCountry(MainStart.java:71)
... Removed 27 stack frames</pre></div><a href='#' onClick='toggleBox("stack-trace878668275", this, "Click to show all stack frames", "Click to hide stack frames")'>Click to show all stack frames</a>
<div class='stack-trace' id='stack-trace878668275'><pre>java.lang.AssertionError: expected [true] but found [false]
	at org.testng.Assert.fail(Assert.java:94)
	at org.testng.Assert.failNotEquals(Assert.java:494)
	at org.testng.Assert.assertTrue(Assert.java:42)
	at org.testng.Assert.assertTrue(Assert.java:52)
	at com.domoyun.testCase.MainStart.getCountry(MainStart.java:71)
	at sun.reflect.GeneratedMethodAccessor19.invoke(Unknown Source)
	at sun.reflect.DelegatingMethodAccessorImpl.invoke(Unknown Source)
	at java.lang.reflect.Method.invoke(Unknown Source)
	at org.testng.internal.MethodInvocationHelper.invokeMethod(MethodInvocationHelper.java:84)
	at org.testng.internal.Invoker.invokeMethod(Invoker.java:714)
	at org.testng.internal.Invoker.invokeTestMethod(Invoker.java:901)
	at org.testng.internal.Invoker.invokeTestMethods(Invoker.java:1231)
	at org.testng.internal.TestMethodWorker.invokeTestMethods(TestMethodWorker.java:127)
	at org.testng.internal.TestMethodWorker.run(TestMethodWorker.java:111)
	at org.testng.TestRunner.privateRun(TestRunner.java:767)
	at org.testng.TestRunner.run(TestRunner.java:617)
	at org.testng.SuiteRunner.runTest(SuiteRunner.java:348)
	at org.testng.SuiteRunner.runSequentially(SuiteRunner.java:343)
	at org.testng.SuiteRunner.privateRun(SuiteRunner.java:305)
	at org.testng.SuiteRunner.run(SuiteRunner.java:254)
	at org.testng.SuiteRunnerWorker.runSuite(SuiteRunnerWorker.java:52)
	at org.testng.SuiteRunnerWorker.run(SuiteRunnerWorker.java:86)
	at org.testng.TestNG.runSuitesSequentially(TestNG.java:1224)
	at org.testng.TestNG.runSuitesLocally(TestNG.java:1149)
	at org.testng.TestNG.run(TestNG.java:1057)
	at org.testng.remote.RemoteTestNG.run(RemoteTestNG.java:111)
	at org.testng.remote.RemoteTestNG.initAndRun(RemoteTestNG.java:204)
	at org.testng.remote.RemoteTestNG.main(RemoteTestNG.java:175)
</pre></div></td>
<td>0</td>
<td>com.domoyun.testCase.MainStart@7225790e</td></tr>
<tr>
<td title='com.domoyun.testCase.MainStart.getCountry()'><b>getCountry</b><br>Test class: com.domoyun.testCase.MainStart<br>Parameters: 38, 1, , LabelImage, , , getCountry, 54, </td>
<td><div><pre>java.lang.AssertionError: expected [true] but found [false]
	at com.domoyun.testCase.MainStart.getCountry(MainStart.java:71)
... Removed 27 stack frames</pre></div><a href='#' onClick='toggleBox("stack-trace400064818", this, "Click to show all stack frames", "Click to hide stack frames")'>Click to show all stack frames</a>
<div class='stack-trace' id='stack-trace400064818'><pre>java.lang.AssertionError: expected [true] but found [false]
	at org.testng.Assert.fail(Assert.java:94)
	at org.testng.Assert.failNotEquals(Assert.java:494)
	at org.testng.Assert.assertTrue(Assert.java:42)
	at org.testng.Assert.assertTrue(Assert.java:52)
	at com.domoyun.testCase.MainStart.getCountry(MainStart.java:71)
	at sun.reflect.GeneratedMethodAccessor19.invoke(Unknown Source)
	at sun.reflect.DelegatingMethodAccessorImpl.invoke(Unknown Source)
	at java.lang.reflect.Method.invoke(Unknown Source)
	at org.testng.internal.MethodInvocationHelper.invokeMethod(MethodInvocationHelper.java:84)
	at org.testng.internal.Invoker.invokeMethod(Invoker.java:714)
	at org.testng.internal.Invoker.invokeTestMethod(Invoker.java:901)
	at org.testng.internal.Invoker.invokeTestMethods(Invoker.java:1231)
	at org.testng.internal.TestMethodWorker.invokeTestMethods(TestMethodWorker.java:127)
	at org.testng.internal.TestMethodWorker.run(TestMethodWorker.java:111)
	at org.testng.TestRunner.privateRun(TestRunner.java:767)
	at org.testng.TestRunner.run(TestRunner.java:617)
	at org.testng.SuiteRunner.runTest(SuiteRunner.java:348)
	at org.testng.SuiteRunner.runSequentially(SuiteRunner.java:343)
	at org.testng.SuiteRunner.privateRun(SuiteRunner.java:305)
	at org.testng.SuiteRunner.run(SuiteRunner.java:254)
	at org.testng.SuiteRunnerWorker.runSuite(SuiteRunnerWorker.java:52)
	at org.testng.SuiteRunnerWorker.run(SuiteRunnerWorker.java:86)
	at org.testng.TestNG.runSuitesSequentially(TestNG.java:1224)
	at org.testng.TestNG.runSuitesLocally(TestNG.java:1149)
	at org.testng.TestNG.run(TestNG.java:1057)
	at org.testng.remote.RemoteTestNG.run(RemoteTestNG.java:111)
	at org.testng.remote.RemoteTestNG.initAndRun(RemoteTestNG.java:204)
	at org.testng.remote.RemoteTestNG.main(RemoteTestNG.java:175)
</pre></div></td>
<td>0</td>
<td>com.domoyun.testCase.MainStart@7225790e</td></tr>
<tr>
<td title='com.domoyun.testCase.MainStart.getCountry()'><b>getCountry</b><br>Test class: com.domoyun.testCase.MainStart<br>Parameters: 39, 1, , LabelImage, , , getCountry, 54, </td>
<td><div><pre>java.lang.AssertionError: expected [true] but found [false]
	at com.domoyun.testCase.MainStart.getCountry(MainStart.java:71)
... Removed 27 stack frames</pre></div><a href='#' onClick='toggleBox("stack-trace2101636817", this, "Click to show all stack frames", "Click to hide stack frames")'>Click to show all stack frames</a>
<div class='stack-trace' id='stack-trace2101636817'><pre>java.lang.AssertionError: expected [true] but found [false]
	at org.testng.Assert.fail(Assert.java:94)
	at org.testng.Assert.failNotEquals(Assert.java:494)
	at org.testng.Assert.assertTrue(Assert.java:42)
	at org.testng.Assert.assertTrue(Assert.java:52)
	at com.domoyun.testCase.MainStart.getCountry(MainStart.java:71)
	at sun.reflect.GeneratedMethodAccessor19.invoke(Unknown Source)
	at sun.reflect.DelegatingMethodAccessorImpl.invoke(Unknown Source)
	at java.lang.reflect.Method.invoke(Unknown Source)
	at org.testng.internal.MethodInvocationHelper.invokeMethod(MethodInvocationHelper.java:84)
	at org.testng.internal.Invoker.invokeMethod(Invoker.java:714)
	at org.testng.internal.Invoker.invokeTestMethod(Invoker.java:901)
	at org.testng.internal.Invoker.invokeTestMethods(Invoker.java:1231)
	at org.testng.internal.TestMethodWorker.invokeTestMethods(TestMethodWorker.java:127)
	at org.testng.internal.TestMethodWorker.run(TestMethodWorker.java:111)
	at org.testng.TestRunner.privateRun(TestRunner.java:767)
	at org.testng.TestRunner.run(TestRunner.java:617)
	at org.testng.SuiteRunner.runTest(SuiteRunner.java:348)
	at org.testng.SuiteRunner.runSequentially(SuiteRunner.java:343)
	at org.testng.SuiteRunner.privateRun(SuiteRunner.java:305)
	at org.testng.SuiteRunner.run(SuiteRunner.java:254)
	at org.testng.SuiteRunnerWorker.runSuite(SuiteRunnerWorker.java:52)
	at org.testng.SuiteRunnerWorker.run(SuiteRunnerWorker.java:86)
	at org.testng.TestNG.runSuitesSequentially(TestNG.java:1224)
	at org.testng.TestNG.runSuitesLocally(TestNG.java:1149)
	at org.testng.TestNG.run(TestNG.java:1057)
	at org.testng.remote.RemoteTestNG.run(RemoteTestNG.java:111)
	at org.testng.remote.RemoteTestNG.initAndRun(RemoteTestNG.java:204)
	at org.testng.remote.RemoteTestNG.main(RemoteTestNG.java:175)
</pre></div></td>
<td>0</td>
<td>com.domoyun.testCase.MainStart@7225790e</td></tr>
<tr>
<td title='com.domoyun.testCase.MainStart.getCountry()'><b>getCountry</b><br>Test class: com.domoyun.testCase.MainStart<br>Parameters: 40, 1, , LabelImage, , , getCountry, 54, </td>
<td><div><pre>java.lang.AssertionError: expected [true] but found [false]
	at com.domoyun.testCase.MainStart.getCountry(MainStart.java:71)
... Removed 27 stack frames</pre></div><a href='#' onClick='toggleBox("stack-trace1958680465", this, "Click to show all stack frames", "Click to hide stack frames")'>Click to show all stack frames</a>
<div class='stack-trace' id='stack-trace1958680465'><pre>java.lang.AssertionError: expected [true] but found [false]
	at org.testng.Assert.fail(Assert.java:94)
	at org.testng.Assert.failNotEquals(Assert.java:494)
	at org.testng.Assert.assertTrue(Assert.java:42)
	at org.testng.Assert.assertTrue(Assert.java:52)
	at com.domoyun.testCase.MainStart.getCountry(MainStart.java:71)
	at sun.reflect.GeneratedMethodAccessor19.invoke(Unknown Source)
	at sun.reflect.DelegatingMethodAccessorImpl.invoke(Unknown Source)
	at java.lang.reflect.Method.invoke(Unknown Source)
	at org.testng.internal.MethodInvocationHelper.invokeMethod(MethodInvocationHelper.java:84)
	at org.testng.internal.Invoker.invokeMethod(Invoker.java:714)
	at org.testng.internal.Invoker.invokeTestMethod(Invoker.java:901)
	at org.testng.internal.Invoker.invokeTestMethods(Invoker.java:1231)
	at org.testng.internal.TestMethodWorker.invokeTestMethods(TestMethodWorker.java:127)
	at org.testng.internal.TestMethodWorker.run(TestMethodWorker.java:111)
	at org.testng.TestRunner.privateRun(TestRunner.java:767)
	at org.testng.TestRunner.run(TestRunner.java:617)
	at org.testng.SuiteRunner.runTest(SuiteRunner.java:348)
	at org.testng.SuiteRunner.runSequentially(SuiteRunner.java:343)
	at org.testng.SuiteRunner.privateRun(SuiteRunner.java:305)
	at org.testng.SuiteRunner.run(SuiteRunner.java:254)
	at org.testng.SuiteRunnerWorker.runSuite(SuiteRunnerWorker.java:52)
	at org.testng.SuiteRunnerWorker.run(SuiteRunnerWorker.java:86)
	at org.testng.TestNG.runSuitesSequentially(TestNG.java:1224)
	at org.testng.TestNG.runSuitesLocally(TestNG.java:1149)
	at org.testng.TestNG.run(TestNG.java:1057)
	at org.testng.remote.RemoteTestNG.run(RemoteTestNG.java:111)
	at org.testng.remote.RemoteTestNG.initAndRun(RemoteTestNG.java:204)
	at org.testng.remote.RemoteTestNG.main(RemoteTestNG.java:175)
</pre></div></td>
<td>0</td>
<td>com.domoyun.testCase.MainStart@7225790e</td></tr>
<tr>
<td title='com.domoyun.testCase.MainStart.getCountry()'><b>getCountry</b><br>Test class: com.domoyun.testCase.MainStart<br>Parameters: 41, 1, , LabelImage, , , getCountry, 54, </td>
<td><div><pre>java.lang.AssertionError: expected [true] but found [false]
	at com.domoyun.testCase.MainStart.getCountry(MainStart.java:71)
... Removed 27 stack frames</pre></div><a href='#' onClick='toggleBox("stack-trace37887172", this, "Click to show all stack frames", "Click to hide stack frames")'>Click to show all stack frames</a>
<div class='stack-trace' id='stack-trace37887172'><pre>java.lang.AssertionError: expected [true] but found [false]
	at org.testng.Assert.fail(Assert.java:94)
	at org.testng.Assert.failNotEquals(Assert.java:494)
	at org.testng.Assert.assertTrue(Assert.java:42)
	at org.testng.Assert.assertTrue(Assert.java:52)
	at com.domoyun.testCase.MainStart.getCountry(MainStart.java:71)
	at sun.reflect.GeneratedMethodAccessor19.invoke(Unknown Source)
	at sun.reflect.DelegatingMethodAccessorImpl.invoke(Unknown Source)
	at java.lang.reflect.Method.invoke(Unknown Source)
	at org.testng.internal.MethodInvocationHelper.invokeMethod(MethodInvocationHelper.java:84)
	at org.testng.internal.Invoker.invokeMethod(Invoker.java:714)
	at org.testng.internal.Invoker.invokeTestMethod(Invoker.java:901)
	at org.testng.internal.Invoker.invokeTestMethods(Invoker.java:1231)
	at org.testng.internal.TestMethodWorker.invokeTestMethods(TestMethodWorker.java:127)
	at org.testng.internal.TestMethodWorker.run(TestMethodWorker.java:111)
	at org.testng.TestRunner.privateRun(TestRunner.java:767)
	at org.testng.TestRunner.run(TestRunner.java:617)
	at org.testng.SuiteRunner.runTest(SuiteRunner.java:348)
	at org.testng.SuiteRunner.runSequentially(SuiteRunner.java:343)
	at org.testng.SuiteRunner.privateRun(SuiteRunner.java:305)
	at org.testng.SuiteRunner.run(SuiteRunner.java:254)
	at org.testng.SuiteRunnerWorker.runSuite(SuiteRunnerWorker.java:52)
	at org.testng.SuiteRunnerWorker.run(SuiteRunnerWorker.java:86)
	at org.testng.TestNG.runSuitesSequentially(TestNG.java:1224)
	at org.testng.TestNG.runSuitesLocally(TestNG.java:1149)
	at org.testng.TestNG.run(TestNG.java:1057)
	at org.testng.remote.RemoteTestNG.run(RemoteTestNG.java:111)
	at org.testng.remote.RemoteTestNG.initAndRun(RemoteTestNG.java:204)
	at org.testng.remote.RemoteTestNG.main(RemoteTestNG.java:175)
</pre></div></td>
<td>0</td>
<td>com.domoyun.testCase.MainStart@7225790e</td></tr>
<tr>
<td title='com.domoyun.testCase.MainStart.getCountry()'><b>getCountry</b><br>Test class: com.domoyun.testCase.MainStart<br>Parameters: 42, 1, , LabelImage, , , getCountry, 54, </td>
<td><div><pre>java.lang.AssertionError: expected [true] but found [false]
	at com.domoyun.testCase.MainStart.getCountry(MainStart.java:71)
... Removed 27 stack frames</pre></div><a href='#' onClick='toggleBox("stack-trace1548010882", this, "Click to show all stack frames", "Click to hide stack frames")'>Click to show all stack frames</a>
<div class='stack-trace' id='stack-trace1548010882'><pre>java.lang.AssertionError: expected [true] but found [false]
	at org.testng.Assert.fail(Assert.java:94)
	at org.testng.Assert.failNotEquals(Assert.java:494)
	at org.testng.Assert.assertTrue(Assert.java:42)
	at org.testng.Assert.assertTrue(Assert.java:52)
	at com.domoyun.testCase.MainStart.getCountry(MainStart.java:71)
	at sun.reflect.GeneratedMethodAccessor19.invoke(Unknown Source)
	at sun.reflect.DelegatingMethodAccessorImpl.invoke(Unknown Source)
	at java.lang.reflect.Method.invoke(Unknown Source)
	at org.testng.internal.MethodInvocationHelper.invokeMethod(MethodInvocationHelper.java:84)
	at org.testng.internal.Invoker.invokeMethod(Invoker.java:714)
	at org.testng.internal.Invoker.invokeTestMethod(Invoker.java:901)
	at org.testng.internal.Invoker.invokeTestMethods(Invoker.java:1231)
	at org.testng.internal.TestMethodWorker.invokeTestMethods(TestMethodWorker.java:127)
	at org.testng.internal.TestMethodWorker.run(TestMethodWorker.java:111)
	at org.testng.TestRunner.privateRun(TestRunner.java:767)
	at org.testng.TestRunner.run(TestRunner.java:617)
	at org.testng.SuiteRunner.runTest(SuiteRunner.java:348)
	at org.testng.SuiteRunner.runSequentially(SuiteRunner.java:343)
	at org.testng.SuiteRunner.privateRun(SuiteRunner.java:305)
	at org.testng.SuiteRunner.run(SuiteRunner.java:254)
	at org.testng.SuiteRunnerWorker.runSuite(SuiteRunnerWorker.java:52)
	at org.testng.SuiteRunnerWorker.run(SuiteRunnerWorker.java:86)
	at org.testng.TestNG.runSuitesSequentially(TestNG.java:1224)
	at org.testng.TestNG.runSuitesLocally(TestNG.java:1149)
	at org.testng.TestNG.run(TestNG.java:1057)
	at org.testng.remote.RemoteTestNG.run(RemoteTestNG.java:111)
	at org.testng.remote.RemoteTestNG.initAndRun(RemoteTestNG.java:204)
	at org.testng.remote.RemoteTestNG.main(RemoteTestNG.java:175)
</pre></div></td>
<td>0</td>
<td>com.domoyun.testCase.MainStart@7225790e</td></tr>
<tr>
<td title='com.domoyun.testCase.MainStart.getCountry()'><b>getCountry</b><br>Test class: com.domoyun.testCase.MainStart<br>Parameters: 43, 1, , LabelImage, , , getCountry, 54, </td>
<td><div><pre>java.lang.AssertionError: expected [true] but found [false]
	at com.domoyun.testCase.MainStart.getCountry(MainStart.java:71)
... Removed 27 stack frames</pre></div><a href='#' onClick='toggleBox("stack-trace2052435819", this, "Click to show all stack frames", "Click to hide stack frames")'>Click to show all stack frames</a>
<div class='stack-trace' id='stack-trace2052435819'><pre>java.lang.AssertionError: expected [true] but found [false]
	at org.testng.Assert.fail(Assert.java:94)
	at org.testng.Assert.failNotEquals(Assert.java:494)
	at org.testng.Assert.assertTrue(Assert.java:42)
	at org.testng.Assert.assertTrue(Assert.java:52)
	at com.domoyun.testCase.MainStart.getCountry(MainStart.java:71)
	at sun.reflect.GeneratedMethodAccessor19.invoke(Unknown Source)
	at sun.reflect.DelegatingMethodAccessorImpl.invoke(Unknown Source)
	at java.lang.reflect.Method.invoke(Unknown Source)
	at org.testng.internal.MethodInvocationHelper.invokeMethod(MethodInvocationHelper.java:84)
	at org.testng.internal.Invoker.invokeMethod(Invoker.java:714)
	at org.testng.internal.Invoker.invokeTestMethod(Invoker.java:901)
	at org.testng.internal.Invoker.invokeTestMethods(Invoker.java:1231)
	at org.testng.internal.TestMethodWorker.invokeTestMethods(TestMethodWorker.java:127)
	at org.testng.internal.TestMethodWorker.run(TestMethodWorker.java:111)
	at org.testng.TestRunner.privateRun(TestRunner.java:767)
	at org.testng.TestRunner.run(TestRunner.java:617)
	at org.testng.SuiteRunner.runTest(SuiteRunner.java:348)
	at org.testng.SuiteRunner.runSequentially(SuiteRunner.java:343)
	at org.testng.SuiteRunner.privateRun(SuiteRunner.java:305)
	at org.testng.SuiteRunner.run(SuiteRunner.java:254)
	at org.testng.SuiteRunnerWorker.runSuite(SuiteRunnerWorker.java:52)
	at org.testng.SuiteRunnerWorker.run(SuiteRunnerWorker.java:86)
	at org.testng.TestNG.runSuitesSequentially(TestNG.java:1224)
	at org.testng.TestNG.runSuitesLocally(TestNG.java:1149)
	at org.testng.TestNG.run(TestNG.java:1057)
	at org.testng.remote.RemoteTestNG.run(RemoteTestNG.java:111)
	at org.testng.remote.RemoteTestNG.initAndRun(RemoteTestNG.java:204)
	at org.testng.remote.RemoteTestNG.main(RemoteTestNG.java:175)
</pre></div></td>
<td>0</td>
<td>com.domoyun.testCase.MainStart@7225790e</td></tr>
<tr>
<td title='com.domoyun.testCase.MainStart.getCountry()'><b>getCountry</b><br>Test class: com.domoyun.testCase.MainStart<br>Parameters: 44, 1, , LabelImage, , , getCountry, 54, </td>
<td><div><pre>java.lang.AssertionError: expected [true] but found [false]
	at com.domoyun.testCase.MainStart.getCountry(MainStart.java:71)
... Removed 27 stack frames</pre></div><a href='#' onClick='toggleBox("stack-trace409598930", this, "Click to show all stack frames", "Click to hide stack frames")'>Click to show all stack frames</a>
<div class='stack-trace' id='stack-trace409598930'><pre>java.lang.AssertionError: expected [true] but found [false]
	at org.testng.Assert.fail(Assert.java:94)
	at org.testng.Assert.failNotEquals(Assert.java:494)
	at org.testng.Assert.assertTrue(Assert.java:42)
	at org.testng.Assert.assertTrue(Assert.java:52)
	at com.domoyun.testCase.MainStart.getCountry(MainStart.java:71)
	at sun.reflect.GeneratedMethodAccessor19.invoke(Unknown Source)
	at sun.reflect.DelegatingMethodAccessorImpl.invoke(Unknown Source)
	at java.lang.reflect.Method.invoke(Unknown Source)
	at org.testng.internal.MethodInvocationHelper.invokeMethod(MethodInvocationHelper.java:84)
	at org.testng.internal.Invoker.invokeMethod(Invoker.java:714)
	at org.testng.internal.Invoker.invokeTestMethod(Invoker.java:901)
	at org.testng.internal.Invoker.invokeTestMethods(Invoker.java:1231)
	at org.testng.internal.TestMethodWorker.invokeTestMethods(TestMethodWorker.java:127)
	at org.testng.internal.TestMethodWorker.run(TestMethodWorker.java:111)
	at org.testng.TestRunner.privateRun(TestRunner.java:767)
	at org.testng.TestRunner.run(TestRunner.java:617)
	at org.testng.SuiteRunner.runTest(SuiteRunner.java:348)
	at org.testng.SuiteRunner.runSequentially(SuiteRunner.java:343)
	at org.testng.SuiteRunner.privateRun(SuiteRunner.java:305)
	at org.testng.SuiteRunner.run(SuiteRunner.java:254)
	at org.testng.SuiteRunnerWorker.runSuite(SuiteRunnerWorker.java:52)
	at org.testng.SuiteRunnerWorker.run(SuiteRunnerWorker.java:86)
	at org.testng.TestNG.runSuitesSequentially(TestNG.java:1224)
	at org.testng.TestNG.runSuitesLocally(TestNG.java:1149)
	at org.testng.TestNG.run(TestNG.java:1057)
	at org.testng.remote.RemoteTestNG.run(RemoteTestNG.java:111)
	at org.testng.remote.RemoteTestNG.initAndRun(RemoteTestNG.java:204)
	at org.testng.remote.RemoteTestNG.main(RemoteTestNG.java:175)
</pre></div></td>
<td>0</td>
<td>com.domoyun.testCase.MainStart@7225790e</td></tr>
<tr>
<td title='com.domoyun.testCase.MainStart.getCountry()'><b>getCountry</b><br>Test class: com.domoyun.testCase.MainStart<br>Parameters: 45, 1, , LabelImage, , , getCountry, 54, </td>
<td><div><pre>java.lang.AssertionError: expected [true] but found [false]
	at com.domoyun.testCase.MainStart.getCountry(MainStart.java:71)
... Removed 27 stack frames</pre></div><a href='#' onClick='toggleBox("stack-trace1256837057", this, "Click to show all stack frames", "Click to hide stack frames")'>Click to show all stack frames</a>
<div class='stack-trace' id='stack-trace1256837057'><pre>java.lang.AssertionError: expected [true] but found [false]
	at org.testng.Assert.fail(Assert.java:94)
	at org.testng.Assert.failNotEquals(Assert.java:494)
	at org.testng.Assert.assertTrue(Assert.java:42)
	at org.testng.Assert.assertTrue(Assert.java:52)
	at com.domoyun.testCase.MainStart.getCountry(MainStart.java:71)
	at sun.reflect.GeneratedMethodAccessor19.invoke(Unknown Source)
	at sun.reflect.DelegatingMethodAccessorImpl.invoke(Unknown Source)
	at java.lang.reflect.Method.invoke(Unknown Source)
	at org.testng.internal.MethodInvocationHelper.invokeMethod(MethodInvocationHelper.java:84)
	at org.testng.internal.Invoker.invokeMethod(Invoker.java:714)
	at org.testng.internal.Invoker.invokeTestMethod(Invoker.java:901)
	at org.testng.internal.Invoker.invokeTestMethods(Invoker.java:1231)
	at org.testng.internal.TestMethodWorker.invokeTestMethods(TestMethodWorker.java:127)
	at org.testng.internal.TestMethodWorker.run(TestMethodWorker.java:111)
	at org.testng.TestRunner.privateRun(TestRunner.java:767)
	at org.testng.TestRunner.run(TestRunner.java:617)
	at org.testng.SuiteRunner.runTest(SuiteRunner.java:348)
	at org.testng.SuiteRunner.runSequentially(SuiteRunner.java:343)
	at org.testng.SuiteRunner.privateRun(SuiteRunner.java:305)
	at org.testng.SuiteRunner.run(SuiteRunner.java:254)
	at org.testng.SuiteRunnerWorker.runSuite(SuiteRunnerWorker.java:52)
	at org.testng.SuiteRunnerWorker.run(SuiteRunnerWorker.java:86)
	at org.testng.TestNG.runSuitesSequentially(TestNG.java:1224)
	at org.testng.TestNG.runSuitesLocally(TestNG.java:1149)
	at org.testng.TestNG.run(TestNG.java:1057)
	at org.testng.remote.RemoteTestNG.run(RemoteTestNG.java:111)
	at org.testng.remote.RemoteTestNG.initAndRun(RemoteTestNG.java:204)
	at org.testng.remote.RemoteTestNG.main(RemoteTestNG.java:175)
</pre></div></td>
<td>0</td>
<td>com.domoyun.testCase.MainStart@7225790e</td></tr>
<tr>
<td title='com.domoyun.testCase.MainStart.getCountry()'><b>getCountry</b><br>Test class: com.domoyun.testCase.MainStart<br>Parameters: 46, 1, , LabelImage, , , getCountry, 54, </td>
<td><div><pre>java.lang.AssertionError: expected [true] but found [false]
	at com.domoyun.testCase.MainStart.getCountry(MainStart.java:71)
... Removed 27 stack frames</pre></div><a href='#' onClick='toggleBox("stack-trace1724256292", this, "Click to show all stack frames", "Click to hide stack frames")'>Click to show all stack frames</a>
<div class='stack-trace' id='stack-trace1724256292'><pre>java.lang.AssertionError: expected [true] but found [false]
	at org.testng.Assert.fail(Assert.java:94)
	at org.testng.Assert.failNotEquals(Assert.java:494)
	at org.testng.Assert.assertTrue(Assert.java:42)
	at org.testng.Assert.assertTrue(Assert.java:52)
	at com.domoyun.testCase.MainStart.getCountry(MainStart.java:71)
	at sun.reflect.GeneratedMethodAccessor19.invoke(Unknown Source)
	at sun.reflect.DelegatingMethodAccessorImpl.invoke(Unknown Source)
	at java.lang.reflect.Method.invoke(Unknown Source)
	at org.testng.internal.MethodInvocationHelper.invokeMethod(MethodInvocationHelper.java:84)
	at org.testng.internal.Invoker.invokeMethod(Invoker.java:714)
	at org.testng.internal.Invoker.invokeTestMethod(Invoker.java:901)
	at org.testng.internal.Invoker.invokeTestMethods(Invoker.java:1231)
	at org.testng.internal.TestMethodWorker.invokeTestMethods(TestMethodWorker.java:127)
	at org.testng.internal.TestMethodWorker.run(TestMethodWorker.java:111)
	at org.testng.TestRunner.privateRun(TestRunner.java:767)
	at org.testng.TestRunner.run(TestRunner.java:617)
	at org.testng.SuiteRunner.runTest(SuiteRunner.java:348)
	at org.testng.SuiteRunner.runSequentially(SuiteRunner.java:343)
	at org.testng.SuiteRunner.privateRun(SuiteRunner.java:305)
	at org.testng.SuiteRunner.run(SuiteRunner.java:254)
	at org.testng.SuiteRunnerWorker.runSuite(SuiteRunnerWorker.java:52)
	at org.testng.SuiteRunnerWorker.run(SuiteRunnerWorker.java:86)
	at org.testng.TestNG.runSuitesSequentially(TestNG.java:1224)
	at org.testng.TestNG.runSuitesLocally(TestNG.java:1149)
	at org.testng.TestNG.run(TestNG.java:1057)
	at org.testng.remote.RemoteTestNG.run(RemoteTestNG.java:111)
	at org.testng.remote.RemoteTestNG.initAndRun(RemoteTestNG.java:204)
	at org.testng.remote.RemoteTestNG.main(RemoteTestNG.java:175)
</pre></div></td>
<td>0</td>
<td>com.domoyun.testCase.MainStart@7225790e</td></tr>
<tr>
<td title='com.domoyun.testCase.MainStart.getCountry()'><b>getCountry</b><br>Test class: com.domoyun.testCase.MainStart<br>Parameters: 47, 1, , LabelImage, , , getCountry, 54, </td>
<td><div><pre>java.lang.AssertionError: expected [true] but found [false]
	at com.domoyun.testCase.MainStart.getCountry(MainStart.java:71)
... Removed 27 stack frames</pre></div><a href='#' onClick='toggleBox("stack-trace949581868", this, "Click to show all stack frames", "Click to hide stack frames")'>Click to show all stack frames</a>
<div class='stack-trace' id='stack-trace949581868'><pre>java.lang.AssertionError: expected [true] but found [false]
	at org.testng.Assert.fail(Assert.java:94)
	at org.testng.Assert.failNotEquals(Assert.java:494)
	at org.testng.Assert.assertTrue(Assert.java:42)
	at org.testng.Assert.assertTrue(Assert.java:52)
	at com.domoyun.testCase.MainStart.getCountry(MainStart.java:71)
	at sun.reflect.GeneratedMethodAccessor19.invoke(Unknown Source)
	at sun.reflect.DelegatingMethodAccessorImpl.invoke(Unknown Source)
	at java.lang.reflect.Method.invoke(Unknown Source)
	at org.testng.internal.MethodInvocationHelper.invokeMethod(MethodInvocationHelper.java:84)
	at org.testng.internal.Invoker.invokeMethod(Invoker.java:714)
	at org.testng.internal.Invoker.invokeTestMethod(Invoker.java:901)
	at org.testng.internal.Invoker.invokeTestMethods(Invoker.java:1231)
	at org.testng.internal.TestMethodWorker.invokeTestMethods(TestMethodWorker.java:127)
	at org.testng.internal.TestMethodWorker.run(TestMethodWorker.java:111)
	at org.testng.TestRunner.privateRun(TestRunner.java:767)
	at org.testng.TestRunner.run(TestRunner.java:617)
	at org.testng.SuiteRunner.runTest(SuiteRunner.java:348)
	at org.testng.SuiteRunner.runSequentially(SuiteRunner.java:343)
	at org.testng.SuiteRunner.privateRun(SuiteRunner.java:305)
	at org.testng.SuiteRunner.run(SuiteRunner.java:254)
	at org.testng.SuiteRunnerWorker.runSuite(SuiteRunnerWorker.java:52)
	at org.testng.SuiteRunnerWorker.run(SuiteRunnerWorker.java:86)
	at org.testng.TestNG.runSuitesSequentially(TestNG.java:1224)
	at org.testng.TestNG.runSuitesLocally(TestNG.java:1149)
	at org.testng.TestNG.run(TestNG.java:1057)
	at org.testng.remote.RemoteTestNG.run(RemoteTestNG.java:111)
	at org.testng.remote.RemoteTestNG.initAndRun(RemoteTestNG.java:204)
	at org.testng.remote.RemoteTestNG.main(RemoteTestNG.java:175)
</pre></div></td>
<td>0</td>
<td>com.domoyun.testCase.MainStart@7225790e</td></tr>
<tr>
<td title='com.domoyun.testCase.MainStart.getCountry()'><b>getCountry</b><br>Test class: com.domoyun.testCase.MainStart<br>Parameters: 48, 1, , LabelImage, , , getCountry, 54, </td>
<td><div><pre>java.lang.AssertionError: expected [true] but found [false]
	at com.domoyun.testCase.MainStart.getCountry(MainStart.java:71)
... Removed 27 stack frames</pre></div><a href='#' onClick='toggleBox("stack-trace1827171553", this, "Click to show all stack frames", "Click to hide stack frames")'>Click to show all stack frames</a>
<div class='stack-trace' id='stack-trace1827171553'><pre>java.lang.AssertionError: expected [true] but found [false]
	at org.testng.Assert.fail(Assert.java:94)
	at org.testng.Assert.failNotEquals(Assert.java:494)
	at org.testng.Assert.assertTrue(Assert.java:42)
	at org.testng.Assert.assertTrue(Assert.java:52)
	at com.domoyun.testCase.MainStart.getCountry(MainStart.java:71)
	at sun.reflect.GeneratedMethodAccessor19.invoke(Unknown Source)
	at sun.reflect.DelegatingMethodAccessorImpl.invoke(Unknown Source)
	at java.lang.reflect.Method.invoke(Unknown Source)
	at org.testng.internal.MethodInvocationHelper.invokeMethod(MethodInvocationHelper.java:84)
	at org.testng.internal.Invoker.invokeMethod(Invoker.java:714)
	at org.testng.internal.Invoker.invokeTestMethod(Invoker.java:901)
	at org.testng.internal.Invoker.invokeTestMethods(Invoker.java:1231)
	at org.testng.internal.TestMethodWorker.invokeTestMethods(TestMethodWorker.java:127)
	at org.testng.internal.TestMethodWorker.run(TestMethodWorker.java:111)
	at org.testng.TestRunner.privateRun(TestRunner.java:767)
	at org.testng.TestRunner.run(TestRunner.java:617)
	at org.testng.SuiteRunner.runTest(SuiteRunner.java:348)
	at org.testng.SuiteRunner.runSequentially(SuiteRunner.java:343)
	at org.testng.SuiteRunner.privateRun(SuiteRunner.java:305)
	at org.testng.SuiteRunner.run(SuiteRunner.java:254)
	at org.testng.SuiteRunnerWorker.runSuite(SuiteRunnerWorker.java:52)
	at org.testng.SuiteRunnerWorker.run(SuiteRunnerWorker.java:86)
	at org.testng.TestNG.runSuitesSequentially(TestNG.java:1224)
	at org.testng.TestNG.runSuitesLocally(TestNG.java:1149)
	at org.testng.TestNG.run(TestNG.java:1057)
	at org.testng.remote.RemoteTestNG.run(RemoteTestNG.java:111)
	at org.testng.remote.RemoteTestNG.initAndRun(RemoteTestNG.java:204)
	at org.testng.remote.RemoteTestNG.main(RemoteTestNG.java:175)
</pre></div></td>
<td>0</td>
<td>com.domoyun.testCase.MainStart@7225790e</td></tr>
<tr>
<td title='com.domoyun.testCase.MainStart.getCountry()'><b>getCountry</b><br>Test class: com.domoyun.testCase.MainStart<br>Parameters: 49, 1, , LabelImage, , , getCountry, 54, </td>
<td><div><pre>java.lang.AssertionError: expected [true] but found [false]
	at com.domoyun.testCase.MainStart.getCountry(MainStart.java:71)
... Removed 27 stack frames</pre></div><a href='#' onClick='toggleBox("stack-trace738677855", this, "Click to show all stack frames", "Click to hide stack frames")'>Click to show all stack frames</a>
<div class='stack-trace' id='stack-trace738677855'><pre>java.lang.AssertionError: expected [true] but found [false]
	at org.testng.Assert.fail(Assert.java:94)
	at org.testng.Assert.failNotEquals(Assert.java:494)
	at org.testng.Assert.assertTrue(Assert.java:42)
	at org.testng.Assert.assertTrue(Assert.java:52)
	at com.domoyun.testCase.MainStart.getCountry(MainStart.java:71)
	at sun.reflect.GeneratedMethodAccessor19.invoke(Unknown Source)
	at sun.reflect.DelegatingMethodAccessorImpl.invoke(Unknown Source)
	at java.lang.reflect.Method.invoke(Unknown Source)
	at org.testng.internal.MethodInvocationHelper.invokeMethod(MethodInvocationHelper.java:84)
	at org.testng.internal.Invoker.invokeMethod(Invoker.java:714)
	at org.testng.internal.Invoker.invokeTestMethod(Invoker.java:901)
	at org.testng.internal.Invoker.invokeTestMethods(Invoker.java:1231)
	at org.testng.internal.TestMethodWorker.invokeTestMethods(TestMethodWorker.java:127)
	at org.testng.internal.TestMethodWorker.run(TestMethodWorker.java:111)
	at org.testng.TestRunner.privateRun(TestRunner.java:767)
	at org.testng.TestRunner.run(TestRunner.java:617)
	at org.testng.SuiteRunner.runTest(SuiteRunner.java:348)
	at org.testng.SuiteRunner.runSequentially(SuiteRunner.java:343)
	at org.testng.SuiteRunner.privateRun(SuiteRunner.java:305)
	at org.testng.SuiteRunner.run(SuiteRunner.java:254)
	at org.testng.SuiteRunnerWorker.runSuite(SuiteRunnerWorker.java:52)
	at org.testng.SuiteRunnerWorker.run(SuiteRunnerWorker.java:86)
	at org.testng.TestNG.runSuitesSequentially(TestNG.java:1224)
	at org.testng.TestNG.runSuitesLocally(TestNG.java:1149)
	at org.testng.TestNG.run(TestNG.java:1057)
	at org.testng.remote.RemoteTestNG.run(RemoteTestNG.java:111)
	at org.testng.remote.RemoteTestNG.initAndRun(RemoteTestNG.java:204)
	at org.testng.remote.RemoteTestNG.main(RemoteTestNG.java:175)
</pre></div></td>
<td>0</td>
<td>com.domoyun.testCase.MainStart@7225790e</td></tr>
<tr>
<td title='com.domoyun.testCase.MainStart.getCountry()'><b>getCountry</b><br>Test class: com.domoyun.testCase.MainStart<br>Parameters: 50, 1, , LabelImage, , , getCountry, 54, </td>
<td><div><pre>java.lang.AssertionError: expected [true] but found [false]
	at com.domoyun.testCase.MainStart.getCountry(MainStart.java:71)
... Removed 27 stack frames</pre></div><a href='#' onClick='toggleBox("stack-trace1997548433", this, "Click to show all stack frames", "Click to hide stack frames")'>Click to show all stack frames</a>
<div class='stack-trace' id='stack-trace1997548433'><pre>java.lang.AssertionError: expected [true] but found [false]
	at org.testng.Assert.fail(Assert.java:94)
	at org.testng.Assert.failNotEquals(Assert.java:494)
	at org.testng.Assert.assertTrue(Assert.java:42)
	at org.testng.Assert.assertTrue(Assert.java:52)
	at com.domoyun.testCase.MainStart.getCountry(MainStart.java:71)
	at sun.reflect.GeneratedMethodAccessor19.invoke(Unknown Source)
	at sun.reflect.DelegatingMethodAccessorImpl.invoke(Unknown Source)
	at java.lang.reflect.Method.invoke(Unknown Source)
	at org.testng.internal.MethodInvocationHelper.invokeMethod(MethodInvocationHelper.java:84)
	at org.testng.internal.Invoker.invokeMethod(Invoker.java:714)
	at org.testng.internal.Invoker.invokeTestMethod(Invoker.java:901)
	at org.testng.internal.Invoker.invokeTestMethods(Invoker.java:1231)
	at org.testng.internal.TestMethodWorker.invokeTestMethods(TestMethodWorker.java:127)
	at org.testng.internal.TestMethodWorker.run(TestMethodWorker.java:111)
	at org.testng.TestRunner.privateRun(TestRunner.java:767)
	at org.testng.TestRunner.run(TestRunner.java:617)
	at org.testng.SuiteRunner.runTest(SuiteRunner.java:348)
	at org.testng.SuiteRunner.runSequentially(SuiteRunner.java:343)
	at org.testng.SuiteRunner.privateRun(SuiteRunner.java:305)
	at org.testng.SuiteRunner.run(SuiteRunner.java:254)
	at org.testng.SuiteRunnerWorker.runSuite(SuiteRunnerWorker.java:52)
	at org.testng.SuiteRunnerWorker.run(SuiteRunnerWorker.java:86)
	at org.testng.TestNG.runSuitesSequentially(TestNG.java:1224)
	at org.testng.TestNG.runSuitesLocally(TestNG.java:1149)
	at org.testng.TestNG.run(TestNG.java:1057)
	at org.testng.remote.RemoteTestNG.run(RemoteTestNG.java:111)
	at org.testng.remote.RemoteTestNG.initAndRun(RemoteTestNG.java:204)
	at org.testng.remote.RemoteTestNG.main(RemoteTestNG.java:175)
</pre></div></td>
<td>0</td>
<td>com.domoyun.testCase.MainStart@7225790e</td></tr>
<tr>
<td title='com.domoyun.testCase.MainStart.getCountry()'><b>getCountry</b><br>Test class: com.domoyun.testCase.MainStart<br>Parameters: 51, 1, , LabelImage, , , getCountry, 54, </td>
<td><div><pre>java.lang.AssertionError: expected [true] but found [false]
	at com.domoyun.testCase.MainStart.getCountry(MainStart.java:71)
... Removed 27 stack frames</pre></div><a href='#' onClick='toggleBox("stack-trace1180858072", this, "Click to show all stack frames", "Click to hide stack frames")'>Click to show all stack frames</a>
<div class='stack-trace' id='stack-trace1180858072'><pre>java.lang.AssertionError: expected [true] but found [false]
	at org.testng.Assert.fail(Assert.java:94)
	at org.testng.Assert.failNotEquals(Assert.java:494)
	at org.testng.Assert.assertTrue(Assert.java:42)
	at org.testng.Assert.assertTrue(Assert.java:52)
	at com.domoyun.testCase.MainStart.getCountry(MainStart.java:71)
	at sun.reflect.GeneratedMethodAccessor19.invoke(Unknown Source)
	at sun.reflect.DelegatingMethodAccessorImpl.invoke(Unknown Source)
	at java.lang.reflect.Method.invoke(Unknown Source)
	at org.testng.internal.MethodInvocationHelper.invokeMethod(MethodInvocationHelper.java:84)
	at org.testng.internal.Invoker.invokeMethod(Invoker.java:714)
	at org.testng.internal.Invoker.invokeTestMethod(Invoker.java:901)
	at org.testng.internal.Invoker.invokeTestMethods(Invoker.java:1231)
	at org.testng.internal.TestMethodWorker.invokeTestMethods(TestMethodWorker.java:127)
	at org.testng.internal.TestMethodWorker.run(TestMethodWorker.java:111)
	at org.testng.TestRunner.privateRun(TestRunner.java:767)
	at org.testng.TestRunner.run(TestRunner.java:617)
	at org.testng.SuiteRunner.runTest(SuiteRunner.java:348)
	at org.testng.SuiteRunner.runSequentially(SuiteRunner.java:343)
	at org.testng.SuiteRunner.privateRun(SuiteRunner.java:305)
	at org.testng.SuiteRunner.run(SuiteRunner.java:254)
	at org.testng.SuiteRunnerWorker.runSuite(SuiteRunnerWorker.java:52)
	at org.testng.SuiteRunnerWorker.run(SuiteRunnerWorker.java:86)
	at org.testng.TestNG.runSuitesSequentially(TestNG.java:1224)
	at org.testng.TestNG.runSuitesLocally(TestNG.java:1149)
	at org.testng.TestNG.run(TestNG.java:1057)
	at org.testng.remote.RemoteTestNG.run(RemoteTestNG.java:111)
	at org.testng.remote.RemoteTestNG.initAndRun(RemoteTestNG.java:204)
	at org.testng.remote.RemoteTestNG.main(RemoteTestNG.java:175)
</pre></div></td>
<td>0</td>
<td>com.domoyun.testCase.MainStart@7225790e</td></tr>
<tr>
<td title='com.domoyun.testCase.MainStart.getCountry()'><b>getCountry</b><br>Test class: com.domoyun.testCase.MainStart<br>Parameters: 52, 1, , LabelImage, , , getCountry, 54, </td>
<td><div><pre>java.lang.AssertionError: expected [true] but found [false]
	at com.domoyun.testCase.MainStart.getCountry(MainStart.java:71)
... Removed 27 stack frames</pre></div><a href='#' onClick='toggleBox("stack-trace61681175", this, "Click to show all stack frames", "Click to hide stack frames")'>Click to show all stack frames</a>
<div class='stack-trace' id='stack-trace61681175'><pre>java.lang.AssertionError: expected [true] but found [false]
	at org.testng.Assert.fail(Assert.java:94)
	at org.testng.Assert.failNotEquals(Assert.java:494)
	at org.testng.Assert.assertTrue(Assert.java:42)
	at org.testng.Assert.assertTrue(Assert.java:52)
	at com.domoyun.testCase.MainStart.getCountry(MainStart.java:71)
	at sun.reflect.GeneratedMethodAccessor19.invoke(Unknown Source)
	at sun.reflect.DelegatingMethodAccessorImpl.invoke(Unknown Source)
	at java.lang.reflect.Method.invoke(Unknown Source)
	at org.testng.internal.MethodInvocationHelper.invokeMethod(MethodInvocationHelper.java:84)
	at org.testng.internal.Invoker.invokeMethod(Invoker.java:714)
	at org.testng.internal.Invoker.invokeTestMethod(Invoker.java:901)
	at org.testng.internal.Invoker.invokeTestMethods(Invoker.java:1231)
	at org.testng.internal.TestMethodWorker.invokeTestMethods(TestMethodWorker.java:127)
	at org.testng.internal.TestMethodWorker.run(TestMethodWorker.java:111)
	at org.testng.TestRunner.privateRun(TestRunner.java:767)
	at org.testng.TestRunner.run(TestRunner.java:617)
	at org.testng.SuiteRunner.runTest(SuiteRunner.java:348)
	at org.testng.SuiteRunner.runSequentially(SuiteRunner.java:343)
	at org.testng.SuiteRunner.privateRun(SuiteRunner.java:305)
	at org.testng.SuiteRunner.run(SuiteRunner.java:254)
	at org.testng.SuiteRunnerWorker.runSuite(SuiteRunnerWorker.java:52)
	at org.testng.SuiteRunnerWorker.run(SuiteRunnerWorker.java:86)
	at org.testng.TestNG.runSuitesSequentially(TestNG.java:1224)
	at org.testng.TestNG.runSuitesLocally(TestNG.java:1149)
	at org.testng.TestNG.run(TestNG.java:1057)
	at org.testng.remote.RemoteTestNG.run(RemoteTestNG.java:111)
	at org.testng.remote.RemoteTestNG.initAndRun(RemoteTestNG.java:204)
	at org.testng.remote.RemoteTestNG.main(RemoteTestNG.java:175)
</pre></div></td>
<td>0</td>
<td>com.domoyun.testCase.MainStart@7225790e</td></tr>
<tr>
<td title='com.domoyun.testCase.MainStart.getCountry()'><b>getCountry</b><br>Test class: com.domoyun.testCase.MainStart<br>Parameters: 53, 1, , LabelImage, , , getCountry, 54, </td>
<td><div><pre>java.lang.AssertionError: expected [true] but found [false]
	at com.domoyun.testCase.MainStart.getCountry(MainStart.java:71)
... Removed 27 stack frames</pre></div><a href='#' onClick='toggleBox("stack-trace873827336", this, "Click to show all stack frames", "Click to hide stack frames")'>Click to show all stack frames</a>
<div class='stack-trace' id='stack-trace873827336'><pre>java.lang.AssertionError: expected [true] but found [false]
	at org.testng.Assert.fail(Assert.java:94)
	at org.testng.Assert.failNotEquals(Assert.java:494)
	at org.testng.Assert.assertTrue(Assert.java:42)
	at org.testng.Assert.assertTrue(Assert.java:52)
	at com.domoyun.testCase.MainStart.getCountry(MainStart.java:71)
	at sun.reflect.GeneratedMethodAccessor19.invoke(Unknown Source)
	at sun.reflect.DelegatingMethodAccessorImpl.invoke(Unknown Source)
	at java.lang.reflect.Method.invoke(Unknown Source)
	at org.testng.internal.MethodInvocationHelper.invokeMethod(MethodInvocationHelper.java:84)
	at org.testng.internal.Invoker.invokeMethod(Invoker.java:714)
	at org.testng.internal.Invoker.invokeTestMethod(Invoker.java:901)
	at org.testng.internal.Invoker.invokeTestMethods(Invoker.java:1231)
	at org.testng.internal.TestMethodWorker.invokeTestMethods(TestMethodWorker.java:127)
	at org.testng.internal.TestMethodWorker.run(TestMethodWorker.java:111)
	at org.testng.TestRunner.privateRun(TestRunner.java:767)
	at org.testng.TestRunner.run(TestRunner.java:617)
	at org.testng.SuiteRunner.runTest(SuiteRunner.java:348)
	at org.testng.SuiteRunner.runSequentially(SuiteRunner.java:343)
	at org.testng.SuiteRunner.privateRun(SuiteRunner.java:305)
	at org.testng.SuiteRunner.run(SuiteRunner.java:254)
	at org.testng.SuiteRunnerWorker.runSuite(SuiteRunnerWorker.java:52)
	at org.testng.SuiteRunnerWorker.run(SuiteRunnerWorker.java:86)
	at org.testng.TestNG.runSuitesSequentially(TestNG.java:1224)
	at org.testng.TestNG.runSuitesLocally(TestNG.java:1149)
	at org.testng.TestNG.run(TestNG.java:1057)
	at org.testng.remote.RemoteTestNG.run(RemoteTestNG.java:111)
	at org.testng.remote.RemoteTestNG.initAndRun(RemoteTestNG.java:204)
	at org.testng.remote.RemoteTestNG.main(RemoteTestNG.java:175)
</pre></div></td>
<td>0</td>
<td>com.domoyun.testCase.MainStart@7225790e</td></tr>
<tr>
<td title='com.domoyun.testCase.MainStart.getCountry()'><b>getCountry</b><br>Test class: com.domoyun.testCase.MainStart<br>Parameters: 54, 1, , LabelImage, , , getCountry, 54, </td>
<td><div><pre>java.lang.AssertionError: expected [true] but found [false]
	at com.domoyun.testCase.MainStart.getCountry(MainStart.java:71)
... Removed 27 stack frames</pre></div><a href='#' onClick='toggleBox("stack-trace474488818", this, "Click to show all stack frames", "Click to hide stack frames")'>Click to show all stack frames</a>
<div class='stack-trace' id='stack-trace474488818'><pre>java.lang.AssertionError: expected [true] but found [false]
	at org.testng.Assert.fail(Assert.java:94)
	at org.testng.Assert.failNotEquals(Assert.java:494)
	at org.testng.Assert.assertTrue(Assert.java:42)
	at org.testng.Assert.assertTrue(Assert.java:52)
	at com.domoyun.testCase.MainStart.getCountry(MainStart.java:71)
	at sun.reflect.GeneratedMethodAccessor19.invoke(Unknown Source)
	at sun.reflect.DelegatingMethodAccessorImpl.invoke(Unknown Source)
	at java.lang.reflect.Method.invoke(Unknown Source)
	at org.testng.internal.MethodInvocationHelper.invokeMethod(MethodInvocationHelper.java:84)
	at org.testng.internal.Invoker.invokeMethod(Invoker.java:714)
	at org.testng.internal.Invoker.invokeTestMethod(Invoker.java:901)
	at org.testng.internal.Invoker.invokeTestMethods(Invoker.java:1231)
	at org.testng.internal.TestMethodWorker.invokeTestMethods(TestMethodWorker.java:127)
	at org.testng.internal.TestMethodWorker.run(TestMethodWorker.java:111)
	at org.testng.TestRunner.privateRun(TestRunner.java:767)
	at org.testng.TestRunner.run(TestRunner.java:617)
	at org.testng.SuiteRunner.runTest(SuiteRunner.java:348)
	at org.testng.SuiteRunner.runSequentially(SuiteRunner.java:343)
	at org.testng.SuiteRunner.privateRun(SuiteRunner.java:305)
	at org.testng.SuiteRunner.run(SuiteRunner.java:254)
	at org.testng.SuiteRunnerWorker.runSuite(SuiteRunnerWorker.java:52)
	at org.testng.SuiteRunnerWorker.run(SuiteRunnerWorker.java:86)
	at org.testng.TestNG.runSuitesSequentially(TestNG.java:1224)
	at org.testng.TestNG.runSuitesLocally(TestNG.java:1149)
	at org.testng.TestNG.run(TestNG.java:1057)
	at org.testng.remote.RemoteTestNG.run(RemoteTestNG.java:111)
	at org.testng.remote.RemoteTestNG.initAndRun(RemoteTestNG.java:204)
	at org.testng.remote.RemoteTestNG.main(RemoteTestNG.java:175)
</pre></div></td>
<td>0</td>
<td>com.domoyun.testCase.MainStart@7225790e</td></tr>
</table><p>
<table width='100%' border='1' class='invocation-passed'>
<tr><td colspan='4' align='center'><b>PASSED TESTS</b></td></tr>
<tr><td><b>Test method</b></td>
<td width="30%"><b>Exception</b></td>
<td width="10%"><b>Time (seconds)</b></td>
<td><b>Instance</b></td>
</tr>
<tr>
<td title='com.domoyun.testCase.MainStart.getCountry()'><b>getCountry</b><br>Test class: com.domoyun.testCase.MainStart<br>Parameters: 1, 1, {"Version":"0.0.0.3","Data": {"OrderID": "TestHKRM115305","ParcelInformation": {"Weight": "30","WeightUnit": 1,"Length": "30","Width": "20","Height": "10","SizeUnit": 1,"ExistDangeroursGoods": false,"ProductInformations": [{"Description": "phonecase","Quantity": 1,"Weight": "33","WeightUnit": 3,"Value": "10.0","Sku": "","Remark": "","ProductUrl": "","HSCode": "666666"}]},"RecipientAddress": {"FirstName": "Ecommerce","LastName": "TranshipmentSolution Ltd","Company": null,"StreetAddress": "54 Worthy Lane","StreetAddress2": "Address2","StreetAddress3": null,"City": "MEANLEY","State": "Western Australia","ZIPCode": "BN91 9YL","Country": "GB","PhoneNumber": "079 4281 0589","IsResidential": true},"ChannelName": "HKRM","Token": "99999999999999999999999999999999","ServiceTypeCode": "Tracked_24_S","WarehouseCode": "UK","LabelMarkText": null,"RedundancyField": {"SignatureOption": ""}}}, LabelImage, , , getCountry, 54, TestHKRM115305  BN91Q19</td>
<td></td>
<td>0</td>
<td>com.domoyun.testCase.MainStart@7225790e</td></tr>
<tr>
<td title='com.domoyun.testCase.MainStart.getCountry()'><b>getCountry</b><br>Test class: com.domoyun.testCase.MainStart<br>Parameters: 2, 1, {"Version":"0.0.0.3","Data": {"OrderID": "TestHKRM495328","ParcelInformation": {"Weight": "30","WeightUnit": 1,"Length": "30","Width": "20","Height": "10","SizeUnit": 1,"ExistDangeroursGoods": false,"ProductInformations": [{"Description": "phonecase","Quantity": 1,"Weight": "33","WeightUnit": 3,"Value": "10.0","Sku": "","Remark": "","ProductUrl": "","HSCode": "666666"}]},"RecipientAddress": {"FirstName": "Ecommerce","LastName": "TranshipmentSolution Ltd","Company": null,"StreetAddress": "54 Worthy Lane","StreetAddress2": "Address2","StreetAddress3": null,"City": "MEANLEY","State": "Western Australia","ZIPCode": "BN95 9YL","Country": "GB","PhoneNumber": "079 4281 0589","IsResidential": true},"ChannelName": "HKRM","Token": "99999999999999999999999999999999","ServiceTypeCode": "Tracked_24_S","WarehouseCode": "UK","LabelMarkText": null,"RedundancyField": {"SignatureOption": ""}}}, LabelImage, , , getCountry, 54, TestHKRM495328  BN95BN92</td>
<td></td>
<td>0</td>
<td>com.domoyun.testCase.MainStart@7225790e</td></tr>
<tr>
<td title='com.domoyun.testCase.MainStart.getCountry()'><b>getCountry</b><br>Test class: com.domoyun.testCase.MainStart<br>Parameters: 3, 1, {"Version":"0.0.0.3","Data": {"OrderID": "TestHKRM547579","ParcelInformation": {"Weight": "30","WeightUnit": 1,"Length": "30","Width": "20","Height": "10","SizeUnit": 1,"ExistDangeroursGoods": false,"ProductInformations": [{"Description": "phonecase","Quantity": 1,"Weight": "33","WeightUnit": 3,"Value": "10.0","Sku": "","Remark": "","ProductUrl": "","HSCode": "666666"}]},"RecipientAddress": {"FirstName": "Ecommerce","LastName": "TranshipmentSolution Ltd","Company": null,"StreetAddress": "54 Worthy Lane","StreetAddress2": "Address2","StreetAddress3": null,"City": "MEANLEY","State": "Western Australia","ZIPCode": "BN99 9YL","Country": "GB","PhoneNumber": "079 4281 0589","IsResidential": true},"ChannelName": "HKRM","Token": "99999999999999999999999999999999","ServiceTypeCode": "Tracked_24_S","WarehouseCode": "UK","LabelMarkText": null,"RedundancyField": {"SignatureOption": ""}}}, LabelImage, , , getCountry, 54, TestHKRM495328  BN99Q19</td>
<td></td>
<td>0</td>
<td>com.domoyun.testCase.MainStart@7225790e</td></tr>
<tr>
<td title='com.domoyun.testCase.MainStart.getCountry()'><b>getCountry</b><br>Test class: com.domoyun.testCase.MainStart<br>Parameters: 4, 1, {"Version":"0.0.0.3","Data": {"OrderID": "TestHKRM882791","ParcelInformation": {"Weight": "30","WeightUnit": 1,"Length": "30","Width": "20","Height": "10","SizeUnit": 1,"ExistDangeroursGoods": false,"ProductInformations": [{"Description": "phonecase","Quantity": 1,"Weight": "33","WeightUnit": 3,"Value": "10.0","Sku": "","Remark": "","ProductUrl": "","HSCode": "666666"}]},"RecipientAddress": {"FirstName": "Ecommerce","LastName": "TranshipmentSolution Ltd","Company": null,"StreetAddress": "54 Worthy Lane","StreetAddress2": "Address2","StreetAddress3": null,"City": "MEANLEY","State": "Western Australia","ZIPCode": "DL98 9YL","Country": "GB","PhoneNumber": "079 4281 0589","IsResidential": true},"ChannelName": "HKRM","Token": "99999999999999999999999999999999","ServiceTypeCode": "Tracked_24_S","WarehouseCode": "UK","LabelMarkText": null,"RedundancyField": {"SignatureOption": ""}}}, LabelImage, , , getCountry, 54, TestHKRM882791  DL98E70</td>
<td></td>
<td>0</td>
<td>com.domoyun.testCase.MainStart@7225790e</td></tr>
<tr>
<td title='com.domoyun.testCase.MainStart.getCountry()'><b>getCountry</b><br>Test class: com.domoyun.testCase.MainStart<br>Parameters: 5, 1, {"Version":"0.0.0.3","Data": {"OrderID": "TestHKRM592838","ParcelInformation": {"Weight": "30","WeightUnit": 1,"Length": "30","Width": "20","Height": "10","SizeUnit": 1,"ExistDangeroursGoods": false,"ProductInformations": [{"Description": "phonecase","Quantity": 1,"Weight": "33","WeightUnit": 3,"Value": "10.0","Sku": "","Remark": "","ProductUrl": "","HSCode": "666666"}]},"RecipientAddress": {"FirstName": "Ecommerce","LastName": "TranshipmentSolution Ltd","Company": null,"StreetAddress": "54 Worthy Lane","StreetAddress2": "Address2","StreetAddress3": null,"City": "MEANLEY","State": "Western Australia","ZIPCode": "DN1 9YL","Country": "GB","PhoneNumber": "079 4281 0589","IsResidential": true},"ChannelName": "HKRM","Token": "99999999999999999999999999999999","ServiceTypeCode": "Tracked_24_S","WarehouseCode": "UK","LabelMarkText": null,"RedundancyField": {"SignatureOption": ""}}}, LabelImage, , , getCountry, 54, TestHKRM592838  DN1E62</td>
<td></td>
<td>0</td>
<td>com.domoyun.testCase.MainStart@7225790e</td></tr>
<tr>
<td title='com.domoyun.testCase.MainStart.getCountry()'><b>getCountry</b><br>Test class: com.domoyun.testCase.MainStart<br>Parameters: 6, 1, {"Version":"0.0.0.3","Data": {"OrderID": "TestHKRM237969","ParcelInformation": {"Weight": "30","WeightUnit": 1,"Length": "30","Width": "20","Height": "10","SizeUnit": 1,"ExistDangeroursGoods": false,"ProductInformations": [{"Description": "phonecase","Quantity": 1,"Weight": "33","WeightUnit": 3,"Value": "10.0","Sku": "","Remark": "","ProductUrl": "","HSCode": "666666"}]},"RecipientAddress": {"FirstName": "Ecommerce","LastName": "TranshipmentSolution Ltd","Company": null,"StreetAddress": "54 Worthy Lane","StreetAddress2": "Address2","StreetAddress3": null,"City": "MEANLEY","State": "Western Australia","ZIPCode": "DN2 9YL","Country": "GB","PhoneNumber": "079 4281 0589","IsResidential": true},"ChannelName": "HKRM","Token": "99999999999999999999999999999999","ServiceTypeCode": "Tracked_24_S","WarehouseCode": "UK","LabelMarkText": null,"RedundancyField": {"SignatureOption": ""}}}, LabelImage, , , getCountry, 54, TestHKRM237969  DN2E62</td>
<td></td>
<td>0</td>
<td>com.domoyun.testCase.MainStart@7225790e</td></tr>
<tr>
<td title='com.domoyun.testCase.MainStart.getCountry()'><b>getCountry</b><br>Test class: com.domoyun.testCase.MainStart<br>Parameters: 7, 1, {"Version":"0.0.0.3","Data": {"OrderID": "TestHKRM969186","ParcelInformation": {"Weight": "30","WeightUnit": 1,"Length": "30","Width": "20","Height": "10","SizeUnit": 1,"ExistDangeroursGoods": false,"ProductInformations": [{"Description": "phonecase","Quantity": 1,"Weight": "33","WeightUnit": 3,"Value": "10.0","Sku": "","Remark": "","ProductUrl": "","HSCode": "666666"}]},"RecipientAddress": {"FirstName": "Ecommerce","LastName": "TranshipmentSolution Ltd","Company": null,"StreetAddress": "54 Worthy Lane","StreetAddress2": "Address2","StreetAddress3": null,"City": "MEANLEY","State": "Western Australia","ZIPCode": "DN55 9YL","Country": "GB","PhoneNumber": "079 4281 0589","IsResidential": true},"ChannelName": "HKRM","Token": "99999999999999999999999999999999","ServiceTypeCode": "Tracked_24_S","WarehouseCode": "UK","LabelMarkText": null,"RedundancyField": {"SignatureOption": ""}}}, LabelImage, , , getCountry, 54, TestHKRM237969  DN55E62</td>
<td></td>
<td>0</td>
<td>com.domoyun.testCase.MainStart@7225790e</td></tr>
<tr>
<td title='com.domoyun.testCase.MainStart.getCountry()'><b>getCountry</b><br>Test class: com.domoyun.testCase.MainStart<br>Parameters: 8, 1, {"Version":"0.0.0.3","Data": {"OrderID": "TestHKRM713969","ParcelInformation": {"Weight": "30","WeightUnit": 1,"Length": "30","Width": "20","Height": "10","SizeUnit": 1,"ExistDangeroursGoods": false,"ProductInformations": [{"Description": "phonecase","Quantity": 1,"Weight": "33","WeightUnit": 3,"Value": "10.0","Sku": "","Remark": "","ProductUrl": "","HSCode": "666666"}]},"RecipientAddress": {"FirstName": "Ecommerce","LastName": "TranshipmentSolution Ltd","Company": null,"StreetAddress": "54 Worthy Lane","StreetAddress2": "Address2","StreetAddress3": null,"City": "MEANLEY","State": "Western Australia","ZIPCode": "DT1 9YL","Country": "GB","PhoneNumber": "079 4281 0589","IsResidential": true},"ChannelName": "HKRM","Token": "99999999999999999999999999999999","ServiceTypeCode": "Tracked_24_S","WarehouseCode": "UK","LabelMarkText": null,"RedundancyField": {"SignatureOption": ""}}}, LabelImage, , , getCountry, 54, TestHKRM713969  DT1X14</td>
<td></td>
<td>0</td>
<td>com.domoyun.testCase.MainStart@7225790e</td></tr>
<tr>
<td title='com.domoyun.testCase.MainStart.getCountry()'><b>getCountry</b><br>Test class: com.domoyun.testCase.MainStart<br>Parameters: 9, 1, {"Version":"0.0.0.3","Data": {"OrderID": "TestHKRM124402","ParcelInformation": {"Weight": "30","WeightUnit": 1,"Length": "30","Width": "20","Height": "10","SizeUnit": 1,"ExistDangeroursGoods": false,"ProductInformations": [{"Description": "phonecase","Quantity": 1,"Weight": "33","WeightUnit": 3,"Value": "10.0","Sku": "","Remark": "","ProductUrl": "","HSCode": "666666"}]},"RecipientAddress": {"FirstName": "Ecommerce","LastName": "TranshipmentSolution Ltd","Company": null,"StreetAddress": "54 Worthy Lane","StreetAddress2": "Address2","StreetAddress3": null,"City": "MEANLEY","State": "Western Australia","ZIPCode": "DT2 9YL","Country": "GB","PhoneNumber": "079 4281 0589","IsResidential": true},"ChannelName": "HKRM","Token": "99999999999999999999999999999999","ServiceTypeCode": "Tracked_24_S","WarehouseCode": "UK","LabelMarkText": null,"RedundancyField": {"SignatureOption": ""}}}, LabelImage, , , getCountry, 54, TestHKRM124402  DT2X14</td>
<td></td>
<td>0</td>
<td>com.domoyun.testCase.MainStart@7225790e</td></tr>
<tr>
<td title='com.domoyun.testCase.MainStart.getCountry()'><b>getCountry</b><br>Test class: com.domoyun.testCase.MainStart<br>Parameters: 10, 1, {"Version":"0.0.0.3","Data": {"OrderID": "TestHKRM705669","ParcelInformation": {"Weight": "30","WeightUnit": 1,"Length": "30","Width": "20","Height": "10","SizeUnit": 1,"ExistDangeroursGoods": false,"ProductInformations": [{"Description": "phonecase","Quantity": 1,"Weight": "33","WeightUnit": 3,"Value": "10.0","Sku": "","Remark": "","ProductUrl": "","HSCode": "666666"}]},"RecipientAddress": {"FirstName": "Ecommerce","LastName": "TranshipmentSolution Ltd","Company": null,"StreetAddress": "54 Worthy Lane","StreetAddress2": "Address2","StreetAddress3": null,"City": "MEANLEY","State": "Western Australia","ZIPCode": "PA80 9YL","Country": "GB","PhoneNumber": "079 4281 0589","IsResidential": true},"ChannelName": "HKRM","Token": "99999999999999999999999999999999","ServiceTypeCode": "Tracked_24_S","WarehouseCode": "UK","LabelMarkText": null,"RedundancyField": {"SignatureOption": ""}}}, LabelImage, , , getCountry, 54, TestHKRM705669  PA80A87</td>
<td></td>
<td>0</td>
<td>com.domoyun.testCase.MainStart@7225790e</td></tr>
<tr>
<td title='com.domoyun.testCase.MainStart.getCountry()'><b>getCountry</b><br>Test class: com.domoyun.testCase.MainStart<br>Parameters: 11, 1, {"Version":"0.0.0.3","Data": {"OrderID": "TestHKRM789051","ParcelInformation": {"Weight": "30","WeightUnit": 1,"Length": "30","Width": "20","Height": "10","SizeUnit": 1,"ExistDangeroursGoods": false,"ProductInformations": [{"Description": "phonecase","Quantity": 1,"Weight": "33","WeightUnit": 3,"Value": "10.0","Sku": "","Remark": "","ProductUrl": "","HSCode": "666666"}]},"RecipientAddress": {"FirstName": "Ecommerce","LastName": "TranshipmentSolution Ltd","Company": null,"StreetAddress": "54 Worthy Lane","StreetAddress2": "Address2","StreetAddress3": null,"City": "MEANLEY","State": "Western Australia","ZIPCode": "PA98 9YL","Country": "GB","PhoneNumber": "079 4281 0589","IsResidential": true},"ChannelName": "HKRM","Token": "99999999999999999999999999999999","ServiceTypeCode": "Tracked_24_S","WarehouseCode": "UK","LabelMarkText": null,"RedundancyField": {"SignatureOption": ""}}}, LabelImage, , , getCountry, 54, TestHKRM789051  PA98A87</td>
<td></td>
<td>0</td>
<td>com.domoyun.testCase.MainStart@7225790e</td></tr>
<tr>
<td title='com.domoyun.testCase.MainStart.getCountry()'><b>getCountry</b><br>Test class: com.domoyun.testCase.MainStart<br>Parameters: 12, 1, {"Version":"0.0.0.3","Data": {"OrderID": "TestHKRM561135","ParcelInformation": {"Weight": "30","WeightUnit": 1,"Length": "30","Width": "20","Height": "10","SizeUnit": 1,"ExistDangeroursGoods": false,"ProductInformations": [{"Description": "phonecase","Quantity": 1,"Weight": "33","WeightUnit": 3,"Value": "10.0","Sku": "","Remark": "","ProductUrl": "","HSCode": "666666"}]},"RecipientAddress": {"FirstName": "Ecommerce","LastName": "TranshipmentSolution Ltd","Company": null,"StreetAddress": "54 Worthy Lane","StreetAddress2": "Address2","StreetAddress3": null,"City": "MEANLEY","State": "Western Australia","ZIPCode": "PE1 9YL","Country": "GB","PhoneNumber": "079 4281 0589","IsResidential": true},"ChannelName": "HKRM","Token": "99999999999999999999999999999999","ServiceTypeCode": "Tracked_24_S","WarehouseCode": "UK","LabelMarkText": null,"RedundancyField": {"SignatureOption": ""}}}, LabelImage, , , getCountry, 54, TestHKRM561135  PE1N47</td>
<td></td>
<td>0</td>
<td>com.domoyun.testCase.MainStart@7225790e</td></tr>
<tr>
<td title='com.domoyun.testCase.MainStart.getCountry()'><b>getCountry</b><br>Test class: com.domoyun.testCase.MainStart<br>Parameters: 13, 1, {"Version":"0.0.0.3","Data": {"OrderID": "TestHKRM654923","ParcelInformation": {"Weight": "30","WeightUnit": 1,"Length": "30","Width": "20","Height": "10","SizeUnit": 1,"ExistDangeroursGoods": false,"ProductInformations": [{"Description": "phonecase","Quantity": 1,"Weight": "33","WeightUnit": 3,"Value": "10.0","Sku": "","Remark": "","ProductUrl": "","HSCode": "666666"}]},"RecipientAddress": {"FirstName": "Ecommerce","LastName": "TranshipmentSolution Ltd","Company": null,"StreetAddress": "54 Worthy Lane","StreetAddress2": "Address2","StreetAddress3": null,"City": "MEANLEY","State": "Western Australia","ZIPCode": "PE2 9YL","Country": "GB","PhoneNumber": "079 4281 0589","IsResidential": true},"ChannelName": "HKRM","Token": "99999999999999999999999999999999","ServiceTypeCode": "Tracked_24_S","WarehouseCode": "UK","LabelMarkText": null,"RedundancyField": {"SignatureOption": ""}}}, LabelImage, , , getCountry, 54, TestHKRM654923  PE2N47</td>
<td></td>
<td>0</td>
<td>com.domoyun.testCase.MainStart@7225790e</td></tr>
<tr>
<td title='com.domoyun.testCase.MainStart.getCountry()'><b>getCountry</b><br>Test class: com.domoyun.testCase.MainStart<br>Parameters: 14, 1, {"Version":"0.0.0.3","Data": {"OrderID": "TestHKRM708749","ParcelInformation": {"Weight": "30","WeightUnit": 1,"Length": "30","Width": "20","Height": "10","SizeUnit": 1,"ExistDangeroursGoods": false,"ProductInformations": [{"Description": "phonecase","Quantity": 1,"Weight": "33","WeightUnit": 3,"Value": "10.0","Sku": "","Remark": "","ProductUrl": "","HSCode": "666666"}]},"RecipientAddress": {"FirstName": "Ecommerce","LastName": "TranshipmentSolution Ltd","Company": null,"StreetAddress": "54 Worthy Lane","StreetAddress2": "Address2","StreetAddress3": null,"City": "MEANLEY","State": "Western Australia","ZIPCode": "PE99 9YL","Country": "GB","PhoneNumber": "079 4281 0589","IsResidential": true},"ChannelName": "HKRM","Token": "99999999999999999999999999999999","ServiceTypeCode": "Tracked_24_S","WarehouseCode": "UK","LabelMarkText": null,"RedundancyField": {"SignatureOption": ""}}}, LabelImage, , , getCountry, 54, TestHKRM708749  PE99N47</td>
<td></td>
<td>0</td>
<td>com.domoyun.testCase.MainStart@7225790e</td></tr>
<tr>
<td title='com.domoyun.testCase.MainStart.getCountry()'><b>getCountry</b><br>Test class: com.domoyun.testCase.MainStart<br>Parameters: 15, 1, {"Version":"0.0.0.3","Data": {"OrderID": "TestHKRM169515","ParcelInformation": {"Weight": "30","WeightUnit": 1,"Length": "30","Width": "20","Height": "10","SizeUnit": 1,"ExistDangeroursGoods": false,"ProductInformations": [{"Description": "phonecase","Quantity": 1,"Weight": "33","WeightUnit": 3,"Value": "10.0","Sku": "","Remark": "","ProductUrl": "","HSCode": "666666"}]},"RecipientAddress": {"FirstName": "Ecommerce","LastName": "TranshipmentSolution Ltd","Company": null,"StreetAddress": "54 Worthy Lane","StreetAddress2": "Address2","StreetAddress3": null,"City": "MEANLEY","State": "Western Australia","ZIPCode": "PH1 9YL","Country": "GB","PhoneNumber": "079 4281 0589","IsResidential": true},"ChannelName": "HKRM","Token": "99999999999999999999999999999999","ServiceTypeCode": "Tracked_24_S","WarehouseCode": "UK","LabelMarkText": null,"RedundancyField": {"SignatureOption": ""}}}, LabelImage, , , getCountry, 54, TestHKRM169515  PH1A95</td>
<td></td>
<td>0</td>
<td>com.domoyun.testCase.MainStart@7225790e</td></tr>
<tr>
<td title='com.domoyun.testCase.MainStart.getCountry()'><b>getCountry</b><br>Test class: com.domoyun.testCase.MainStart<br>Parameters: 16, 1, {"Version":"0.0.0.3","Data": {"OrderID": "TestHKRM883664","ParcelInformation": {"Weight": "30","WeightUnit": 1,"Length": "30","Width": "20","Height": "10","SizeUnit": 1,"ExistDangeroursGoods": false,"ProductInformations": [{"Description": "phonecase","Quantity": 1,"Weight": "33","WeightUnit": 3,"Value": "10.0","Sku": "","Remark": "","ProductUrl": "","HSCode": "666666"}]},"RecipientAddress": {"FirstName": "Ecommerce","LastName": "TranshipmentSolution Ltd","Company": null,"StreetAddress": "54 Worthy Lane","StreetAddress2": "Address2","StreetAddress3": null,"City": "MEANLEY","State": "Western Australia","ZIPCode": "SO24 9YL","Country": "GB","PhoneNumber": "079 4281 0589","IsResidential": true},"ChannelName": "HKRM","Token": "99999999999999999999999999999999","ServiceTypeCode": "Tracked_24_S","WarehouseCode": "UK","LabelMarkText": null,"RedundancyField": {"SignatureOption": ""}}}, LabelImage, , , getCountry, 54, TestHKRM883664  SO24X15</td>
<td></td>
<td>0</td>
<td>com.domoyun.testCase.MainStart@7225790e</td></tr>
<tr>
<td title='com.domoyun.testCase.MainStart.getCountry()'><b>getCountry</b><br>Test class: com.domoyun.testCase.MainStart<br>Parameters: 17, 1, {"Version":"0.0.0.3","Data": {"OrderID": "TestHKRM799922","ParcelInformation": {"Weight": "30","WeightUnit": 1,"Length": "30","Width": "20","Height": "10","SizeUnit": 1,"ExistDangeroursGoods": false,"ProductInformations": [{"Description": "phonecase","Quantity": 1,"Weight": "33","WeightUnit": 3,"Value": "10.0","Sku": "","Remark": "","ProductUrl": "","HSCode": "666666"}]},"RecipientAddress": {"FirstName": "Ecommerce","LastName": "TranshipmentSolution Ltd","Company": null,"StreetAddress": "54 Worthy Lane","StreetAddress2": "Address2","StreetAddress3": null,"City": "MEANLEY","State": "Western Australia","ZIPCode": "SO25 9YL","Country": "GB","PhoneNumber": "079 4281 0589","IsResidential": true},"ChannelName": "HKRM","Token": "99999999999999999999999999999999","ServiceTypeCode": "Tracked_24_S","WarehouseCode": "UK","LabelMarkText": null,"RedundancyField": {"SignatureOption": ""}}}, LabelImage, , , getCountry, 54, TestHKRM799922  SO25X15</td>
<td></td>
<td>0</td>
<td>com.domoyun.testCase.MainStart@7225790e</td></tr>
<tr>
<td title='com.domoyun.testCase.MainStart.getCountry()'><b>getCountry</b><br>Test class: com.domoyun.testCase.MainStart<br>Parameters: 18, 1, {"Version":"0.0.0.3","Data": {"OrderID": "TestHKRM955475","ParcelInformation": {"Weight": "30","WeightUnit": 1,"Length": "30","Width": "20","Height": "10","SizeUnit": 1,"ExistDangeroursGoods": false,"ProductInformations": [{"Description": "phonecase","Quantity": 1,"Weight": "33","WeightUnit": 3,"Value": "10.0","Sku": "","Remark": "","ProductUrl": "","HSCode": "666666"}]},"RecipientAddress": {"FirstName": "Ecommerce","LastName": "TranshipmentSolution Ltd","Company": null,"StreetAddress": "54 Worthy Lane","StreetAddress2": "Address2","StreetAddress3": null,"City": "MEANLEY","State": "Western Australia","ZIPCode": "SO30 9YL","Country": "GB","PhoneNumber": "079 4281 0589","IsResidential": true},"ChannelName": "HKRM","Token": "99999999999999999999999999999999","ServiceTypeCode": "Tracked_24_S","WarehouseCode": "UK","LabelMarkText": null,"RedundancyField": {"SignatureOption": ""}}}, LabelImage, , , getCountry, 54, TestHKRM955475  SO30X15</td>
<td></td>
<td>0</td>
<td>com.domoyun.testCase.MainStart@7225790e</td></tr>
<tr>
<td title='com.domoyun.testCase.MainStart.getCountry()'><b>getCountry</b><br>Test class: com.domoyun.testCase.MainStart<br>Parameters: 19, 1, {"Version":"0.0.0.3","Data": {"OrderID": "TestHKRM242652","ParcelInformation": {"Weight": "30","WeightUnit": 1,"Length": "30","Width": "20","Height": "10","SizeUnit": 1,"ExistDangeroursGoods": false,"ProductInformations": [{"Description": "phonecase","Quantity": 1,"Weight": "33","WeightUnit": 3,"Value": "10.0","Sku": "","Remark": "","ProductUrl": "","HSCode": "666666"}]},"RecipientAddress": {"FirstName": "Ecommerce","LastName": "TranshipmentSolution Ltd","Company": null,"StreetAddress": "54 Worthy Lane","StreetAddress2": "Address2","StreetAddress3": null,"City": "MEANLEY","State": "Western Australia","ZIPCode": "SR9 9YL","Country": "GB","PhoneNumber": "079 4281 0589","IsResidential": true},"ChannelName": "HKRM","Token": "99999999999999999999999999999999","ServiceTypeCode": "Tracked_24_S","WarehouseCode": "UK","LabelMarkText": null,"RedundancyField": {"SignatureOption": ""}}}, LabelImage, , , getCountry, 54, TestHKRM242652  SR9E71</td>
<td></td>
<td>0</td>
<td>com.domoyun.testCase.MainStart@7225790e</td></tr>
<tr>
<td title='com.domoyun.testCase.MainStart.getCountry()'><b>getCountry</b><br>Test class: com.domoyun.testCase.MainStart<br>Parameters: 20, 1, {"Version":"0.0.0.3","Data": {"OrderID": "TestHKRM108122","ParcelInformation": {"Weight": "30","WeightUnit": 1,"Length": "30","Width": "20","Height": "10","SizeUnit": 1,"ExistDangeroursGoods": false,"ProductInformations": [{"Description": "phonecase","Quantity": 1,"Weight": "33","WeightUnit": 3,"Value": "10.0","Sku": "","Remark": "","ProductUrl": "","HSCode": "666666"}]},"RecipientAddress": {"FirstName": "Ecommerce","LastName": "TranshipmentSolution Ltd","Company": null,"StreetAddress": "54 Worthy Lane","StreetAddress2": "Address2","StreetAddress3": null,"City": "MEANLEY","State": "Western Australia","ZIPCode": "SR43 9YL","Country": "GB","PhoneNumber": "079 4281 0589","IsResidential": true},"ChannelName": "HKRM","Token": "99999999999999999999999999999999","ServiceTypeCode": "Tracked_24_S","WarehouseCode": "UK","LabelMarkText": null,"RedundancyField": {"SignatureOption": ""}}}, LabelImage, , , getCountry, 54, TestHKRM108122  SR43E71</td>
<td></td>
<td>0</td>
<td>com.domoyun.testCase.MainStart@7225790e</td></tr>
<tr>
<td title='com.domoyun.testCase.MainStart.getCountry()'><b>getCountry</b><br>Test class: com.domoyun.testCase.MainStart<br>Parameters: 21, 1, {"Version":"0.0.0.3","Data": {"OrderID": "TestHKRM409491","ParcelInformation": {"Weight": "30","WeightUnit": 1,"Length": "30","Width": "20","Height": "10","SizeUnit": 1,"ExistDangeroursGoods": false,"ProductInformations": [{"Description": "phonecase","Quantity": 1,"Weight": "33","WeightUnit": 3,"Value": "10.0","Sku": "","Remark": "","ProductUrl": "","HSCode": "666666"}]},"RecipientAddress": {"FirstName": "Ecommerce","LastName": "TranshipmentSolution Ltd","Company": null,"StreetAddress": "54 Worthy Lane","StreetAddress2": "Address2","StreetAddress3": null,"City": "MEANLEY","State": "Western Australia","ZIPCode": "SR0 9YL","Country": "GB","PhoneNumber": "079 4281 0589","IsResidential": true},"ChannelName": "HKRM","Token": "99999999999999999999999999999999","ServiceTypeCode": "Tracked_24_S","WarehouseCode": "UK","LabelMarkText": null,"RedundancyField": {"SignatureOption": ""}}}, LabelImage, , , getCountry, 54, TestHKRM409491  SR0___</td>
<td></td>
<td>0</td>
<td>com.domoyun.testCase.MainStart@7225790e</td></tr>
<tr>
<td title='com.domoyun.testCase.MainStart.getCountry()'><b>getCountry</b><br>Test class: com.domoyun.testCase.MainStart<br>Parameters: 22, 1, {"Version":"0.0.0.3","Data": {"OrderID": "TestHKRM547321","ParcelInformation": {"Weight": "30","WeightUnit": 1,"Length": "30","Width": "20","Height": "10","SizeUnit": 1,"ExistDangeroursGoods": false,"ProductInformations": [{"Description": "phonecase","Quantity": 1,"Weight": "33","WeightUnit": 3,"Value": "10.0","Sku": "","Remark": "","ProductUrl": "","HSCode": "666666"}]},"RecipientAddress": {"FirstName": "Ecommerce","LastName": "TranshipmentSolution Ltd","Company": null,"StreetAddress": "54 Worthy Lane","StreetAddress2": "Address2","StreetAddress3": null,"City": "MEANLEY","State": "Western Australia","ZIPCode": "SS1 9YL","Country": "GB","PhoneNumber": "079 4281 0589","IsResidential": true},"ChannelName": "HKRM","Token": "99999999999999999999999999999999","ServiceTypeCode": "Tracked_24_S","WarehouseCode": "UK","LabelMarkText": null,"RedundancyField": {"SignatureOption": ""}}}, LabelImage, , , getCountry, 54, TestHKRM547321  SS1R35</td>
<td></td>
<td>0</td>
<td>com.domoyun.testCase.MainStart@7225790e</td></tr>
</table><p>
</body>
</html>