<?xml version="1.0" encoding="UTF-8"?>
<!-- Generated by org.testng.reporters.JUnitXMLReporter -->
<testsuite hostname="DESKTOP-KKIAIRI" name="getCountry" tests="54" failures="32" timestamp="13 Jun 2019 02:51:45 GMT" time="3.688" errors="0">
  <testcase name="getCountry" time="0.885" classname="com.domoyun.testCase.MainStart"/>
  <testcase name="getCountry" time="0.07" classname="com.domoyun.testCase.MainStart"/>
  <testcase name="getCountry" time="0.073" classname="com.domoyun.testCase.MainStart"/>
  <testcase name="getCountry" time="0.069" classname="com.domoyun.testCase.MainStart"/>
  <testcase name="getCountry" time="0.059" classname="com.domoyun.testCase.MainStart"/>
  <testcase name="getCountry" time="0.042" classname="com.domoyun.testCase.MainStart"/>
  <testcase name="getCountry" time="0.106" classname="com.domoyun.testCase.MainStart"/>
  <testcase name="getCountry" time="0.043" classname="com.domoyun.testCase.MainStart"/>
  <testcase name="getCountry" time="0.043" classname="com.domoyun.testCase.MainStart"/>
  <testcase name="getCountry" time="0.043" classname="com.domoyun.testCase.MainStart"/>
  <testcase name="getCountry" time="0.041" classname="com.domoyun.testCase.MainStart"/>
  <testcase name="getCountry" time="0.046" classname="com.domoyun.testCase.MainStart"/>
  <testcase name="getCountry" time="0.057" classname="com.domoyun.testCase.MainStart"/>
  <testcase name="getCountry" time="0.043" classname="com.domoyun.testCase.MainStart"/>
  <testcase name="getCountry" time="0.043" classname="com.domoyun.testCase.MainStart"/>
  <testcase name="getCountry" time="0.042" classname="com.domoyun.testCase.MainStart"/>
  <testcase name="getCountry" time="0.042" classname="com.domoyun.testCase.MainStart"/>
  <testcase name="getCountry" time="0.043" classname="com.domoyun.testCase.MainStart"/>
  <testcase name="getCountry" time="0.05" classname="com.domoyun.testCase.MainStart"/>
  <testcase name="getCountry" time="0.045" classname="com.domoyun.testCase.MainStart"/>
  <testcase name="getCountry" time="0.048" classname="com.domoyun.testCase.MainStart"/>
  <testcase name="getCountry" time="0.048" classname="com.domoyun.testCase.MainStart"/>
  <testcase name="getCountry" time="0.009" classname="com.domoyun.testCase.MainStart">
    <failure type="java.lang.AssertionError" message="expected [true] but found [false]">
      <![CDATA[java.lang.AssertionError: expected [true] but found [false]
	at com.domoyun.testCase.MainStart.getCountry(MainStart.java:71)
... Removed 27 stack frames]]>
    </failure>
  </testcase> <!-- getCountry -->
  <testcase name="getCountry" time="0.346" classname="com.domoyun.testCase.MainStart">
    <failure type="java.lang.AssertionError" message="expected [true] but found [false]">
      <![CDATA[java.lang.AssertionError: expected [true] but found [false]
	at com.domoyun.testCase.MainStart.getCountry(MainStart.java:71)
... Removed 27 stack frames]]>
    </failure>
  </testcase> <!-- getCountry -->
  <testcase name="getCountry" time="0.296" classname="com.domoyun.testCase.MainStart">
    <failure type="java.lang.AssertionError" message="expected [true] but found [false]">
      <![CDATA[java.lang.AssertionError: expected [true] but found [false]
	at com.domoyun.testCase.MainStart.getCountry(MainStart.java:71)
... Removed 27 stack frames]]>
    </failure>
  </testcase> <!-- getCountry -->
  <testcase name="getCountry" time="0.138" classname="com.domoyun.testCase.MainStart">
    <failure type="java.lang.AssertionError" message="expected [true] but found [false]">
      <![CDATA[java.lang.AssertionError: expected [true] but found [false]
	at com.domoyun.testCase.MainStart.getCountry(MainStart.java:71)
... Removed 27 stack frames]]>
    </failure>
  </testcase> <!-- getCountry -->
  <testcase name="getCountry" time="0.058" classname="com.domoyun.testCase.MainStart">
    <failure type="java.lang.AssertionError" message="expected [true] but found [false]">
      <![CDATA[java.lang.AssertionError: expected [true] but found [false]
	at com.domoyun.testCase.MainStart.getCountry(MainStart.java:71)
... Removed 27 stack frames]]>
    </failure>
  </testcase> <!-- getCountry -->
  <testcase name="getCountry" time="0.048" classname="com.domoyun.testCase.MainStart">
    <failure type="java.lang.AssertionError" message="expected [true] but found [false]">
      <![CDATA[java.lang.AssertionError: expected [true] but found [false]
	at com.domoyun.testCase.MainStart.getCountry(MainStart.java:71)
... Removed 27 stack frames]]>
    </failure>
  </testcase> <!-- getCountry -->
  <testcase name="getCountry" time="0.026" classname="com.domoyun.testCase.MainStart">
    <failure type="java.lang.AssertionError" message="expected [true] but found [false]">
      <![CDATA[java.lang.AssertionError: expected [true] but found [false]
	at com.domoyun.testCase.MainStart.getCountry(MainStart.java:71)
... Removed 27 stack frames]]>
    </failure>
  </testcase> <!-- getCountry -->
  <testcase name="getCountry" time="0.029" classname="com.domoyun.testCase.MainStart">
    <failure type="java.lang.AssertionError" message="expected [true] but found [false]">
      <![CDATA[java.lang.AssertionError: expected [true] but found [false]
	at com.domoyun.testCase.MainStart.getCountry(MainStart.java:71)
... Removed 27 stack frames]]>
    </failure>
  </testcase> <!-- getCountry -->
  <testcase name="getCountry" time="0.011" classname="com.domoyun.testCase.MainStart">
    <failure type="java.lang.AssertionError" message="expected [true] but found [false]">
      <![CDATA[java.lang.AssertionError: expected [true] but found [false]
	at com.domoyun.testCase.MainStart.getCountry(MainStart.java:71)
... Removed 27 stack frames]]>
    </failure>
  </testcase> <!-- getCountry -->
  <testcase name="getCountry" time="0.016" classname="com.domoyun.testCase.MainStart">
    <failure type="java.lang.AssertionError" message="expected [true] but found [false]">
      <![CDATA[java.lang.AssertionError: expected [true] but found [false]
	at com.domoyun.testCase.MainStart.getCountry(MainStart.java:71)
... Removed 27 stack frames]]>
    </failure>
  </testcase> <!-- getCountry -->
  <testcase name="getCountry" time="0.024" classname="com.domoyun.testCase.MainStart">
    <failure type="java.lang.AssertionError" message="expected [true] but found [false]">
      <![CDATA[java.lang.AssertionError: expected [true] but found [false]
	at com.domoyun.testCase.MainStart.getCountry(MainStart.java:71)
... Removed 27 stack frames]]>
    </failure>
  </testcase> <!-- getCountry -->
  <testcase name="getCountry" time="0.026" classname="com.domoyun.testCase.MainStart">
    <failure type="java.lang.AssertionError" message="expected [true] but found [false]">
      <![CDATA[java.lang.AssertionError: expected [true] but found [false]
	at com.domoyun.testCase.MainStart.getCountry(MainStart.java:71)
... Removed 27 stack frames]]>
    </failure>
  </testcase> <!-- getCountry -->
  <testcase name="getCountry" time="0.011" classname="com.domoyun.testCase.MainStart">
    <failure type="java.lang.AssertionError" message="expected [true] but found [false]">
      <![CDATA[java.lang.AssertionError: expected [true] but found [false]
	at com.domoyun.testCase.MainStart.getCountry(MainStart.java:71)
... Removed 27 stack frames]]>
    </failure>
  </testcase> <!-- getCountry -->
  <testcase name="getCountry" time="0.01" classname="com.domoyun.testCase.MainStart">
    <failure type="java.lang.AssertionError" message="expected [true] but found [false]">
      <![CDATA[java.lang.AssertionError: expected [true] but found [false]
	at com.domoyun.testCase.MainStart.getCountry(MainStart.java:71)
... Removed 27 stack frames]]>
    </failure>
  </testcase> <!-- getCountry -->
  <testcase name="getCountry" time="0.014" classname="com.domoyun.testCase.MainStart">
    <failure type="java.lang.AssertionError" message="expected [true] but found [false]">
      <![CDATA[java.lang.AssertionError: expected [true] but found [false]
	at com.domoyun.testCase.MainStart.getCountry(MainStart.java:71)
... Removed 27 stack frames]]>
    </failure>
  </testcase> <!-- getCountry -->
  <testcase name="getCountry" time="0.011" classname="com.domoyun.testCase.MainStart">
    <failure type="java.lang.AssertionError" message="expected [true] but found [false]">
      <![CDATA[java.lang.AssertionError: expected [true] but found [false]
	at com.domoyun.testCase.MainStart.getCountry(MainStart.java:71)
... Removed 27 stack frames]]>
    </failure>
  </testcase> <!-- getCountry -->
  <testcase name="getCountry" time="0.01" classname="com.domoyun.testCase.MainStart">
    <failure type="java.lang.AssertionError" message="expected [true] but found [false]">
      <![CDATA[java.lang.AssertionError: expected [true] but found [false]
	at com.domoyun.testCase.MainStart.getCountry(MainStart.java:71)
... Removed 27 stack frames]]>
    </failure>
  </testcase> <!-- getCountry -->
  <testcase name="getCountry" time="0.009" classname="com.domoyun.testCase.MainStart">
    <failure type="java.lang.AssertionError" message="expected [true] but found [false]">
      <![CDATA[java.lang.AssertionError: expected [true] but found [false]
	at com.domoyun.testCase.MainStart.getCountry(MainStart.java:71)
... Removed 27 stack frames]]>
    </failure>
  </testcase> <!-- getCountry -->
  <testcase name="getCountry" time="0.01" classname="com.domoyun.testCase.MainStart">
    <failure type="java.lang.AssertionError" message="expected [true] but found [false]">
      <![CDATA[java.lang.AssertionError: expected [true] but found [false]
	at com.domoyun.testCase.MainStart.getCountry(MainStart.java:71)
... Removed 27 stack frames]]>
    </failure>
  </testcase> <!-- getCountry -->
  <testcase name="getCountry" time="0.009" classname="com.domoyun.testCase.MainStart">
    <failure type="java.lang.AssertionError" message="expected [true] but found [false]">
      <![CDATA[java.lang.AssertionError: expected [true] but found [false]
	at com.domoyun.testCase.MainStart.getCountry(MainStart.java:71)
... Removed 27 stack frames]]>
    </failure>
  </testcase> <!-- getCountry -->
  <testcase name="getCountry" time="0.083" classname="com.domoyun.testCase.MainStart">
    <failure type="java.lang.AssertionError" message="expected [true] but found [false]">
      <![CDATA[java.lang.AssertionError: expected [true] but found [false]
	at com.domoyun.testCase.MainStart.getCountry(MainStart.java:71)
... Removed 27 stack frames]]>
    </failure>
  </testcase> <!-- getCountry -->
  <testcase name="getCountry" time="0.009" classname="com.domoyun.testCase.MainStart">
    <failure type="java.lang.AssertionError" message="expected [true] but found [false]">
      <![CDATA[java.lang.AssertionError: expected [true] but found [false]
	at com.domoyun.testCase.MainStart.getCountry(MainStart.java:71)
... Removed 27 stack frames]]>
    </failure>
  </testcase> <!-- getCountry -->
  <testcase name="getCountry" time="0.009" classname="com.domoyun.testCase.MainStart">
    <failure type="java.lang.AssertionError" message="expected [true] but found [false]">
      <![CDATA[java.lang.AssertionError: expected [true] but found [false]
	at com.domoyun.testCase.MainStart.getCountry(MainStart.java:71)
... Removed 27 stack frames]]>
    </failure>
  </testcase> <!-- getCountry -->
  <testcase name="getCountry" time="0.009" classname="com.domoyun.testCase.MainStart">
    <failure type="java.lang.AssertionError" message="expected [true] but found [false]">
      <![CDATA[java.lang.AssertionError: expected [true] but found [false]
	at com.domoyun.testCase.MainStart.getCountry(MainStart.java:71)
... Removed 27 stack frames]]>
    </failure>
  </testcase> <!-- getCountry -->
  <testcase name="getCountry" time="0.011" classname="com.domoyun.testCase.MainStart">
    <failure type="java.lang.AssertionError" message="expected [true] but found [false]">
      <![CDATA[java.lang.AssertionError: expected [true] but found [false]
	at com.domoyun.testCase.MainStart.getCountry(MainStart.java:71)
... Removed 27 stack frames]]>
    </failure>
  </testcase> <!-- getCountry -->
  <testcase name="getCountry" time="0.011" classname="com.domoyun.testCase.MainStart">
    <failure type="java.lang.AssertionError" message="expected [true] but found [false]">
      <![CDATA[java.lang.AssertionError: expected [true] but found [false]
	at com.domoyun.testCase.MainStart.getCountry(MainStart.java:71)
... Removed 27 stack frames]]>
    </failure>
  </testcase> <!-- getCountry -->
  <testcase name="getCountry" time="0.012" classname="com.domoyun.testCase.MainStart">
    <failure type="java.lang.AssertionError" message="expected [true] but found [false]">
      <![CDATA[java.lang.AssertionError: expected [true] but found [false]
	at com.domoyun.testCase.MainStart.getCountry(MainStart.java:71)
... Removed 27 stack frames]]>
    </failure>
  </testcase> <!-- getCountry -->
  <testcase name="getCountry" time="0.011" classname="com.domoyun.testCase.MainStart">
    <failure type="java.lang.AssertionError" message="expected [true] but found [false]">
      <![CDATA[java.lang.AssertionError: expected [true] but found [false]
	at com.domoyun.testCase.MainStart.getCountry(MainStart.java:71)
... Removed 27 stack frames]]>
    </failure>
  </testcase> <!-- getCountry -->
  <testcase name="getCountry" time="0.009" classname="com.domoyun.testCase.MainStart">
    <failure type="java.lang.AssertionError" message="expected [true] but found [false]">
      <![CDATA[java.lang.AssertionError: expected [true] but found [false]
	at com.domoyun.testCase.MainStart.getCountry(MainStart.java:71)
... Removed 27 stack frames]]>
    </failure>
  </testcase> <!-- getCountry -->
  <testcase name="getCountry" time="0.008" classname="com.domoyun.testCase.MainStart">
    <failure type="java.lang.AssertionError" message="expected [true] but found [false]">
      <![CDATA[java.lang.AssertionError: expected [true] but found [false]
	at com.domoyun.testCase.MainStart.getCountry(MainStart.java:71)
... Removed 27 stack frames]]>
    </failure>
  </testcase> <!-- getCountry -->
  <testcase name="getCountry" time="0.011" classname="com.domoyun.testCase.MainStart">
    <failure type="java.lang.AssertionError" message="expected [true] but found [false]">
      <![CDATA[java.lang.AssertionError: expected [true] but found [false]
	at com.domoyun.testCase.MainStart.getCountry(MainStart.java:71)
... Removed 27 stack frames]]>
    </failure>
  </testcase> <!-- getCountry -->
  <testcase name="getCountry" time="0.013" classname="com.domoyun.testCase.MainStart">
    <failure type="java.lang.AssertionError" message="expected [true] but found [false]">
      <![CDATA[java.lang.AssertionError: expected [true] but found [false]
	at com.domoyun.testCase.MainStart.getCountry(MainStart.java:71)
... Removed 27 stack frames]]>
    </failure>
  </testcase> <!-- getCountry -->
</testsuite> <!-- getCountry -->
