<?xml version="1.0" encoding="UTF-8"?>
<!-- Generated by org.testng.reporters.JUnitXMLReporter -->
<testsuite hostname="DESKTOP-KKIAIRI" name="getRegion" tests="60" failures="11" timestamp="15 Apr 2019 11:05:35 GMT" time="17.917" errors="0">
  <testcase name="test_case" time="2.324" classname="com.domoyun.testCase.All_Test_Case2">
    <failure type="java.lang.AssertionError" message="expected [true] but found [false]">
      <![CDATA[java.lang.AssertionError: expected [true] but found [false]
	at com.domoyun.testCase.All_Test_Case2.test_case(All_Test_Case2.java:73)
... Removed 28 stack frames]]>
    </failure>
  </testcase> <!-- test_case -->
  <testcase name="test_case" time="0.031" classname="com.domoyun.testCase.All_Test_Case2">
    <failure type="java.lang.AssertionError" message="expected [true] but found [false]">
      <![CDATA[java.lang.AssertionError: expected [true] but found [false]
	at com.domoyun.testCase.All_Test_Case2.test_case(All_Test_Case2.java:73)
... Removed 28 stack frames]]>
    </failure>
  </testcase> <!-- test_case -->
  <testcase name="test_case" time="0.028" classname="com.domoyun.testCase.All_Test_Case2">
    <failure type="java.lang.AssertionError" message="expected [true] but found [false]">
      <![CDATA[java.lang.AssertionError: expected [true] but found [false]
	at com.domoyun.testCase.All_Test_Case2.test_case(All_Test_Case2.java:73)
... Removed 28 stack frames]]>
    </failure>
  </testcase> <!-- test_case -->
  <testcase name="test_case" time="0.026" classname="com.domoyun.testCase.All_Test_Case2">
    <failure type="java.lang.AssertionError" message="expected [true] but found [false]">
      <![CDATA[java.lang.AssertionError: expected [true] but found [false]
	at com.domoyun.testCase.All_Test_Case2.test_case(All_Test_Case2.java:73)
... Removed 28 stack frames]]>
    </failure>
  </testcase> <!-- test_case -->
  <testcase name="test_case" time="0.021" classname="com.domoyun.testCase.All_Test_Case2">
    <failure type="java.lang.AssertionError" message="expected [true] but found [false]">
      <![CDATA[java.lang.AssertionError: expected [true] but found [false]
	at com.domoyun.testCase.All_Test_Case2.test_case(All_Test_Case2.java:73)
... Removed 28 stack frames]]>
    </failure>
  </testcase> <!-- test_case -->
  <testcase name="test_case" time="0.025" classname="com.domoyun.testCase.All_Test_Case2">
    <failure type="java.lang.AssertionError" message="expected [true] but found [false]">
      <![CDATA[java.lang.AssertionError: expected [true] but found [false]
	at com.domoyun.testCase.All_Test_Case2.test_case(All_Test_Case2.java:73)
... Removed 28 stack frames]]>
    </failure>
  </testcase> <!-- test_case -->
  <testcase name="test_case" time="0.03" classname="com.domoyun.testCase.All_Test_Case2">
    <failure type="java.lang.AssertionError" message="expected [true] but found [false]">
      <![CDATA[java.lang.AssertionError: expected [true] but found [false]
	at com.domoyun.testCase.All_Test_Case2.test_case(All_Test_Case2.java:73)
... Removed 28 stack frames]]>
    </failure>
  </testcase> <!-- test_case -->
  <testcase name="test_case" time="5.473" classname="com.domoyun.testCase.All_Test_Case2"/>
  <testcase name="test_case" time="0.177" classname="com.domoyun.testCase.All_Test_Case2"/>
  <testcase name="test_case" time="0.198" classname="com.domoyun.testCase.All_Test_Case2"/>
  <testcase name="test_case" time="0.165" classname="com.domoyun.testCase.All_Test_Case2"/>
  <testcase name="test_case" time="0.187" classname="com.domoyun.testCase.All_Test_Case2"/>
  <testcase name="test_case" time="0.172" classname="com.domoyun.testCase.All_Test_Case2"/>
  <testcase name="test_case" time="0.189" classname="com.domoyun.testCase.All_Test_Case2"/>
  <testcase name="test_case" time="0.188" classname="com.domoyun.testCase.All_Test_Case2"/>
  <testcase name="test_case" time="0.129" classname="com.domoyun.testCase.All_Test_Case2"/>
  <testcase name="test_case" time="0.171" classname="com.domoyun.testCase.All_Test_Case2"/>
  <testcase name="test_case" time="0.137" classname="com.domoyun.testCase.All_Test_Case2"/>
  <testcase name="test_case" time="0.448" classname="com.domoyun.testCase.All_Test_Case2"/>
  <testcase name="test_case" time="0.183" classname="com.domoyun.testCase.All_Test_Case2"/>
  <testcase name="test_case" time="0.17" classname="com.domoyun.testCase.All_Test_Case2"/>
  <testcase name="test_case" time="0.183" classname="com.domoyun.testCase.All_Test_Case2"/>
  <testcase name="test_case" time="0.182" classname="com.domoyun.testCase.All_Test_Case2"/>
  <testcase name="test_case" time="0.181" classname="com.domoyun.testCase.All_Test_Case2"/>
  <testcase name="test_case" time="0.179" classname="com.domoyun.testCase.All_Test_Case2"/>
  <testcase name="test_case" time="0.192" classname="com.domoyun.testCase.All_Test_Case2"/>
  <testcase name="test_case" time="0.178" classname="com.domoyun.testCase.All_Test_Case2"/>
  <testcase name="test_case" time="0.188" classname="com.domoyun.testCase.All_Test_Case2"/>
  <testcase name="test_case" time="0.169" classname="com.domoyun.testCase.All_Test_Case2"/>
  <testcase name="test_case" time="0.186" classname="com.domoyun.testCase.All_Test_Case2"/>
  <testcase name="test_case" time="0.204" classname="com.domoyun.testCase.All_Test_Case2"/>
  <testcase name="test_case" time="0.211" classname="com.domoyun.testCase.All_Test_Case2"/>
  <testcase name="test_case" time="0.184" classname="com.domoyun.testCase.All_Test_Case2"/>
  <testcase name="test_case" time="0.173" classname="com.domoyun.testCase.All_Test_Case2"/>
  <testcase name="test_case" time="0.185" classname="com.domoyun.testCase.All_Test_Case2"/>
  <testcase name="test_case" time="0.181" classname="com.domoyun.testCase.All_Test_Case2"/>
  <testcase name="test_case" time="0.174" classname="com.domoyun.testCase.All_Test_Case2"/>
  <testcase name="test_case" time="0.119" classname="com.domoyun.testCase.All_Test_Case2"/>
  <testcase name="test_case" time="0.171" classname="com.domoyun.testCase.All_Test_Case2"/>
  <testcase name="test_case" time="0.182" classname="com.domoyun.testCase.All_Test_Case2"/>
  <testcase name="test_case" time="0.172" classname="com.domoyun.testCase.All_Test_Case2"/>
  <testcase name="test_case" time="0.167" classname="com.domoyun.testCase.All_Test_Case2"/>
  <testcase name="test_case" time="0.183" classname="com.domoyun.testCase.All_Test_Case2"/>
  <testcase name="test_case" time="0.178" classname="com.domoyun.testCase.All_Test_Case2"/>
  <testcase name="test_case" time="0.179" classname="com.domoyun.testCase.All_Test_Case2"/>
  <testcase name="test_case" time="0.211" classname="com.domoyun.testCase.All_Test_Case2"/>
  <testcase name="test_case" time="0.2" classname="com.domoyun.testCase.All_Test_Case2"/>
  <testcase name="test_case" time="0.168" classname="com.domoyun.testCase.All_Test_Case2"/>
  <testcase name="test_case" time="0.122" classname="com.domoyun.testCase.All_Test_Case2"/>
  <testcase name="test_case" time="0.17" classname="com.domoyun.testCase.All_Test_Case2"/>
  <testcase name="test_case" time="0.17" classname="com.domoyun.testCase.All_Test_Case2"/>
  <testcase name="test_case" time="0.318" classname="com.domoyun.testCase.All_Test_Case2"/>
  <testcase name="test_case" time="0.113" classname="com.domoyun.testCase.All_Test_Case2"/>
  <testcase name="test_case" time="0.182" classname="com.domoyun.testCase.All_Test_Case2"/>
  <testcase name="test_case" time="0.168" classname="com.domoyun.testCase.All_Test_Case2"/>
  <testcase name="test_case" time="0.175" classname="com.domoyun.testCase.All_Test_Case2"/>
  <testcase name="test_case" time="0.296" classname="com.domoyun.testCase.All_Test_Case2">
    <failure type="java.lang.AssertionError" message="expected [true] but found [false]">
      <![CDATA[java.lang.AssertionError: expected [true] but found [false]
	at com.domoyun.testCase.All_Test_Case2.test_case(All_Test_Case2.java:73)
... Removed 27 stack frames]]>
    </failure>
  </testcase> <!-- test_case -->
  <testcase name="test_case" time="0.167" classname="com.domoyun.testCase.All_Test_Case2">
    <failure type="java.lang.AssertionError" message="expected [true] but found [false]">
      <![CDATA[java.lang.AssertionError: expected [true] but found [false]
	at com.domoyun.testCase.All_Test_Case2.test_case(All_Test_Case2.java:73)
... Removed 27 stack frames]]>
    </failure>
  </testcase> <!-- test_case -->
  <testcase name="test_case" time="0.164" classname="com.domoyun.testCase.All_Test_Case2">
    <failure type="java.lang.AssertionError" message="expected [true] but found [false]">
      <![CDATA[java.lang.AssertionError: expected [true] but found [false]
	at com.domoyun.testCase.All_Test_Case2.test_case(All_Test_Case2.java:73)
... Removed 27 stack frames]]>
    </failure>
  </testcase> <!-- test_case -->
  <testcase name="test_case" time="0.171" classname="com.domoyun.testCase.All_Test_Case2">
    <failure type="java.lang.AssertionError" message="expected [true] but found [false]">
      <![CDATA[java.lang.AssertionError: expected [true] but found [false]
	at com.domoyun.testCase.All_Test_Case2.test_case(All_Test_Case2.java:73)
... Removed 27 stack frames]]>
    </failure>
  </testcase> <!-- test_case -->
</testsuite> <!-- getRegion -->
