<?xml version="1.0" encoding="UTF-8"?>
<!-- Generated by org.testng.reporters.JUnitXMLReporter -->
<testsuite hostname="DESKTOP-KKIAIRI" name="getRegionForReceiving" tests="1" failures="1" timestamp="15 Apr 2019 12:54:03 GMT" time="2.073" errors="0">
  <testcase name="test_case" time="1.551" classname="com.domoyun.testCase.All_Test_Case3">
    <failure type="java.lang.AssertionError" message="expected [true] but found [false]">
      <![CDATA[java.lang.AssertionError: expected [true] but found [false]
	at com.domoyun.testCase.All_Test_Case3.test_case(All_Test_Case3.java:66)
... Removed 28 stack frames]]>
    </failure>
  </testcase> <!-- test_case -->
</testsuite> <!-- getRegionForReceiving -->
