<?xml version="1.0" encoding="UTF-8"?>
<!-- Generated by org.testng.reporters.JUnitXMLReporter -->
<testsuite hostname="DESKTOP-KKIAIRI" name="lemon api auto testing" tests="119" failures="18" timestamp="13 Apr 2019 08:03:06 GMT" time="9.199" errors="0">
  <testcase name="test_case" time="0.815" classname="com.domoyun.testCase.All_Test_Case">
    <failure type="java.lang.AssertionError" message="expected [true] but found [false]">
      <![CDATA[java.lang.AssertionError: expected [true] but found [false]
	at com.domoyun.testCase.All_Test_Case.test_case(All_Test_Case.java:173)
... Removed 28 stack frames]]>
    </failure>
  </testcase> <!-- test_case -->
  <testcase name="test_case" time="0.028" classname="com.domoyun.testCase.All_Test_Case">
    <failure type="java.lang.AssertionError" message="expected [true] but found [false]">
      <![CDATA[java.lang.AssertionError: expected [true] but found [false]
	at com.domoyun.testCase.All_Test_Case.test_case(All_Test_Case.java:173)
... Removed 28 stack frames]]>
    </failure>
  </testcase> <!-- test_case -->
  <testcase name="test_case" time="0.017" classname="com.domoyun.testCase.All_Test_Case">
    <failure type="java.lang.AssertionError" message="expected [true] but found [false]">
      <![CDATA[java.lang.AssertionError: expected [true] but found [false]
	at com.domoyun.testCase.All_Test_Case.test_case(All_Test_Case.java:173)
... Removed 28 stack frames]]>
    </failure>
  </testcase> <!-- test_case -->
  <testcase name="test_case" time="0.017" classname="com.domoyun.testCase.All_Test_Case">
    <failure type="java.lang.AssertionError" message="expected [true] but found [false]">
      <![CDATA[java.lang.AssertionError: expected [true] but found [false]
	at com.domoyun.testCase.All_Test_Case.test_case(All_Test_Case.java:173)
... Removed 28 stack frames]]>
    </failure>
  </testcase> <!-- test_case -->
  <testcase name="test_case" time="0.013" classname="com.domoyun.testCase.All_Test_Case">
    <failure type="java.lang.AssertionError" message="expected [true] but found [false]">
      <![CDATA[java.lang.AssertionError: expected [true] but found [false]
	at com.domoyun.testCase.All_Test_Case.test_case(All_Test_Case.java:173)
... Removed 28 stack frames]]>
    </failure>
  </testcase> <!-- test_case -->
  <testcase name="test_case" time="0.022" classname="com.domoyun.testCase.All_Test_Case">
    <failure type="java.lang.AssertionError" message="expected [true] but found [false]">
      <![CDATA[java.lang.AssertionError: expected [true] but found [false]
	at com.domoyun.testCase.All_Test_Case.test_case(All_Test_Case.java:173)
... Removed 28 stack frames]]>
    </failure>
  </testcase> <!-- test_case -->
  <testcase name="test_case" time="0.043" classname="com.domoyun.testCase.All_Test_Case"/>
  <testcase name="test_case" time="0.053" classname="com.domoyun.testCase.All_Test_Case"/>
  <testcase name="test_case" time="0.054" classname="com.domoyun.testCase.All_Test_Case"/>
  <testcase name="test_case" time="0.041" classname="com.domoyun.testCase.All_Test_Case"/>
  <testcase name="test_case" time="0.07" classname="com.domoyun.testCase.All_Test_Case"/>
  <testcase name="test_case" time="0.045" classname="com.domoyun.testCase.All_Test_Case"/>
  <testcase name="test_case" time="0.056" classname="com.domoyun.testCase.All_Test_Case"/>
  <testcase name="test_case" time="0.201" classname="com.domoyun.testCase.All_Test_Case"/>
  <testcase name="test_case" time="0.189" classname="com.domoyun.testCase.All_Test_Case"/>
  <testcase name="test_case" time="0.058" classname="com.domoyun.testCase.All_Test_Case"/>
  <testcase name="test_case" time="0.077" classname="com.domoyun.testCase.All_Test_Case"/>
  <testcase name="test_case" time="0.065" classname="com.domoyun.testCase.All_Test_Case"/>
  <testcase name="test_case" time="0.059" classname="com.domoyun.testCase.All_Test_Case"/>
  <testcase name="test_case" time="0.064" classname="com.domoyun.testCase.All_Test_Case"/>
  <testcase name="test_case" time="0.052" classname="com.domoyun.testCase.All_Test_Case"/>
  <testcase name="test_case" time="0.042" classname="com.domoyun.testCase.All_Test_Case"/>
  <testcase name="test_case" time="0.155" classname="com.domoyun.testCase.All_Test_Case"/>
  <testcase name="test_case" time="0.249" classname="com.domoyun.testCase.All_Test_Case"/>
  <testcase name="test_case" time="0.045" classname="com.domoyun.testCase.All_Test_Case"/>
  <testcase name="test_case" time="0.049" classname="com.domoyun.testCase.All_Test_Case"/>
  <testcase name="test_case" time="0.058" classname="com.domoyun.testCase.All_Test_Case"/>
  <testcase name="test_case" time="0.059" classname="com.domoyun.testCase.All_Test_Case"/>
  <testcase name="test_case" time="0.045" classname="com.domoyun.testCase.All_Test_Case"/>
  <testcase name="test_case" time="0.054" classname="com.domoyun.testCase.All_Test_Case"/>
  <testcase name="test_case" time="0.053" classname="com.domoyun.testCase.All_Test_Case"/>
  <testcase name="test_case" time="0.065" classname="com.domoyun.testCase.All_Test_Case"/>
  <testcase name="test_case" time="0.063" classname="com.domoyun.testCase.All_Test_Case"/>
  <testcase name="test_case" time="0.065" classname="com.domoyun.testCase.All_Test_Case"/>
  <testcase name="test_case" time="0.063" classname="com.domoyun.testCase.All_Test_Case"/>
  <testcase name="test_case" time="0.077" classname="com.domoyun.testCase.All_Test_Case"/>
  <testcase name="test_case" time="0.085" classname="com.domoyun.testCase.All_Test_Case"/>
  <testcase name="test_case" time="0.045" classname="com.domoyun.testCase.All_Test_Case"/>
  <testcase name="test_case" time="0.053" classname="com.domoyun.testCase.All_Test_Case"/>
  <testcase name="test_case" time="0.049" classname="com.domoyun.testCase.All_Test_Case"/>
  <testcase name="test_case" time="0.039" classname="com.domoyun.testCase.All_Test_Case"/>
  <testcase name="test_case" time="0.037" classname="com.domoyun.testCase.All_Test_Case"/>
  <testcase name="test_case" time="0.031" classname="com.domoyun.testCase.All_Test_Case"/>
  <testcase name="test_case" time="0.04" classname="com.domoyun.testCase.All_Test_Case"/>
  <testcase name="test_case" time="0.048" classname="com.domoyun.testCase.All_Test_Case"/>
  <testcase name="test_case" time="0.044" classname="com.domoyun.testCase.All_Test_Case"/>
  <testcase name="test_case" time="0.041" classname="com.domoyun.testCase.All_Test_Case"/>
  <testcase name="test_case" time="0.041" classname="com.domoyun.testCase.All_Test_Case"/>
  <testcase name="test_case" time="0.047" classname="com.domoyun.testCase.All_Test_Case"/>
  <testcase name="test_case" time="0.04" classname="com.domoyun.testCase.All_Test_Case"/>
  <testcase name="test_case" time="0.034" classname="com.domoyun.testCase.All_Test_Case"/>
  <testcase name="test_case" time="0.061" classname="com.domoyun.testCase.All_Test_Case"/>
  <testcase name="test_case" time="0.096" classname="com.domoyun.testCase.All_Test_Case"/>
  <testcase name="test_case" time="0.136" classname="com.domoyun.testCase.All_Test_Case"/>
  <testcase name="test_case" time="0.043" classname="com.domoyun.testCase.All_Test_Case"/>
  <testcase name="test_case" time="0.164" classname="com.domoyun.testCase.All_Test_Case"/>
  <testcase name="test_case" time="0.097" classname="com.domoyun.testCase.All_Test_Case"/>
  <testcase name="test_case" time="0.122" classname="com.domoyun.testCase.All_Test_Case">
    <failure type="java.lang.AssertionError" message="expected [true] but found [false]">
      <![CDATA[java.lang.AssertionError: expected [true] but found [false]
	at com.domoyun.testCase.All_Test_Case.test_case(All_Test_Case.java:173)
... Removed 27 stack frames]]>
    </failure>
  </testcase> <!-- test_case -->
  <testcase name="test_case" time="0.058" classname="com.domoyun.testCase.All_Test_Case">
    <failure type="java.lang.AssertionError" message="expected [true] but found [false]">
      <![CDATA[java.lang.AssertionError: expected [true] but found [false]
	at com.domoyun.testCase.All_Test_Case.test_case(All_Test_Case.java:173)
... Removed 27 stack frames]]>
    </failure>
  </testcase> <!-- test_case -->
  <testcase name="test_case" time="0.052" classname="com.domoyun.testCase.All_Test_Case">
    <failure type="java.lang.AssertionError" message="expected [true] but found [false]">
      <![CDATA[java.lang.AssertionError: expected [true] but found [false]
	at com.domoyun.testCase.All_Test_Case.test_case(All_Test_Case.java:173)
... Removed 27 stack frames]]>
    </failure>
  </testcase> <!-- test_case -->
  <testcase name="test_case" time="0.04" classname="com.domoyun.testCase.All_Test_Case2">
    <failure type="java.lang.AssertionError" message="expected [true] but found [false]">
      <![CDATA[java.lang.AssertionError: expected [true] but found [false]
	at com.domoyun.testCase.All_Test_Case2.test_case(All_Test_Case2.java:72)
... Removed 28 stack frames]]>
    </failure>
  </testcase> <!-- test_case -->
  <testcase name="test_case" time="0.024" classname="com.domoyun.testCase.All_Test_Case2">
    <failure type="java.lang.AssertionError" message="expected [true] but found [false]">
      <![CDATA[java.lang.AssertionError: expected [true] but found [false]
	at com.domoyun.testCase.All_Test_Case2.test_case(All_Test_Case2.java:72)
... Removed 28 stack frames]]>
    </failure>
  </testcase> <!-- test_case -->
  <testcase name="test_case" time="0.035" classname="com.domoyun.testCase.All_Test_Case2">
    <failure type="java.lang.AssertionError" message="expected [true] but found [false]">
      <![CDATA[java.lang.AssertionError: expected [true] but found [false]
	at com.domoyun.testCase.All_Test_Case2.test_case(All_Test_Case2.java:72)
... Removed 28 stack frames]]>
    </failure>
  </testcase> <!-- test_case -->
  <testcase name="test_case" time="0.02" classname="com.domoyun.testCase.All_Test_Case2">
    <failure type="java.lang.AssertionError" message="expected [true] but found [false]">
      <![CDATA[java.lang.AssertionError: expected [true] but found [false]
	at com.domoyun.testCase.All_Test_Case2.test_case(All_Test_Case2.java:72)
... Removed 28 stack frames]]>
    </failure>
  </testcase> <!-- test_case -->
  <testcase name="test_case" time="0.016" classname="com.domoyun.testCase.All_Test_Case2">
    <failure type="java.lang.AssertionError" message="expected [true] but found [false]">
      <![CDATA[java.lang.AssertionError: expected [true] but found [false]
	at com.domoyun.testCase.All_Test_Case2.test_case(All_Test_Case2.java:72)
... Removed 28 stack frames]]>
    </failure>
  </testcase> <!-- test_case -->
  <testcase name="test_case" time="0.012" classname="com.domoyun.testCase.All_Test_Case2">
    <failure type="java.lang.AssertionError" message="expected [true] but found [false]">
      <![CDATA[java.lang.AssertionError: expected [true] but found [false]
	at com.domoyun.testCase.All_Test_Case2.test_case(All_Test_Case2.java:72)
... Removed 28 stack frames]]>
    </failure>
  </testcase> <!-- test_case -->
  <testcase name="test_case" time="0.141" classname="com.domoyun.testCase.All_Test_Case2"/>
  <testcase name="test_case" time="0.331" classname="com.domoyun.testCase.All_Test_Case2"/>
  <testcase name="test_case" time="0.182" classname="com.domoyun.testCase.All_Test_Case2"/>
  <testcase name="test_case" time="0.078" classname="com.domoyun.testCase.All_Test_Case2"/>
  <testcase name="test_case" time="0.046" classname="com.domoyun.testCase.All_Test_Case2"/>
  <testcase name="test_case" time="0.047" classname="com.domoyun.testCase.All_Test_Case2"/>
  <testcase name="test_case" time="0.054" classname="com.domoyun.testCase.All_Test_Case2"/>
  <testcase name="test_case" time="0.06" classname="com.domoyun.testCase.All_Test_Case2"/>
  <testcase name="test_case" time="0.067" classname="com.domoyun.testCase.All_Test_Case2"/>
  <testcase name="test_case" time="0.064" classname="com.domoyun.testCase.All_Test_Case2"/>
  <testcase name="test_case" time="0.062" classname="com.domoyun.testCase.All_Test_Case2"/>
  <testcase name="test_case" time="0.065" classname="com.domoyun.testCase.All_Test_Case2"/>
  <testcase name="test_case" time="0.059" classname="com.domoyun.testCase.All_Test_Case2"/>
  <testcase name="test_case" time="0.064" classname="com.domoyun.testCase.All_Test_Case2"/>
  <testcase name="test_case" time="0.06" classname="com.domoyun.testCase.All_Test_Case2"/>
  <testcase name="test_case" time="0.062" classname="com.domoyun.testCase.All_Test_Case2"/>
  <testcase name="test_case" time="0.066" classname="com.domoyun.testCase.All_Test_Case2"/>
  <testcase name="test_case" time="0.063" classname="com.domoyun.testCase.All_Test_Case2"/>
  <testcase name="test_case" time="0.072" classname="com.domoyun.testCase.All_Test_Case2"/>
  <testcase name="test_case" time="0.06" classname="com.domoyun.testCase.All_Test_Case2"/>
  <testcase name="test_case" time="0.051" classname="com.domoyun.testCase.All_Test_Case2"/>
  <testcase name="test_case" time="0.052" classname="com.domoyun.testCase.All_Test_Case2"/>
  <testcase name="test_case" time="0.056" classname="com.domoyun.testCase.All_Test_Case2"/>
  <testcase name="test_case" time="0.056" classname="com.domoyun.testCase.All_Test_Case2"/>
  <testcase name="test_case" time="0.059" classname="com.domoyun.testCase.All_Test_Case2"/>
  <testcase name="test_case" time="0.073" classname="com.domoyun.testCase.All_Test_Case2"/>
  <testcase name="test_case" time="0.055" classname="com.domoyun.testCase.All_Test_Case2"/>
  <testcase name="test_case" time="0.056" classname="com.domoyun.testCase.All_Test_Case2"/>
  <testcase name="test_case" time="0.057" classname="com.domoyun.testCase.All_Test_Case2"/>
  <testcase name="test_case" time="0.068" classname="com.domoyun.testCase.All_Test_Case2"/>
  <testcase name="test_case" time="0.063" classname="com.domoyun.testCase.All_Test_Case2"/>
  <testcase name="test_case" time="0.051" classname="com.domoyun.testCase.All_Test_Case2"/>
  <testcase name="test_case" time="0.057" classname="com.domoyun.testCase.All_Test_Case2"/>
  <testcase name="test_case" time="0.053" classname="com.domoyun.testCase.All_Test_Case2"/>
  <testcase name="test_case" time="0.048" classname="com.domoyun.testCase.All_Test_Case2"/>
  <testcase name="test_case" time="0.048" classname="com.domoyun.testCase.All_Test_Case2"/>
  <testcase name="test_case" time="0.048" classname="com.domoyun.testCase.All_Test_Case2"/>
  <testcase name="test_case" time="0.048" classname="com.domoyun.testCase.All_Test_Case2"/>
  <testcase name="test_case" time="0.056" classname="com.domoyun.testCase.All_Test_Case2"/>
  <testcase name="test_case" time="0.057" classname="com.domoyun.testCase.All_Test_Case2"/>
  <testcase name="test_case" time="0.036" classname="com.domoyun.testCase.All_Test_Case2"/>
  <testcase name="test_case" time="0.044" classname="com.domoyun.testCase.All_Test_Case2"/>
  <testcase name="test_case" time="0.048" classname="com.domoyun.testCase.All_Test_Case2"/>
  <testcase name="test_case" time="0.037" classname="com.domoyun.testCase.All_Test_Case2"/>
  <testcase name="test_case" time="0.041" classname="com.domoyun.testCase.All_Test_Case2"/>
  <testcase name="test_case" time="0.035" classname="com.domoyun.testCase.All_Test_Case2"/>
  <testcase name="test_case" time="0.039" classname="com.domoyun.testCase.All_Test_Case2"/>
  <testcase name="test_case" time="0.045" classname="com.domoyun.testCase.All_Test_Case2"/>
  <testcase name="test_case" time="0.039" classname="com.domoyun.testCase.All_Test_Case2"/>
  <testcase name="test_case" time="0.066" classname="com.domoyun.testCase.All_Test_Case2"/>
  <testcase name="test_case" time="0.05" classname="com.domoyun.testCase.All_Test_Case2">
    <failure type="java.lang.AssertionError" message="expected [true] but found [false]">
      <![CDATA[java.lang.AssertionError: expected [true] but found [false]
	at com.domoyun.testCase.All_Test_Case2.test_case(All_Test_Case2.java:72)
... Removed 27 stack frames]]>
    </failure>
  </testcase> <!-- test_case -->
  <testcase name="test_case" time="0.05" classname="com.domoyun.testCase.All_Test_Case2">
    <failure type="java.lang.AssertionError" message="expected [true] but found [false]">
      <![CDATA[java.lang.AssertionError: expected [true] but found [false]
	at com.domoyun.testCase.All_Test_Case2.test_case(All_Test_Case2.java:72)
... Removed 27 stack frames]]>
    </failure>
  </testcase> <!-- test_case -->
  <testcase name="test_case" time="0.042" classname="com.domoyun.testCase.All_Test_Case2">
    <failure type="java.lang.AssertionError" message="expected [true] but found [false]">
      <![CDATA[java.lang.AssertionError: expected [true] but found [false]
	at com.domoyun.testCase.All_Test_Case2.test_case(All_Test_Case2.java:72)
... Removed 27 stack frames]]>
    </failure>
  </testcase> <!-- test_case -->
</testsuite> <!-- lemon api auto testing -->
