<?xml version="1.0" encoding="UTF-8"?>
<!-- Generated by org.testng.reporters.JUnitXMLReporter -->
<testsuite hostname="DESKTOP-KKIAIRI" name="request_data" tests="60" failures="9" timestamp="15 Apr 2019 02:37:39 GMT" time="2.863" errors="0">
  <testcase name="test_case" time="0.013" classname="com.domoyun.testCase.All_Test_Case">
    <failure type="java.lang.AssertionError" message="expected [true] but found [false]">
      <![CDATA[java.lang.AssertionError: expected [true] but found [false]
	at com.domoyun.testCase.All_Test_Case.test_case(All_Test_Case.java:176)
... Removed 28 stack frames]]>
    </failure>
  </testcase> <!-- test_case -->
  <testcase name="test_case" time="0.014" classname="com.domoyun.testCase.All_Test_Case">
    <failure type="java.lang.AssertionError" message="expected [true] but found [false]">
      <![CDATA[java.lang.AssertionError: expected [true] but found [false]
	at com.domoyun.testCase.All_Test_Case.test_case(All_Test_Case.java:176)
... Removed 28 stack frames]]>
    </failure>
  </testcase> <!-- test_case -->
  <testcase name="test_case" time="0.012" classname="com.domoyun.testCase.All_Test_Case">
    <failure type="java.lang.AssertionError" message="expected [true] but found [false]">
      <![CDATA[java.lang.AssertionError: expected [true] but found [false]
	at com.domoyun.testCase.All_Test_Case.test_case(All_Test_Case.java:176)
... Removed 28 stack frames]]>
    </failure>
  </testcase> <!-- test_case -->
  <testcase name="test_case" time="0.016" classname="com.domoyun.testCase.All_Test_Case">
    <failure type="java.lang.AssertionError" message="expected [true] but found [false]">
      <![CDATA[java.lang.AssertionError: expected [true] but found [false]
	at com.domoyun.testCase.All_Test_Case.test_case(All_Test_Case.java:176)
... Removed 28 stack frames]]>
    </failure>
  </testcase> <!-- test_case -->
  <testcase name="test_case" time="0.013" classname="com.domoyun.testCase.All_Test_Case">
    <failure type="java.lang.AssertionError" message="expected [true] but found [false]">
      <![CDATA[java.lang.AssertionError: expected [true] but found [false]
	at com.domoyun.testCase.All_Test_Case.test_case(All_Test_Case.java:176)
... Removed 28 stack frames]]>
    </failure>
  </testcase> <!-- test_case -->
  <testcase name="test_case" time="0.015" classname="com.domoyun.testCase.All_Test_Case">
    <failure type="java.lang.AssertionError" message="expected [true] but found [false]">
      <![CDATA[java.lang.AssertionError: expected [true] but found [false]
	at com.domoyun.testCase.All_Test_Case.test_case(All_Test_Case.java:176)
... Removed 28 stack frames]]>
    </failure>
  </testcase> <!-- test_case -->
  <testcase name="test_case" time="0.055" classname="com.domoyun.testCase.All_Test_Case"/>
  <testcase name="test_case" time="0.062" classname="com.domoyun.testCase.All_Test_Case"/>
  <testcase name="test_case" time="0.054" classname="com.domoyun.testCase.All_Test_Case"/>
  <testcase name="test_case" time="0.05" classname="com.domoyun.testCase.All_Test_Case"/>
  <testcase name="test_case" time="0.053" classname="com.domoyun.testCase.All_Test_Case"/>
  <testcase name="test_case" time="0.047" classname="com.domoyun.testCase.All_Test_Case"/>
  <testcase name="test_case" time="0.056" classname="com.domoyun.testCase.All_Test_Case"/>
  <testcase name="test_case" time="0.065" classname="com.domoyun.testCase.All_Test_Case"/>
  <testcase name="test_case" time="0.062" classname="com.domoyun.testCase.All_Test_Case"/>
  <testcase name="test_case" time="0.06" classname="com.domoyun.testCase.All_Test_Case"/>
  <testcase name="test_case" time="0.055" classname="com.domoyun.testCase.All_Test_Case"/>
  <testcase name="test_case" time="0.051" classname="com.domoyun.testCase.All_Test_Case"/>
  <testcase name="test_case" time="0.048" classname="com.domoyun.testCase.All_Test_Case"/>
  <testcase name="test_case" time="0.051" classname="com.domoyun.testCase.All_Test_Case"/>
  <testcase name="test_case" time="0.044" classname="com.domoyun.testCase.All_Test_Case"/>
  <testcase name="test_case" time="0.039" classname="com.domoyun.testCase.All_Test_Case"/>
  <testcase name="test_case" time="0.045" classname="com.domoyun.testCase.All_Test_Case"/>
  <testcase name="test_case" time="0.063" classname="com.domoyun.testCase.All_Test_Case"/>
  <testcase name="test_case" time="0.04" classname="com.domoyun.testCase.All_Test_Case"/>
  <testcase name="test_case" time="0.052" classname="com.domoyun.testCase.All_Test_Case"/>
  <testcase name="test_case" time="0.048" classname="com.domoyun.testCase.All_Test_Case"/>
  <testcase name="test_case" time="0.057" classname="com.domoyun.testCase.All_Test_Case"/>
  <testcase name="test_case" time="0.048" classname="com.domoyun.testCase.All_Test_Case"/>
  <testcase name="test_case" time="0.048" classname="com.domoyun.testCase.All_Test_Case"/>
  <testcase name="test_case" time="0.044" classname="com.domoyun.testCase.All_Test_Case"/>
  <testcase name="test_case" time="0.053" classname="com.domoyun.testCase.All_Test_Case"/>
  <testcase name="test_case" time="0.048" classname="com.domoyun.testCase.All_Test_Case"/>
  <testcase name="test_case" time="0.058" classname="com.domoyun.testCase.All_Test_Case"/>
  <testcase name="test_case" time="0.052" classname="com.domoyun.testCase.All_Test_Case"/>
  <testcase name="test_case" time="0.063" classname="com.domoyun.testCase.All_Test_Case"/>
  <testcase name="test_case" time="0.058" classname="com.domoyun.testCase.All_Test_Case"/>
  <testcase name="test_case" time="0.058" classname="com.domoyun.testCase.All_Test_Case"/>
  <testcase name="test_case" time="0.063" classname="com.domoyun.testCase.All_Test_Case"/>
  <testcase name="test_case" time="0.051" classname="com.domoyun.testCase.All_Test_Case"/>
  <testcase name="test_case" time="0.036" classname="com.domoyun.testCase.All_Test_Case"/>
  <testcase name="test_case" time="0.04" classname="com.domoyun.testCase.All_Test_Case"/>
  <testcase name="test_case" time="0.042" classname="com.domoyun.testCase.All_Test_Case"/>
  <testcase name="test_case" time="0.042" classname="com.domoyun.testCase.All_Test_Case"/>
  <testcase name="test_case" time="0.046" classname="com.domoyun.testCase.All_Test_Case"/>
  <testcase name="test_case" time="0.049" classname="com.domoyun.testCase.All_Test_Case"/>
  <testcase name="test_case" time="0.041" classname="com.domoyun.testCase.All_Test_Case"/>
  <testcase name="test_case" time="0.036" classname="com.domoyun.testCase.All_Test_Case"/>
  <testcase name="test_case" time="0.038" classname="com.domoyun.testCase.All_Test_Case"/>
  <testcase name="test_case" time="0.041" classname="com.domoyun.testCase.All_Test_Case"/>
  <testcase name="test_case" time="0.052" classname="com.domoyun.testCase.All_Test_Case"/>
  <testcase name="test_case" time="0.04" classname="com.domoyun.testCase.All_Test_Case"/>
  <testcase name="test_case" time="0.041" classname="com.domoyun.testCase.All_Test_Case"/>
  <testcase name="test_case" time="0.044" classname="com.domoyun.testCase.All_Test_Case"/>
  <testcase name="test_case" time="0.037" classname="com.domoyun.testCase.All_Test_Case"/>
  <testcase name="test_case" time="0.043" classname="com.domoyun.testCase.All_Test_Case"/>
  <testcase name="test_case" time="0.039" classname="com.domoyun.testCase.All_Test_Case"/>
  <testcase name="test_case" time="0.036" classname="com.domoyun.testCase.All_Test_Case">
    <failure type="java.lang.AssertionError" message="expected [true] but found [false]">
      <![CDATA[java.lang.AssertionError: expected [true] but found [false]
	at com.domoyun.testCase.All_Test_Case.test_case(All_Test_Case.java:176)
... Removed 27 stack frames]]>
    </failure>
  </testcase> <!-- test_case -->
  <testcase name="test_case" time="0.039" classname="com.domoyun.testCase.All_Test_Case">
    <failure type="java.lang.AssertionError" message="expected [true] but found [false]">
      <![CDATA[java.lang.AssertionError: expected [true] but found [false]
	at com.domoyun.testCase.All_Test_Case.test_case(All_Test_Case.java:176)
... Removed 27 stack frames]]>
    </failure>
  </testcase> <!-- test_case -->
  <testcase name="test_case" time="0.032" classname="com.domoyun.testCase.All_Test_Case">
    <failure type="java.lang.AssertionError" message="expected [true] but found [false]">
      <![CDATA[java.lang.AssertionError: expected [true] but found [false]
	at com.domoyun.testCase.All_Test_Case.test_case(All_Test_Case.java:176)
... Removed 27 stack frames]]>
    </failure>
  </testcase> <!-- test_case -->
</testsuite> <!-- request_data -->
